
=INFO REPORT==== 15-Mar-2013::13:02:44 ===
Starting Boss in development mode....

=INFO REPORT==== 15-Mar-2013::13:02:44 ===
Starting master services on cb_tutorial@asskovalev

=INFO REPORT==== 15-Mar-2013::13:02:44 ===
SSL:[]

=INFO REPORT==== 15-Mar-2013::13:02:44 ===
Loading routes from "/home/silence/devel/erlang/cb_tutorial/priv/cb_tutorial.routes" ....

=INFO REPORT==== 15-Mar-2013::13:02:46 ===
Loading routes from "/home/silence/devel/erlang/cb_tutorial/priv/cb_tutorial.routes" ....

=INFO REPORT==== 15-Mar-2013::13:02:47 ===
GET /member/login [cb_tutorial] 200 131ms

=INFO REPORT==== 15-Mar-2013::13:02:49 ===
Loading routes from "/home/silence/devel/erlang/cb_tutorial/priv/cb_tutorial.routes" ....

=INFO REPORT==== 15-Mar-2013::13:02:49 ===
GET /member/register [cb_tutorial] 200 108ms

=INFO REPORT==== 15-Mar-2013::13:02:54 ===
Loading routes from "/home/silence/devel/erlang/cb_tutorial/priv/cb_tutorial.routes" ....

=INFO REPORT==== 15-Mar-2013::13:02:54 ===
POST /member/register [cb_tutorial] 302 135ms

=INFO REPORT==== 15-Mar-2013::13:02:54 ===
Loading routes from "/home/silence/devel/erlang/cb_tutorial/priv/cb_tutorial.routes" ....

=INFO REPORT==== 15-Mar-2013::13:02:54 ===
GET /greeting/live [cb_tutorial] 200 97ms

=INFO REPORT==== 15-Mar-2013::13:02:55 ===
Loading routes from "/home/silence/devel/erlang/cb_tutorial/priv/cb_tutorial.routes" ....

=INFO REPORT==== 15-Mar-2013::13:02:59 ===
Loading routes from "/home/silence/devel/erlang/cb_tutorial/priv/cb_tutorial.routes" ....

=INFO REPORT==== 15-Mar-2013::13:03:00 ===
POST /greeting/push [cb_tutorial] 200 208ms

=INFO REPORT==== 15-Mar-2013::13:03:00 ===
GET /greeting/pull/1363338174535896 [cb_tutorial] 200 5076ms

=INFO REPORT==== 15-Mar-2013::13:03:00 ===
Loading routes from "/home/silence/devel/erlang/cb_tutorial/priv/cb_tutorial.routes" ....

=INFO REPORT==== 15-Mar-2013::13:03:07 ===
Loading routes from "/home/silence/devel/erlang/cb_tutorial/priv/cb_tutorial.routes" ....

=INFO REPORT==== 15-Mar-2013::13:03:07 ===
POST /greeting/push [cb_tutorial] 200 88ms

=INFO REPORT==== 15-Mar-2013::13:03:07 ===
GET /greeting/pull/1363338179996560 [cb_tutorial] 200 7241ms

=INFO REPORT==== 15-Mar-2013::13:03:08 ===
Loading routes from "/home/silence/devel/erlang/cb_tutorial/priv/cb_tutorial.routes" ....
