
=INFO REPORT==== 15-Mar-2013::13:05:04 ===
Starting Boss in development mode....

=INFO REPORT==== 15-Mar-2013::13:05:04 ===
Starting master services on cb_tutorial@asskovalev

=INFO REPORT==== 15-Mar-2013::13:05:04 ===
SSL:[]

=INFO REPORT==== 15-Mar-2013::13:05:04 ===
Loading routes from "/home/silence/devel/erlang/cb_tutorial/priv/cb_tutorial.routes" ....

=INFO REPORT==== 15-Mar-2013::13:05:17 ===
Loading routes from "/home/silence/devel/erlang/cb_tutorial/priv/cb_tutorial.routes" ....

=INFO REPORT==== 15-Mar-2013::13:05:17 ===
GET /greeting/live [cb_tutorial] 302 85ms

=INFO REPORT==== 15-Mar-2013::13:05:17 ===
Loading routes from "/home/silence/devel/erlang/cb_tutorial/priv/cb_tutorial.routes" ....

=INFO REPORT==== 15-Mar-2013::13:05:17 ===
GET /member/login [cb_tutorial] 200 84ms

=INFO REPORT==== 15-Mar-2013::13:05:19 ===
Loading routes from "/home/silence/devel/erlang/cb_tutorial/priv/cb_tutorial.routes" ....

=INFO REPORT==== 15-Mar-2013::13:05:19 ===
GET /member/register [cb_tutorial] 200 94ms

=INFO REPORT==== 15-Mar-2013::13:05:24 ===
Loading routes from "/home/silence/devel/erlang/cb_tutorial/priv/cb_tutorial.routes" ....

=INFO REPORT==== 15-Mar-2013::13:05:24 ===
POST /member/register [cb_tutorial] 302 109ms

=INFO REPORT==== 15-Mar-2013::13:05:24 ===
Loading routes from "/home/silence/devel/erlang/cb_tutorial/priv/cb_tutorial.routes" ....

=INFO REPORT==== 15-Mar-2013::13:05:24 ===
GET /greeting/live [cb_tutorial] 200 140ms

=INFO REPORT==== 15-Mar-2013::13:05:24 ===
Loading routes from "/home/silence/devel/erlang/cb_tutorial/priv/cb_tutorial.routes" ....

=INFO REPORT==== 15-Mar-2013::13:05:27 ===
Loading routes from "/home/silence/devel/erlang/cb_tutorial/priv/cb_tutorial.routes" ....

=INFO REPORT==== 15-Mar-2013::13:05:27 ===
POST /greeting/push [cb_tutorial] 200 101ms

=INFO REPORT==== 15-Mar-2013::13:05:27 ===
GET /greeting/pull/1363338324414991 [cb_tutorial] 200 3224ms

=INFO REPORT==== 15-Mar-2013::13:05:28 ===
Loading routes from "/home/silence/devel/erlang/cb_tutorial/priv/cb_tutorial.routes" ....

=INFO REPORT==== 15-Mar-2013::13:05:30 ===
Loading routes from "/home/silence/devel/erlang/cb_tutorial/priv/cb_tutorial.routes" ....

=INFO REPORT==== 15-Mar-2013::13:05:30 ===
GET /greeting/live [cb_tutorial] 200 240ms

=INFO REPORT==== 15-Mar-2013::13:05:32 ===
Loading routes from "/home/silence/devel/erlang/cb_tutorial/priv/cb_tutorial.routes" ....

=INFO REPORT==== 15-Mar-2013::13:05:40 ===
Loading routes from "/home/silence/devel/erlang/cb_tutorial/priv/cb_tutorial.routes" ....

=INFO REPORT==== 15-Mar-2013::13:05:40 ===
GET /member/logout/cbac04bb6a210433e207beed00762a68 [cb_tutorial] 302 73ms

=INFO REPORT==== 15-Mar-2013::13:05:40 ===
Loading routes from "/home/silence/devel/erlang/cb_tutorial/priv/cb_tutorial.routes" ....

=INFO REPORT==== 15-Mar-2013::13:05:40 ===
Loading routes from "/home/silence/devel/erlang/cb_tutorial/priv/cb_tutorial.routes" ....

=INFO REPORT==== 15-Mar-2013::13:05:41 ===
Loading routes from "/home/silence/devel/erlang/cb_tutorial/priv/cb_tutorial.routes" ....

=INFO REPORT==== 15-Mar-2013::13:05:41 ===
GET /greeting/live [cb_tutorial] 302 202ms

=INFO REPORT==== 15-Mar-2013::13:05:41 ===
Loading routes from "/home/silence/devel/erlang/cb_tutorial/priv/cb_tutorial.routes" ....

=INFO REPORT==== 15-Mar-2013::13:05:42 ===
GET /member/login [cb_tutorial] 200 856ms

=INFO REPORT==== 15-Mar-2013::13:05:43 ===
Loading routes from "/home/silence/devel/erlang/cb_tutorial/priv/cb_tutorial.routes" ....

=INFO REPORT==== 15-Mar-2013::13:05:43 ===
POST /member/login [cb_tutorial] 302 87ms

=INFO REPORT==== 15-Mar-2013::13:05:43 ===
Loading routes from "/home/silence/devel/erlang/cb_tutorial/priv/cb_tutorial.routes" ....

=INFO REPORT==== 15-Mar-2013::13:05:43 ===
GET /greeting/live [cb_tutorial] 200 82ms

=INFO REPORT==== 15-Mar-2013::13:05:43 ===
Loading routes from "/home/silence/devel/erlang/cb_tutorial/priv/cb_tutorial.routes" ....
