
=INFO REPORT==== 14-Mar-2013::10:07:10 ===
Starting Boss in development mode....

=INFO REPORT==== 14-Mar-2013::10:07:10 ===
Starting master services on cb_tutorial@asskovalev

=INFO REPORT==== 14-Mar-2013::10:07:10 ===
SSL:[]

=INFO REPORT==== 14-Mar-2013::10:07:10 ===
Loading routes from "/home/silence/devel/erlang/cb_tutorial/priv/cb_tutorial.routes" ....

=INFO REPORT==== 14-Mar-2013::10:07:14 ===
Loading routes from "/home/silence/devel/erlang/cb_tutorial/priv/cb_tutorial.routes" ....

=INFO REPORT==== 14-Mar-2013::10:07:14 ===
GET /greeting/list [cb_tutorial] 200 49ms

=INFO REPORT==== 14-Mar-2013::10:07:25 ===
Loading routes from "/home/silence/devel/erlang/cb_tutorial/priv/cb_tutorial.routes" ....

=INFO REPORT==== 14-Mar-2013::10:07:25 ===
GET /member/login [cb_tutorial] 200 75ms

=INFO REPORT==== 14-Mar-2013::10:07:28 ===
Loading routes from "/home/silence/devel/erlang/cb_tutorial/priv/cb_tutorial.routes" ....

=ERROR REPORT==== 14-Mar-2013::10:07:28 ===
{function_clause,
    [{proplists,get_value,[limit,1,all],[{file,"proplists.erl"},{line,222}]},
     {boss_db,find,3,[{file,"src/boss_db.erl"},{line,95}]},
     {cb_tutorial_member_controller,login,3,
         [{file,
              "/home/silence/devel/erlang/cb_tutorial/src/controller/cb_tutorial_member_controller.erl"},
          {line,10}]},
     {boss_web_controller,execute_action,5,
         [{file,"src/boss/boss_web_controller.erl"},{line,791}]},
     {boss_web_controller,process_dynamic_request,5,
         [{file,"src/boss/boss_web_controller.erl"},{line,534}]},
     {boss_web_controller,process_request,5,
         [{file,"src/boss/boss_web_controller.erl"},{line,523}]},
     {timer,tc,3,[{file,"timer.erl"},{line,194}]},
     {boss_web_controller,build_dynamic_response,4,
         [{file,"src/boss/boss_web_controller.erl"},{line,457}]}]}

=ERROR REPORT==== 14-Mar-2013::10:07:28 ===
POST /member/login [cb_tutorial] 500 52ms
