
=INFO REPORT==== 13-Mar-2013::14:52:33 ===
Starting Boss in development mode....

=INFO REPORT==== 13-Mar-2013::14:52:33 ===
Starting master services on cb_tutorial@asskovalev

=INFO REPORT==== 13-Mar-2013::14:52:33 ===
SSL:[]

=INFO REPORT==== 13-Mar-2013::14:52:34 ===
Loading routes from "/home/silence/devel/erlang/cb_tutorial/priv/cb_tutorial.routes" ....

=INFO REPORT==== 13-Mar-2013::14:52:37 ===
Loading routes from "/home/silence/devel/erlang/cb_tutorial/priv/cb_tutorial.routes" ....

=INFO REPORT==== 13-Mar-2013::14:52:37 ===
GET /greeting/live [cb_tutorial] 200 61ms

=INFO REPORT==== 13-Mar-2013::14:52:40 ===
Loading routes from "/home/silence/devel/erlang/cb_tutorial/priv/cb_tutorial.routes" ....

=INFO REPORT==== 13-Mar-2013::14:52:40 ===
GET /greeting/list [cb_tutorial] 200 50ms

=INFO REPORT==== 13-Mar-2013::14:52:45 ===
Loading routes from "/home/silence/devel/erlang/cb_tutorial/priv/cb_tutorial.routes" ....

=INFO REPORT==== 13-Mar-2013::14:52:45 ===
GET /greeting/create [cb_tutorial] 200 47ms

=INFO REPORT==== 13-Mar-2013::14:52:47 ===
Loading routes from "/home/silence/devel/erlang/cb_tutorial/priv/cb_tutorial.routes" ....

=INFO REPORT==== 13-Mar-2013::14:52:47 ===
POST /greeting/create [cb_tutorial] 302 43ms

=INFO REPORT==== 13-Mar-2013::14:52:47 ===
Loading routes from "/home/silence/devel/erlang/cb_tutorial/priv/cb_tutorial.routes" ....

=INFO REPORT==== 13-Mar-2013::14:52:47 ===
GET /greeting/list [cb_tutorial] 200 46ms

=INFO REPORT==== 13-Mar-2013::14:54:10 ===
Loading routes from "/home/silence/devel/erlang/cb_tutorial/priv/cb_tutorial.routes" ....

=INFO REPORT==== 13-Mar-2013::14:54:10 ===
GET /greeting/live [cb_tutorial] 200 52ms

=INFO REPORT==== 13-Mar-2013::14:55:19 ===
Loading routes from "/home/silence/devel/erlang/cb_tutorial/priv/cb_tutorial.routes" ....

=INFO REPORT==== 13-Mar-2013::14:55:19 ===
GET /greeting/live [cb_tutorial] 200 63ms

=INFO REPORT==== 13-Mar-2013::14:55:19 ===
Loading routes from "/home/silence/devel/erlang/cb_tutorial/priv/cb_tutorial.routes" ....

=INFO REPORT==== 13-Mar-2013::14:55:23 ===
Loading routes from "/home/silence/devel/erlang/cb_tutorial/priv/cb_tutorial.routes" ....

=INFO REPORT==== 13-Mar-2013::14:55:23 ===
GET /greeting/create [cb_tutorial] 200 61ms

=INFO REPORT==== 13-Mar-2013::14:55:25 ===
Loading routes from "/home/silence/devel/erlang/cb_tutorial/priv/cb_tutorial.routes" ....

=INFO REPORT==== 13-Mar-2013::14:55:25 ===
POST /greeting/create [cb_tutorial] 302 40ms

=INFO REPORT==== 13-Mar-2013::14:55:25 ===
Loading routes from "/home/silence/devel/erlang/cb_tutorial/priv/cb_tutorial.routes" ....

=INFO REPORT==== 13-Mar-2013::14:55:25 ===
Loading routes from "/home/silence/devel/erlang/cb_tutorial/priv/cb_tutorial.routes" ....

=INFO REPORT==== 13-Mar-2013::14:55:25 ===
GET /greeting/list [cb_tutorial] 200 81ms

=INFO REPORT==== 13-Mar-2013::14:55:26 ===
GET /greeting/pull/1363172119420689 [cb_tutorial] 200 84ms

=INFO REPORT==== 13-Mar-2013::14:55:26 ===
Loading routes from "/home/silence/devel/erlang/cb_tutorial/priv/cb_tutorial.routes" ....

=INFO REPORT==== 13-Mar-2013::14:57:25 ===
Loading routes from "/home/silence/devel/erlang/cb_tutorial/priv/cb_tutorial.routes" ....

=INFO REPORT==== 13-Mar-2013::14:57:25 ===
GET /greeting/create [cb_tutorial] 200 47ms

=INFO REPORT==== 13-Mar-2013::14:57:28 ===
Loading routes from "/home/silence/devel/erlang/cb_tutorial/priv/cb_tutorial.routes" ....

=INFO REPORT==== 13-Mar-2013::14:57:28 ===
POST /greeting/create [cb_tutorial] 302 54ms

=INFO REPORT==== 13-Mar-2013::14:57:28 ===
Loading routes from "/home/silence/devel/erlang/cb_tutorial/priv/cb_tutorial.routes" ....

=INFO REPORT==== 13-Mar-2013::14:57:28 ===
Loading routes from "/home/silence/devel/erlang/cb_tutorial/priv/cb_tutorial.routes" ....

=INFO REPORT==== 13-Mar-2013::14:57:28 ===
GET /greeting/list [cb_tutorial] 200 47ms

=INFO REPORT==== 13-Mar-2013::14:57:28 ===
GET /greeting/pull/1363172126027893 [cb_tutorial] 200 38ms

=INFO REPORT==== 13-Mar-2013::14:57:29 ===
Loading routes from "/home/silence/devel/erlang/cb_tutorial/priv/cb_tutorial.routes" ....

=INFO REPORT==== 13-Mar-2013::14:59:14 ===
Loading routes from "/home/silence/devel/erlang/cb_tutorial/priv/cb_tutorial.routes" ....

=INFO REPORT==== 13-Mar-2013::14:59:14 ===
GET /greeting/live [cb_tutorial] 200 71ms

=INFO REPORT==== 13-Mar-2013::14:59:15 ===
Loading routes from "/home/silence/devel/erlang/cb_tutorial/priv/cb_tutorial.routes" ....

=INFO REPORT==== 13-Mar-2013::14:59:15 ===
Loading routes from "/home/silence/devel/erlang/cb_tutorial/priv/cb_tutorial.routes" ....
