
=INFO REPORT==== 13-Mar-2013::13:30:03 ===
Starting Boss in development mode....

=INFO REPORT==== 13-Mar-2013::13:30:04 ===
Starting master services on cb_tutorial@asskovalev

=INFO REPORT==== 13-Mar-2013::13:30:04 ===
SSL:[]

=INFO REPORT==== 13-Mar-2013::13:30:04 ===
Loading routes from "/home/silence/devel/erlang/cb_tutorial/priv/cb_tutorial.routes" ....

=INFO REPORT==== 13-Mar-2013::13:30:08 ===
Loading routes from "/home/silence/devel/erlang/cb_tutorial/priv/cb_tutorial.routes" ....

=INFO REPORT==== 13-Mar-2013::13:30:08 ===
GET /greeting/create [cb_tutorial] 200 43ms

=INFO REPORT==== 13-Mar-2013::13:30:14 ===
Loading routes from "/home/silence/devel/erlang/cb_tutorial/priv/cb_tutorial.routes" ....

=INFO REPORT==== 13-Mar-2013::13:30:14 ===
POST /greeting/create [cb_tutorial] 200 44ms

=INFO REPORT==== 13-Mar-2013::13:30:36 ===
Loading routes from "/home/silence/devel/erlang/cb_tutorial/priv/cb_tutorial.routes" ....

=INFO REPORT==== 13-Mar-2013::13:30:36 ===
GET /greeting/create [cb_tutorial] 200 46ms

=INFO REPORT==== 13-Mar-2013::13:30:38 ===
Loading routes from "/home/silence/devel/erlang/cb_tutorial/priv/cb_tutorial.routes" ....

=INFO REPORT==== 13-Mar-2013::13:30:38 ===
POST /greeting/create [cb_tutorial] 200 48ms

=INFO REPORT==== 13-Mar-2013::13:30:43 ===
Loading routes from "/home/silence/devel/erlang/cb_tutorial/priv/cb_tutorial.routes" ....

=INFO REPORT==== 13-Mar-2013::13:30:43 ===
POST /greeting/create [cb_tutorial] 302 35ms

=INFO REPORT==== 13-Mar-2013::13:30:44 ===
Loading routes from "/home/silence/devel/erlang/cb_tutorial/priv/cb_tutorial.routes" ....

=INFO REPORT==== 13-Mar-2013::13:30:44 ===
GET /greeting/list [cb_tutorial] 200 38ms

=INFO REPORT==== 13-Mar-2013::13:30:46 ===
Loading routes from "/home/silence/devel/erlang/cb_tutorial/priv/cb_tutorial.routes" ....

=INFO REPORT==== 13-Mar-2013::13:30:46 ===
GET /greeting/create [cb_tutorial] 200 38ms

=INFO REPORT==== 13-Mar-2013::13:31:03 ===
Loading routes from "/home/silence/devel/erlang/cb_tutorial/priv/cb_tutorial.routes" ....

=INFO REPORT==== 13-Mar-2013::13:31:03 ===
POST /greeting/create [cb_tutorial] 200 35ms

=INFO REPORT==== 13-Mar-2013::13:39:18 ===
Loading routes from "/home/silence/devel/erlang/cb_tutorial/priv/cb_tutorial.routes" ....

=INFO REPORT==== 13-Mar-2013::13:39:18 ===
GET /greeting/create [cb_tutorial] 200 46ms

=INFO REPORT==== 13-Mar-2013::13:39:36 ===
Loading routes from "/home/silence/devel/erlang/cb_tutorial/priv/cb_tutorial.routes" ....

=INFO REPORT==== 13-Mar-2013::13:39:36 ===
POST /greeting/create [cb_tutorial] 302 31ms

=INFO REPORT==== 13-Mar-2013::13:39:36 ===
Loading routes from "/home/silence/devel/erlang/cb_tutorial/priv/cb_tutorial.routes" ....

=INFO REPORT==== 13-Mar-2013::13:39:36 ===
GET /greeting/list [cb_tutorial] 200 35ms

=INFO REPORT==== 13-Mar-2013::13:39:40 ===
Loading routes from "/home/silence/devel/erlang/cb_tutorial/priv/cb_tutorial.routes" ....

=INFO REPORT==== 13-Mar-2013::13:39:40 ===
POST /greeting/delete [cb_tutorial] 302 33ms

=INFO REPORT==== 13-Mar-2013::13:39:40 ===
Loading routes from "/home/silence/devel/erlang/cb_tutorial/priv/cb_tutorial.routes" ....

=INFO REPORT==== 13-Mar-2013::13:39:40 ===
GET /greeting/list [cb_tutorial] 200 37ms

=INFO REPORT==== 13-Mar-2013::13:44:49 ===
Loading routes from "/home/silence/devel/erlang/cb_tutorial/priv/cb_tutorial.routes" ....

=ERROR REPORT==== 13-Mar-2013::13:44:49 ===
Call to tuple fun {unbound_var,'GreetingsText'}.

Tuple funs are deprecated and will be removed in R16. Use "fun M:F/A" instead, for example "fun unbound_var:'GreetingsText'/0".

(This warning will only be shown the first time a tuple fun is called.)


=ERROR REPORT==== 13-Mar-2013::13:44:49 ===
{undef,[{unbound_var,'GreetingsText',[],[]},
        {erlydtl_filters,format_number,1,
                         [{file,"src/erlydtl_filters.erl"},{line,374}]},
        {boss_html_error_template,'-render_internal/2-fun-0-',2,[]},
        {lists,mapfoldl,3,[{file,"lists.erl"},{line,1278}]},
        {erlydtl_runtime,forloop,3,
                         [{file,"src/erlydtl_runtime.erl"},{line,234}]},
        {boss_html_error_template,'-render_internal/2-fun-2-',2,[]},
        {lists,mapfoldl,3,[{file,"lists.erl"},{line,1278}]},
        {erlydtl_runtime,forloop,3,
                         [{file,"src/erlydtl_runtime.erl"},{line,234}]}]}

=ERROR REPORT==== 13-Mar-2013::13:44:49 ===
GET /greeting/list [cb_tutorial] 500 28ms

=INFO REPORT==== 13-Mar-2013::13:45:03 ===
Loading routes from "/home/silence/devel/erlang/cb_tutorial/priv/cb_tutorial.routes" ....

=INFO REPORT==== 13-Mar-2013::13:45:04 ===
GET /greeting/list [cb_tutorial] 200 40ms

=INFO REPORT==== 13-Mar-2013::13:45:05 ===
Loading routes from "/home/silence/devel/erlang/cb_tutorial/priv/cb_tutorial.routes" ....

=INFO REPORT==== 13-Mar-2013::13:45:05 ===
GET /greeting/create [cb_tutorial] 200 35ms

=INFO REPORT==== 13-Mar-2013::13:45:14 ===
Loading routes from "/home/silence/devel/erlang/cb_tutorial/priv/cb_tutorial.routes" ....

=INFO REPORT==== 13-Mar-2013::13:45:14 ===
POST /greeting/create [cb_tutorial] 302 36ms

=INFO REPORT==== 13-Mar-2013::13:45:14 ===
Loading routes from "/home/silence/devel/erlang/cb_tutorial/priv/cb_tutorial.routes" ....

=INFO REPORT==== 13-Mar-2013::13:45:14 ===
GET /greeting/list [cb_tutorial] 200 35ms

=INFO REPORT==== 13-Mar-2013::13:45:16 ===
Loading routes from "/home/silence/devel/erlang/cb_tutorial/priv/cb_tutorial.routes" ....

=INFO REPORT==== 13-Mar-2013::13:45:16 ===
GET /greeting/create [cb_tutorial] 200 36ms

=INFO REPORT==== 13-Mar-2013::13:45:22 ===
Loading routes from "/home/silence/devel/erlang/cb_tutorial/priv/cb_tutorial.routes" ....

=INFO REPORT==== 13-Mar-2013::13:45:22 ===
POST /greeting/create [cb_tutorial] 200 50ms

=INFO REPORT==== 13-Mar-2013::13:45:55 ===
Loading routes from "/home/silence/devel/erlang/cb_tutorial/priv/cb_tutorial.routes" ....

=INFO REPORT==== 13-Mar-2013::13:45:55 ===
GET /greeting/create [cb_tutorial] 200 50ms

=INFO REPORT==== 13-Mar-2013::13:46:01 ===
Loading routes from "/home/silence/devel/erlang/cb_tutorial/priv/cb_tutorial.routes" ....

=INFO REPORT==== 13-Mar-2013::13:46:01 ===
POST /greeting/create [cb_tutorial] 200 39ms
