
=INFO REPORT==== 14-Mar-2013::14:46:23 ===
Starting Boss in development mode....

=INFO REPORT==== 14-Mar-2013::14:46:23 ===
Starting master services on cb_tutorial@asskovalev

=INFO REPORT==== 14-Mar-2013::14:46:24 ===
SSL:[]

=INFO REPORT==== 14-Mar-2013::14:46:24 ===
Loading routes from "/home/silence/devel/erlang/cb_tutorial/priv/cb_tutorial.routes" ....

=INFO REPORT==== 14-Mar-2013::14:46:31 ===
Loading routes from "/home/silence/devel/erlang/cb_tutorial/priv/cb_tutorial.routes" ....

=INFO REPORT==== 14-Mar-2013::14:46:31 ===
GET /greeting/list [cb_tutorial] 302 74ms

=INFO REPORT==== 14-Mar-2013::14:46:31 ===
Loading routes from "/home/silence/devel/erlang/cb_tutorial/priv/cb_tutorial.routes" ....

=INFO REPORT==== 14-Mar-2013::14:46:31 ===
GET /member/login [cb_tutorial] 200 82ms

=INFO REPORT==== 14-Mar-2013::14:46:33 ===
Loading routes from "/home/silence/devel/erlang/cb_tutorial/priv/cb_tutorial.routes" ....

=INFO REPORT==== 14-Mar-2013::14:46:33 ===
POST /member/login [cb_tutorial] 200 77ms

=INFO REPORT==== 14-Mar-2013::14:46:37 ===
Loading routes from "/home/silence/devel/erlang/cb_tutorial/priv/cb_tutorial.routes" ....

=INFO REPORT==== 14-Mar-2013::14:46:37 ===
GET /member/register [cb_tutorial] 200 86ms

=INFO REPORT==== 14-Mar-2013::14:46:48 ===
Loading routes from "/home/silence/devel/erlang/cb_tutorial/priv/cb_tutorial.routes" ....

=INFO REPORT==== 14-Mar-2013::14:46:48 ===
POST /member/register [cb_tutorial] 302 90ms

=INFO REPORT==== 14-Mar-2013::14:46:48 ===
Loading routes from "/home/silence/devel/erlang/cb_tutorial/priv/cb_tutorial.routes" ....

=INFO REPORT==== 14-Mar-2013::14:46:48 ===
GET /greeting/live [cb_tutorial] 200 193ms

=INFO REPORT==== 14-Mar-2013::14:46:49 ===
Loading routes from "/home/silence/devel/erlang/cb_tutorial/priv/cb_tutorial.routes" ....

=INFO REPORT==== 14-Mar-2013::14:46:53 ===
Loading routes from "/home/silence/devel/erlang/cb_tutorial/priv/cb_tutorial.routes" ....

=INFO REPORT==== 14-Mar-2013::14:46:53 ===
POST /greeting/push [cb_tutorial] 200 97ms

=INFO REPORT==== 14-Mar-2013::14:46:53 ===
GET /greeting/pull/1363258008612277 [cb_tutorial] 200 4110ms

=INFO REPORT==== 14-Mar-2013::14:46:53 ===
Loading routes from "/home/silence/devel/erlang/cb_tutorial/priv/cb_tutorial.routes" ....

=INFO REPORT==== 14-Mar-2013::14:46:55 ===
Loading routes from "/home/silence/devel/erlang/cb_tutorial/priv/cb_tutorial.routes" ....

=INFO REPORT==== 14-Mar-2013::14:46:55 ===
POST /greeting/push [cb_tutorial] 200 92ms

=INFO REPORT==== 14-Mar-2013::14:46:55 ===
GET /greeting/pull/1363258013521427 [cb_tutorial] 200 1926ms

=INFO REPORT==== 14-Mar-2013::14:46:56 ===
Loading routes from "/home/silence/devel/erlang/cb_tutorial/priv/cb_tutorial.routes" ....

=INFO REPORT==== 14-Mar-2013::14:47:36 ===
Loading routes from "/home/silence/devel/erlang/cb_tutorial/priv/cb_tutorial.routes" ....

=INFO REPORT==== 14-Mar-2013::14:47:37 ===
GET /greeting/live [cb_tutorial] 200 112ms

=INFO REPORT==== 14-Mar-2013::14:47:37 ===
Loading routes from "/home/silence/devel/erlang/cb_tutorial/priv/cb_tutorial.routes" ....

=INFO REPORT==== 14-Mar-2013::14:47:37 ===
Loading routes from "/home/silence/devel/erlang/cb_tutorial/priv/cb_tutorial.routes" ....

=INFO REPORT==== 14-Mar-2013::14:53:38 ===
Loading routes from "/home/silence/devel/erlang/cb_tutorial/priv/cb_tutorial.routes" ....

=INFO REPORT==== 14-Mar-2013::14:53:38 ===
GET /greeting/live [cb_tutorial] 200 110ms

=INFO REPORT==== 14-Mar-2013::14:53:39 ===
Loading routes from "/home/silence/devel/erlang/cb_tutorial/priv/cb_tutorial.routes" ....

=INFO REPORT==== 14-Mar-2013::14:53:39 ===
Loading routes from "/home/silence/devel/erlang/cb_tutorial/priv/cb_tutorial.routes" ....

=INFO REPORT==== 14-Mar-2013::14:53:43 ===
Loading routes from "/home/silence/devel/erlang/cb_tutorial/priv/cb_tutorial.routes" ....

=ERROR REPORT==== 14-Mar-2013::14:53:43 ===
{undef,
    [{undefined,session_id,[],[]},
     {cb_tutorial_member_controller,logout,4,
         [{file,
              "/home/silence/devel/erlang/cb_tutorial/src/controller/cb_tutorial_member_controller.erl"},
          {line,22}]},
     {boss_web_controller,execute_action,5,
         [{file,"src/boss/boss_web_controller.erl"},{line,791}]},
     {boss_web_controller,process_dynamic_request,5,
         [{file,"src/boss/boss_web_controller.erl"},{line,534}]},
     {boss_web_controller,process_request,5,
         [{file,"src/boss/boss_web_controller.erl"},{line,523}]},
     {timer,tc,3,[{file,"timer.erl"},{line,194}]},
     {boss_web_controller,build_dynamic_response,4,
         [{file,"src/boss/boss_web_controller.erl"},{line,457}]},
     {mochiweb_http,headers,5,[{file,"src/mochiweb_http.erl"},{line,94}]}]}

=ERROR REPORT==== 14-Mar-2013::14:53:43 ===
GET /member/logout/cbac04bb6a210433e207beed00762a68 [cb_tutorial] 500 87ms

=INFO REPORT==== 14-Mar-2013::14:55:12 ===
Loading routes from "/home/silence/devel/erlang/cb_tutorial/priv/cb_tutorial.routes" ....

=INFO REPORT==== 14-Mar-2013::14:55:12 ===
GET /member/logout/cbac04bb6a210433e207beed00762a68 [cb_tutorial] 302 108ms

=INFO REPORT==== 14-Mar-2013::14:55:12 ===
Loading routes from "/home/silence/devel/erlang/cb_tutorial/priv/cb_tutorial.routes" ....

=INFO REPORT==== 14-Mar-2013::14:55:12 ===
Loading routes from "/home/silence/devel/erlang/cb_tutorial/priv/cb_tutorial.routes" ....

=INFO REPORT==== 14-Mar-2013::14:55:13 ===
GET /greeting/live [cb_tutorial] 302 561ms

=INFO REPORT==== 14-Mar-2013::14:55:13 ===
Loading routes from "/home/silence/devel/erlang/cb_tutorial/priv/cb_tutorial.routes" ....

=INFO REPORT==== 14-Mar-2013::14:55:13 ===
GET /member/login [cb_tutorial] 200 407ms

=INFO REPORT==== 14-Mar-2013::14:55:15 ===
Loading routes from "/home/silence/devel/erlang/cb_tutorial/priv/cb_tutorial.routes" ....

=INFO REPORT==== 14-Mar-2013::14:55:15 ===
POST /member/login [cb_tutorial] 302 93ms

=INFO REPORT==== 14-Mar-2013::14:55:15 ===
Loading routes from "/home/silence/devel/erlang/cb_tutorial/priv/cb_tutorial.routes" ....

=INFO REPORT==== 14-Mar-2013::14:55:16 ===
GET /greeting/live [cb_tutorial] 200 99ms

=INFO REPORT==== 14-Mar-2013::14:55:16 ===
Loading routes from "/home/silence/devel/erlang/cb_tutorial/priv/cb_tutorial.routes" ....

=INFO REPORT==== 14-Mar-2013::14:55:24 ===
Loading routes from "/home/silence/devel/erlang/cb_tutorial/priv/cb_tutorial.routes" ....

=INFO REPORT==== 14-Mar-2013::14:55:24 ===
GET /member/logout/cbac04bb6a210433e207beed00762 [cb_tutorial] 302 79ms

=INFO REPORT==== 14-Mar-2013::14:55:24 ===
Loading routes from "/home/silence/devel/erlang/cb_tutorial/priv/cb_tutorial.routes" ....

=INFO REPORT==== 14-Mar-2013::14:55:24 ===
GET /greeting/live [cb_tutorial] 200 92ms

=INFO REPORT==== 14-Mar-2013::14:55:24 ===
Loading routes from "/home/silence/devel/erlang/cb_tutorial/priv/cb_tutorial.routes" ....

=INFO REPORT==== 14-Mar-2013::14:55:24 ===
Loading routes from "/home/silence/devel/erlang/cb_tutorial/priv/cb_tutorial.routes" ....

=INFO REPORT==== 14-Mar-2013::14:55:27 ===
Loading routes from "/home/silence/devel/erlang/cb_tutorial/priv/cb_tutorial.routes" ....

=INFO REPORT==== 14-Mar-2013::14:55:27 ===
GET /member/logout/cbac04bb6a210433e207beed00762a68 [cb_tutorial] 302 91ms

=INFO REPORT==== 14-Mar-2013::14:55:27 ===
Loading routes from "/home/silence/devel/erlang/cb_tutorial/priv/cb_tutorial.routes" ....

=INFO REPORT==== 14-Mar-2013::14:55:27 ===
GET /greeting/live [cb_tutorial] 302 85ms

=INFO REPORT==== 14-Mar-2013::14:55:27 ===
Loading routes from "/home/silence/devel/erlang/cb_tutorial/priv/cb_tutorial.routes" ....

=INFO REPORT==== 14-Mar-2013::14:55:27 ===
Loading routes from "/home/silence/devel/erlang/cb_tutorial/priv/cb_tutorial.routes" ....

=INFO REPORT==== 14-Mar-2013::14:55:28 ===
GET /member/login [cb_tutorial] 200 633ms

=INFO REPORT==== 14-Mar-2013::14:55:30 ===
Loading routes from "/home/silence/devel/erlang/cb_tutorial/priv/cb_tutorial.routes" ....

=INFO REPORT==== 14-Mar-2013::14:55:30 ===
POST /member/login [cb_tutorial] 302 78ms

=INFO REPORT==== 14-Mar-2013::14:55:30 ===
Loading routes from "/home/silence/devel/erlang/cb_tutorial/priv/cb_tutorial.routes" ....

=INFO REPORT==== 14-Mar-2013::14:55:30 ===
GET /greeting/live [cb_tutorial] 200 90ms

=INFO REPORT==== 14-Mar-2013::14:55:30 ===
Loading routes from "/home/silence/devel/erlang/cb_tutorial/priv/cb_tutorial.routes" ....

=INFO REPORT==== 14-Mar-2013::15:03:32 ===
Loading routes from "/home/silence/devel/erlang/cb_tutorial/priv/cb_tutorial.routes" ....

=INFO REPORT==== 14-Mar-2013::15:03:32 ===
GET /greeting/live [cb_tutorial] 200 109ms

=INFO REPORT==== 14-Mar-2013::15:03:33 ===
Loading routes from "/home/silence/devel/erlang/cb_tutorial/priv/cb_tutorial.routes" ....

=INFO REPORT==== 14-Mar-2013::15:03:33 ===
Loading routes from "/home/silence/devel/erlang/cb_tutorial/priv/cb_tutorial.routes" ....

=INFO REPORT==== 14-Mar-2013::15:03:37 ===
Loading routes from "/home/silence/devel/erlang/cb_tutorial/priv/cb_tutorial.routes" ....

=INFO REPORT==== 14-Mar-2013::15:03:37 ===
POST /greeting/push [cb_tutorial] 200 93ms

=INFO REPORT==== 14-Mar-2013::15:03:37 ===
GET /greeting/pull/1363258530440549 [cb_tutorial] 200 3843ms

=INFO REPORT==== 14-Mar-2013::15:03:37 ===
Loading routes from "/home/silence/devel/erlang/cb_tutorial/priv/cb_tutorial.routes" ....

=INFO REPORT==== 14-Mar-2013::15:03:37 ===
GET /greeting/pull/1363259012815515 [cb_tutorial] 200 135ms

=INFO REPORT==== 14-Mar-2013::15:03:38 ===
Loading routes from "/home/silence/devel/erlang/cb_tutorial/priv/cb_tutorial.routes" ....

=INFO REPORT==== 14-Mar-2013::15:04:23 ===
Loading routes from "/home/silence/devel/erlang/cb_tutorial/priv/cb_tutorial.routes" ....

=INFO REPORT==== 14-Mar-2013::15:04:28 ===
GET /member/logout/cbac04bb6a210433e207beed00762a68 [cb_tutorial] 302 4567ms

=INFO REPORT==== 14-Mar-2013::15:04:28 ===
Loading routes from "/home/silence/devel/erlang/cb_tutorial/priv/cb_tutorial.routes" ....

=INFO REPORT==== 14-Mar-2013::15:04:28 ===
GET /greeting/live [cb_tutorial] 302 210ms

=INFO REPORT==== 14-Mar-2013::15:04:28 ===
Loading routes from "/home/silence/devel/erlang/cb_tutorial/priv/cb_tutorial.routes" ....

=INFO REPORT==== 14-Mar-2013::15:04:28 ===
Loading routes from "/home/silence/devel/erlang/cb_tutorial/priv/cb_tutorial.routes" ....

=INFO REPORT==== 14-Mar-2013::15:04:29 ===
GET /member/login [cb_tutorial] 200 757ms

=INFO REPORT==== 14-Mar-2013::15:16:40 ===
Loading routes from "/home/silence/devel/erlang/cb_tutorial/priv/cb_tutorial.routes" ....

=INFO REPORT==== 14-Mar-2013::15:16:40 ===
POST /member/login [cb_tutorial] 302 104ms

=INFO REPORT==== 14-Mar-2013::15:16:40 ===
Loading routes from "/home/silence/devel/erlang/cb_tutorial/priv/cb_tutorial.routes" ....

=INFO REPORT==== 14-Mar-2013::15:16:40 ===
GET /greeting/live [cb_tutorial] 200 230ms

=INFO REPORT==== 14-Mar-2013::15:17:33 ===
Loading routes from "/home/silence/devel/erlang/cb_tutorial/priv/cb_tutorial.routes" ....

=INFO REPORT==== 14-Mar-2013::15:17:33 ===
GET /greeting/live [cb_tutorial] 200 147ms

=INFO REPORT==== 14-Mar-2013::15:18:13 ===
Loading routes from "/home/silence/devel/erlang/cb_tutorial/priv/cb_tutorial.routes" ....

=INFO REPORT==== 14-Mar-2013::15:18:13 ===
GET /greeting/live [cb_tutorial] 200 107ms

=INFO REPORT==== 14-Mar-2013::15:18:13 ===
Loading routes from "/home/silence/devel/erlang/cb_tutorial/priv/cb_tutorial.routes" ....

=INFO REPORT==== 14-Mar-2013::15:18:16 ===
Loading routes from "/home/silence/devel/erlang/cb_tutorial/priv/cb_tutorial.routes" ....

=INFO REPORT==== 14-Mar-2013::15:18:16 ===
POST /greeting/push [cb_tutorial] 200 75ms

=INFO REPORT==== 14-Mar-2013::15:18:16 ===
GET /greeting/pull/1363259893409101 [cb_tutorial] 200 2827ms

=INFO REPORT==== 14-Mar-2013::15:18:17 ===
Loading routes from "/home/silence/devel/erlang/cb_tutorial/priv/cb_tutorial.routes" ....

=INFO REPORT==== 14-Mar-2013::15:18:18 ===
Loading routes from "/home/silence/devel/erlang/cb_tutorial/priv/cb_tutorial.routes" ....

=INFO REPORT==== 14-Mar-2013::15:18:18 ===
POST /greeting/push [cb_tutorial] 200 94ms

=INFO REPORT==== 14-Mar-2013::15:18:18 ===
GET /greeting/pull/1363259896667961 [cb_tutorial] 200 1390ms

=INFO REPORT==== 14-Mar-2013::15:18:18 ===
Loading routes from "/home/silence/devel/erlang/cb_tutorial/priv/cb_tutorial.routes" ....

=INFO REPORT==== 14-Mar-2013::15:26:48 ===
Loading routes from "/home/silence/devel/erlang/cb_tutorial/priv/cb_tutorial.routes" ....

=INFO REPORT==== 14-Mar-2013::15:26:48 ===
GET /greeting/live [cb_tutorial] 200 112ms

=INFO REPORT==== 14-Mar-2013::15:26:48 ===
Loading routes from "/home/silence/devel/erlang/cb_tutorial/priv/cb_tutorial.routes" ....

=INFO REPORT==== 14-Mar-2013::15:26:48 ===
Loading routes from "/home/silence/devel/erlang/cb_tutorial/priv/cb_tutorial.routes" ....

=INFO REPORT==== 14-Mar-2013::15:26:50 ===
Loading routes from "/home/silence/devel/erlang/cb_tutorial/priv/cb_tutorial.routes" ....

=INFO REPORT==== 14-Mar-2013::15:26:50 ===
GET /member/logout/cbac04bb6a210433e207beed00762a68 [cb_tutorial] 302 88ms

=INFO REPORT==== 14-Mar-2013::15:26:50 ===
Loading routes from "/home/silence/devel/erlang/cb_tutorial/priv/cb_tutorial.routes" ....

=INFO REPORT==== 14-Mar-2013::15:26:50 ===
Loading routes from "/home/silence/devel/erlang/cb_tutorial/priv/cb_tutorial.routes" ....

=INFO REPORT==== 14-Mar-2013::15:26:51 ===
GET /greeting/live [cb_tutorial] 302 350ms

=INFO REPORT==== 14-Mar-2013::15:26:51 ===
Loading routes from "/home/silence/devel/erlang/cb_tutorial/priv/cb_tutorial.routes" ....

=INFO REPORT==== 14-Mar-2013::15:26:51 ===
GET /member/login [cb_tutorial] 200 616ms

=INFO REPORT==== 14-Mar-2013::15:31:15 ===
Loading routes from "/home/silence/devel/erlang/cb_tutorial/priv/cb_tutorial.routes" ....

=INFO REPORT==== 14-Mar-2013::15:31:15 ===
GET /member/login [cb_tutorial] 200 108ms

=INFO REPORT==== 14-Mar-2013::15:32:16 ===
Loading routes from "/home/silence/devel/erlang/cb_tutorial/priv/cb_tutorial.routes" ....

=INFO REPORT==== 14-Mar-2013::15:32:16 ===
GET /member/login [cb_tutorial] 200 112ms

=INFO REPORT==== 14-Mar-2013::15:33:32 ===
Loading routes from "/home/silence/devel/erlang/cb_tutorial/priv/cb_tutorial.routes" ....

=INFO REPORT==== 14-Mar-2013::15:33:33 ===
GET /member/login [cb_tutorial] 200 107ms

=INFO REPORT==== 14-Mar-2013::15:36:52 ===
Loading routes from "/home/silence/devel/erlang/cb_tutorial/priv/cb_tutorial.routes" ....

=INFO REPORT==== 14-Mar-2013::15:36:52 ===
GET /member/login [cb_tutorial] 200 93ms

=INFO REPORT==== 14-Mar-2013::15:38:57 ===
Loading routes from "/home/silence/devel/erlang/cb_tutorial/priv/cb_tutorial.routes" ....

=INFO REPORT==== 14-Mar-2013::15:38:57 ===
GET /member/login [cb_tutorial] 200 101ms

=INFO REPORT==== 14-Mar-2013::15:40:16 ===
Loading routes from "/home/silence/devel/erlang/cb_tutorial/priv/cb_tutorial.routes" ....

=INFO REPORT==== 14-Mar-2013::15:40:16 ===
GET /member/login [cb_tutorial] 200 111ms

=INFO REPORT==== 14-Mar-2013::15:41:05 ===
Loading routes from "/home/silence/devel/erlang/cb_tutorial/priv/cb_tutorial.routes" ....

=INFO REPORT==== 14-Mar-2013::15:41:05 ===
GET /member/login [cb_tutorial] 200 95ms

=INFO REPORT==== 14-Mar-2013::15:41:55 ===
Loading routes from "/home/silence/devel/erlang/cb_tutorial/priv/cb_tutorial.routes" ....

=INFO REPORT==== 14-Mar-2013::15:41:55 ===
GET /member/login [cb_tutorial] 200 96ms

=INFO REPORT==== 14-Mar-2013::15:44:49 ===
Loading routes from "/home/silence/devel/erlang/cb_tutorial/priv/cb_tutorial.routes" ....

=INFO REPORT==== 14-Mar-2013::15:44:50 ===
GET /member/login [cb_tutorial] 200 98ms

=INFO REPORT==== 14-Mar-2013::15:47:48 ===
Loading routes from "/home/silence/devel/erlang/cb_tutorial/priv/cb_tutorial.routes" ....

=INFO REPORT==== 14-Mar-2013::15:47:48 ===
GET /member/login [cb_tutorial] 200 105ms

=INFO REPORT==== 14-Mar-2013::15:49:26 ===
Loading routes from "/home/silence/devel/erlang/cb_tutorial/priv/cb_tutorial.routes" ....

=INFO REPORT==== 14-Mar-2013::15:49:26 ===
GET /member/login [cb_tutorial] 200 87ms

=INFO REPORT==== 14-Mar-2013::15:49:55 ===
Loading routes from "/home/silence/devel/erlang/cb_tutorial/priv/cb_tutorial.routes" ....

=INFO REPORT==== 14-Mar-2013::15:49:55 ===
GET /member/login [cb_tutorial] 200 99ms

=INFO REPORT==== 14-Mar-2013::15:50:13 ===
Loading routes from "/home/silence/devel/erlang/cb_tutorial/priv/cb_tutorial.routes" ....

=INFO REPORT==== 14-Mar-2013::15:50:13 ===
GET /member/login [cb_tutorial] 200 100ms

=INFO REPORT==== 14-Mar-2013::15:51:08 ===
Loading routes from "/home/silence/devel/erlang/cb_tutorial/priv/cb_tutorial.routes" ....

=INFO REPORT==== 14-Mar-2013::15:51:08 ===
GET /member/login [cb_tutorial] 200 113ms

=INFO REPORT==== 14-Mar-2013::15:51:15 ===
Loading routes from "/home/silence/devel/erlang/cb_tutorial/priv/cb_tutorial.routes" ....

=INFO REPORT==== 14-Mar-2013::15:51:15 ===
GET /member/login [cb_tutorial] 200 197ms

=INFO REPORT==== 14-Mar-2013::16:10:32 ===
Loading routes from "/home/silence/devel/erlang/cb_tutorial/priv/cb_tutorial.routes" ....

=INFO REPORT==== 14-Mar-2013::16:10:32 ===
GET /member/login [cb_tutorial] 200 81ms

=INFO REPORT==== 14-Mar-2013::16:10:35 ===
Loading routes from "/home/silence/devel/erlang/cb_tutorial/priv/cb_tutorial.routes" ....

=INFO REPORT==== 14-Mar-2013::16:10:35 ===
POST /member/login [cb_tutorial] 302 86ms

=INFO REPORT==== 14-Mar-2013::16:10:35 ===
Loading routes from "/home/silence/devel/erlang/cb_tutorial/priv/cb_tutorial.routes" ....

=INFO REPORT==== 14-Mar-2013::16:10:35 ===
GET /greeting/live [cb_tutorial] 200 106ms

=INFO REPORT==== 14-Mar-2013::16:10:36 ===
Loading routes from "/home/silence/devel/erlang/cb_tutorial/priv/cb_tutorial.routes" ....

=INFO REPORT==== 14-Mar-2013::16:12:09 ===
Loading routes from "/home/silence/devel/erlang/cb_tutorial/priv/cb_tutorial.routes" ....

=INFO REPORT==== 14-Mar-2013::16:12:09 ===
GET /greeting/live [cb_tutorial] 200 151ms

=INFO REPORT==== 14-Mar-2013::16:12:09 ===
Loading routes from "/home/silence/devel/erlang/cb_tutorial/priv/cb_tutorial.routes" ....

=INFO REPORT==== 14-Mar-2013::16:12:09 ===
Loading routes from "/home/silence/devel/erlang/cb_tutorial/priv/cb_tutorial.routes" ....

=INFO REPORT==== 14-Mar-2013::16:14:16 ===
Loading routes from "/home/silence/devel/erlang/cb_tutorial/priv/cb_tutorial.routes" ....

=INFO REPORT==== 14-Mar-2013::16:14:16 ===
GET /greeting/live [cb_tutorial] 200 107ms

=INFO REPORT==== 14-Mar-2013::16:14:16 ===
Loading routes from "/home/silence/devel/erlang/cb_tutorial/priv/cb_tutorial.routes" ....

=INFO REPORT==== 14-Mar-2013::16:14:16 ===
Loading routes from "/home/silence/devel/erlang/cb_tutorial/priv/cb_tutorial.routes" ....

=INFO REPORT==== 14-Mar-2013::16:14:16 ===
Loading routes from "/home/silence/devel/erlang/cb_tutorial/priv/cb_tutorial.routes" ....

=INFO REPORT==== 14-Mar-2013::16:15:27 ===
Loading routes from "/home/silence/devel/erlang/cb_tutorial/priv/cb_tutorial.routes" ....

=ERROR REPORT==== 14-Mar-2013::16:15:27 ===
GET / [cb_tutorial] 404 9ms

=INFO REPORT==== 14-Mar-2013::16:15:29 ===
Loading routes from "/home/silence/devel/erlang/cb_tutorial/priv/cb_tutorial.routes" ....

=INFO REPORT==== 14-Mar-2013::16:17:12 ===
Loading routes from "/home/silence/devel/erlang/cb_tutorial/priv/cb_tutorial.routes" ....

=INFO REPORT==== 14-Mar-2013::16:17:12 ===
Loading routes from "/home/silence/devel/erlang/cb_tutorial/priv/cb_tutorial.routes" ....

=INFO REPORT==== 14-Mar-2013::16:17:12 ===
GET /greeting/live [cb_tutorial] 200 152ms

=INFO REPORT==== 14-Mar-2013::16:17:12 ===
Loading routes from "/home/silence/devel/erlang/cb_tutorial/priv/cb_tutorial.routes" ....

=INFO REPORT==== 14-Mar-2013::16:17:12 ===
Loading routes from "/home/silence/devel/erlang/cb_tutorial/priv/cb_tutorial.routes" ....

=INFO REPORT==== 14-Mar-2013::16:17:13 ===
Loading routes from "/home/silence/devel/erlang/cb_tutorial/priv/cb_tutorial.routes" ....

=INFO REPORT==== 14-Mar-2013::16:17:51 ===
Loading routes from "/home/silence/devel/erlang/cb_tutorial/priv/cb_tutorial.routes" ....

=INFO REPORT==== 14-Mar-2013::16:17:51 ===
GET /greeting/live [cb_tutorial] 200 119ms

=INFO REPORT==== 14-Mar-2013::16:17:51 ===
Loading routes from "/home/silence/devel/erlang/cb_tutorial/priv/cb_tutorial.routes" ....

=INFO REPORT==== 14-Mar-2013::16:17:51 ===
Loading routes from "/home/silence/devel/erlang/cb_tutorial/priv/cb_tutorial.routes" ....

=INFO REPORT==== 14-Mar-2013::16:19:54 ===
Loading routes from "/home/silence/devel/erlang/cb_tutorial/priv/cb_tutorial.routes" ....

=INFO REPORT==== 14-Mar-2013::16:19:54 ===
GET /greeting/live [cb_tutorial] 200 109ms

=INFO REPORT==== 14-Mar-2013::16:19:54 ===
Loading routes from "/home/silence/devel/erlang/cb_tutorial/priv/cb_tutorial.routes" ....

=INFO REPORT==== 14-Mar-2013::16:19:55 ===
Loading routes from "/home/silence/devel/erlang/cb_tutorial/priv/cb_tutorial.routes" ....

=INFO REPORT==== 14-Mar-2013::16:19:57 ===
Loading routes from "/home/silence/devel/erlang/cb_tutorial/priv/cb_tutorial.routes" ....

=INFO REPORT==== 14-Mar-2013::16:19:57 ===
GET /greeting/live [cb_tutorial] 200 94ms

=INFO REPORT==== 14-Mar-2013::16:19:57 ===
Loading routes from "/home/silence/devel/erlang/cb_tutorial/priv/cb_tutorial.routes" ....

=INFO REPORT==== 14-Mar-2013::16:19:58 ===
Loading routes from "/home/silence/devel/erlang/cb_tutorial/priv/cb_tutorial.routes" ....

=INFO REPORT==== 14-Mar-2013::16:20:00 ===
Loading routes from "/home/silence/devel/erlang/cb_tutorial/priv/cb_tutorial.routes" ....

=ERROR REPORT==== 14-Mar-2013::16:20:00 ===
GET / [cb_tutorial] 404 7ms

=INFO REPORT==== 14-Mar-2013::16:20:01 ===
Loading routes from "/home/silence/devel/erlang/cb_tutorial/priv/cb_tutorial.routes" ....

=INFO REPORT==== 14-Mar-2013::16:20:01 ===
Loading routes from "/home/silence/devel/erlang/cb_tutorial/priv/cb_tutorial.routes" ....

=INFO REPORT==== 14-Mar-2013::16:20:02 ===
Loading routes from "/home/silence/devel/erlang/cb_tutorial/priv/cb_tutorial.routes" ....

=INFO REPORT==== 14-Mar-2013::16:20:02 ===
Loading routes from "/home/silence/devel/erlang/cb_tutorial/priv/cb_tutorial.routes" ....

=INFO REPORT==== 14-Mar-2013::16:21:36 ===
Loading routes from "/home/silence/devel/erlang/cb_tutorial/priv/cb_tutorial.routes" ....

=INFO REPORT==== 14-Mar-2013::16:21:36 ===
GET /greeting/live [cb_tutorial] 302 116ms

=INFO REPORT==== 14-Mar-2013::16:21:36 ===
Loading routes from "/home/silence/devel/erlang/cb_tutorial/priv/cb_tutorial.routes" ....

=INFO REPORT==== 14-Mar-2013::16:21:36 ===
GET /member/login [cb_tutorial] 200 299ms

=INFO REPORT==== 14-Mar-2013::16:24:32 ===
Loading routes from "/home/silence/devel/erlang/cb_tutorial/priv/cb_tutorial.routes" ....

=INFO REPORT==== 14-Mar-2013::16:24:32 ===
GET /greeting/live [cb_tutorial] 200 99ms

=INFO REPORT==== 14-Mar-2013::16:24:33 ===
Loading routes from "/home/silence/devel/erlang/cb_tutorial/priv/cb_tutorial.routes" ....

=INFO REPORT==== 14-Mar-2013::16:24:48 ===
Loading routes from "/home/silence/devel/erlang/cb_tutorial/priv/cb_tutorial.routes" ....

=INFO REPORT==== 14-Mar-2013::16:24:48 ===
GET /greeting/live [cb_tutorial] 200 111ms

=INFO REPORT==== 14-Mar-2013::16:24:49 ===
Loading routes from "/home/silence/devel/erlang/cb_tutorial/priv/cb_tutorial.routes" ....

=INFO REPORT==== 14-Mar-2013::16:24:49 ===
Loading routes from "/home/silence/devel/erlang/cb_tutorial/priv/cb_tutorial.routes" ....

=INFO REPORT==== 14-Mar-2013::16:25:52 ===
Loading routes from "/home/silence/devel/erlang/cb_tutorial/priv/cb_tutorial.routes" ....

=INFO REPORT==== 14-Mar-2013::16:25:52 ===
Loading routes from "/home/silence/devel/erlang/cb_tutorial/priv/cb_tutorial.routes" ....

=INFO REPORT==== 14-Mar-2013::16:25:52 ===
GET /greeting/live [cb_tutorial] 200 120ms

=INFO REPORT==== 14-Mar-2013::16:25:53 ===
Loading routes from "/home/silence/devel/erlang/cb_tutorial/priv/cb_tutorial.routes" ....

=INFO REPORT==== 14-Mar-2013::16:26:14 ===
Loading routes from "/home/silence/devel/erlang/cb_tutorial/priv/cb_tutorial.routes" ....

=INFO REPORT==== 14-Mar-2013::16:26:14 ===
Loading routes from "/home/silence/devel/erlang/cb_tutorial/priv/cb_tutorial.routes" ....

=INFO REPORT==== 14-Mar-2013::16:26:14 ===
GET /greeting/live [cb_tutorial] 200 168ms

=INFO REPORT==== 14-Mar-2013::16:26:14 ===
Loading routes from "/home/silence/devel/erlang/cb_tutorial/priv/cb_tutorial.routes" ....

=INFO REPORT==== 14-Mar-2013::16:26:14 ===
Loading routes from "/home/silence/devel/erlang/cb_tutorial/priv/cb_tutorial.routes" ....

=INFO REPORT==== 14-Mar-2013::16:26:15 ===
Loading routes from "/home/silence/devel/erlang/cb_tutorial/priv/cb_tutorial.routes" ....

=INFO REPORT==== 14-Mar-2013::16:27:53 ===
Loading routes from "/home/silence/devel/erlang/cb_tutorial/priv/cb_tutorial.routes" ....

=INFO REPORT==== 14-Mar-2013::16:27:53 ===
Loading routes from "/home/silence/devel/erlang/cb_tutorial/priv/cb_tutorial.routes" ....

=INFO REPORT==== 14-Mar-2013::16:27:53 ===
GET /greeting/live [cb_tutorial] 200 131ms

=INFO REPORT==== 14-Mar-2013::16:27:53 ===
Loading routes from "/home/silence/devel/erlang/cb_tutorial/priv/cb_tutorial.routes" ....

=INFO REPORT==== 14-Mar-2013::16:27:53 ===
Loading routes from "/home/silence/devel/erlang/cb_tutorial/priv/cb_tutorial.routes" ....

=INFO REPORT==== 14-Mar-2013::16:27:54 ===
Loading routes from "/home/silence/devel/erlang/cb_tutorial/priv/cb_tutorial.routes" ....

=INFO REPORT==== 14-Mar-2013::16:27:54 ===
Loading routes from "/home/silence/devel/erlang/cb_tutorial/priv/cb_tutorial.routes" ....

=INFO REPORT==== 14-Mar-2013::16:27:54 ===
Loading routes from "/home/silence/devel/erlang/cb_tutorial/priv/cb_tutorial.routes" ....

=INFO REPORT==== 14-Mar-2013::16:27:55 ===
GET /greeting/live [cb_tutorial] 200 973ms

=INFO REPORT==== 14-Mar-2013::16:27:56 ===
Loading routes from "/home/silence/devel/erlang/cb_tutorial/priv/cb_tutorial.routes" ....

=INFO REPORT==== 14-Mar-2013::16:27:56 ===
Loading routes from "/home/silence/devel/erlang/cb_tutorial/priv/cb_tutorial.routes" ....

=INFO REPORT==== 14-Mar-2013::16:27:56 ===
Loading routes from "/home/silence/devel/erlang/cb_tutorial/priv/cb_tutorial.routes" ....

=INFO REPORT==== 14-Mar-2013::16:27:57 ===
Loading routes from "/home/silence/devel/erlang/cb_tutorial/priv/cb_tutorial.routes" ....

=INFO REPORT==== 14-Mar-2013::16:27:57 ===
Loading routes from "/home/silence/devel/erlang/cb_tutorial/priv/cb_tutorial.routes" ....

=INFO REPORT==== 14-Mar-2013::16:27:57 ===
Loading routes from "/home/silence/devel/erlang/cb_tutorial/priv/cb_tutorial.routes" ....

=INFO REPORT==== 14-Mar-2013::16:27:58 ===
Loading routes from "/home/silence/devel/erlang/cb_tutorial/priv/cb_tutorial.routes" ....

=INFO REPORT==== 14-Mar-2013::16:28:54 ===
Loading routes from "/home/silence/devel/erlang/cb_tutorial/priv/cb_tutorial.routes" ....

=INFO REPORT==== 14-Mar-2013::16:28:55 ===
GET /greeting/live [cb_tutorial] 200 127ms

=INFO REPORT==== 14-Mar-2013::16:28:55 ===
Loading routes from "/home/silence/devel/erlang/cb_tutorial/priv/cb_tutorial.routes" ....

=INFO REPORT==== 14-Mar-2013::16:30:02 ===
Loading routes from "/home/silence/devel/erlang/cb_tutorial/priv/cb_tutorial.routes" ....

=INFO REPORT==== 14-Mar-2013::16:30:02 ===
GET /greeting/live [cb_tutorial] 200 128ms

=INFO REPORT==== 14-Mar-2013::16:30:03 ===
Loading routes from "/home/silence/devel/erlang/cb_tutorial/priv/cb_tutorial.routes" ....

=INFO REPORT==== 14-Mar-2013::16:30:03 ===
Loading routes from "/home/silence/devel/erlang/cb_tutorial/priv/cb_tutorial.routes" ....

=INFO REPORT==== 14-Mar-2013::16:30:42 ===
Loading routes from "/home/silence/devel/erlang/cb_tutorial/priv/cb_tutorial.routes" ....

=INFO REPORT==== 14-Mar-2013::16:30:42 ===
Loading routes from "/home/silence/devel/erlang/cb_tutorial/priv/cb_tutorial.routes" ....

=INFO REPORT==== 14-Mar-2013::16:30:42 ===
GET /greeting/live [cb_tutorial] 200 128ms

=INFO REPORT==== 14-Mar-2013::16:30:42 ===
Loading routes from "/home/silence/devel/erlang/cb_tutorial/priv/cb_tutorial.routes" ....

=INFO REPORT==== 14-Mar-2013::16:30:42 ===
Loading routes from "/home/silence/devel/erlang/cb_tutorial/priv/cb_tutorial.routes" ....

=INFO REPORT==== 14-Mar-2013::16:30:42 ===
Loading routes from "/home/silence/devel/erlang/cb_tutorial/priv/cb_tutorial.routes" ....

=INFO REPORT==== 14-Mar-2013::16:31:01 ===
Loading routes from "/home/silence/devel/erlang/cb_tutorial/priv/cb_tutorial.routes" ....

=INFO REPORT==== 14-Mar-2013::16:31:01 ===
GET /greeting/live [cb_tutorial] 200 129ms

=INFO REPORT==== 14-Mar-2013::16:31:01 ===
Loading routes from "/home/silence/devel/erlang/cb_tutorial/priv/cb_tutorial.routes" ....

=INFO REPORT==== 14-Mar-2013::16:31:01 ===
Loading routes from "/home/silence/devel/erlang/cb_tutorial/priv/cb_tutorial.routes" ....

=INFO REPORT==== 14-Mar-2013::16:31:03 ===
Loading routes from "/home/silence/devel/erlang/cb_tutorial/priv/cb_tutorial.routes" ....

=INFO REPORT==== 14-Mar-2013::16:31:03 ===
Loading routes from "/home/silence/devel/erlang/cb_tutorial/priv/cb_tutorial.routes" ....

=INFO REPORT==== 14-Mar-2013::16:31:12 ===
Loading routes from "/home/silence/devel/erlang/cb_tutorial/priv/cb_tutorial.routes" ....

=INFO REPORT==== 14-Mar-2013::16:31:13 ===
GET /greeting/live [cb_tutorial] 200 128ms

=INFO REPORT==== 14-Mar-2013::16:31:13 ===
Loading routes from "/home/silence/devel/erlang/cb_tutorial/priv/cb_tutorial.routes" ....

=INFO REPORT==== 14-Mar-2013::16:31:13 ===
Loading routes from "/home/silence/devel/erlang/cb_tutorial/priv/cb_tutorial.routes" ....

=INFO REPORT==== 14-Mar-2013::16:31:50 ===
Loading routes from "/home/silence/devel/erlang/cb_tutorial/priv/cb_tutorial.routes" ....

=INFO REPORT==== 14-Mar-2013::16:31:50 ===
Loading routes from "/home/silence/devel/erlang/cb_tutorial/priv/cb_tutorial.routes" ....

=INFO REPORT==== 14-Mar-2013::16:31:50 ===
GET /greeting/live [cb_tutorial] 200 137ms

=INFO REPORT==== 14-Mar-2013::16:31:50 ===
Loading routes from "/home/silence/devel/erlang/cb_tutorial/priv/cb_tutorial.routes" ....

=INFO REPORT==== 14-Mar-2013::16:31:51 ===
Loading routes from "/home/silence/devel/erlang/cb_tutorial/priv/cb_tutorial.routes" ....

=INFO REPORT==== 14-Mar-2013::16:31:51 ===
Loading routes from "/home/silence/devel/erlang/cb_tutorial/priv/cb_tutorial.routes" ....

=INFO REPORT==== 14-Mar-2013::16:32:22 ===
Loading routes from "/home/silence/devel/erlang/cb_tutorial/priv/cb_tutorial.routes" ....

=INFO REPORT==== 14-Mar-2013::16:32:22 ===
GET /greeting/live [cb_tutorial] 200 129ms

=INFO REPORT==== 14-Mar-2013::16:32:23 ===
Loading routes from "/home/silence/devel/erlang/cb_tutorial/priv/cb_tutorial.routes" ....

=INFO REPORT==== 14-Mar-2013::16:32:23 ===
Loading routes from "/home/silence/devel/erlang/cb_tutorial/priv/cb_tutorial.routes" ....

=INFO REPORT==== 14-Mar-2013::16:32:23 ===
Loading routes from "/home/silence/devel/erlang/cb_tutorial/priv/cb_tutorial.routes" ....

=INFO REPORT==== 14-Mar-2013::16:32:23 ===
Loading routes from "/home/silence/devel/erlang/cb_tutorial/priv/cb_tutorial.routes" ....

=INFO REPORT==== 14-Mar-2013::16:32:24 ===
Loading routes from "/home/silence/devel/erlang/cb_tutorial/priv/cb_tutorial.routes" ....

=INFO REPORT==== 14-Mar-2013::16:32:25 ===
GET /greeting/live [cb_tutorial] 200 130ms

=INFO REPORT==== 14-Mar-2013::16:32:25 ===
Loading routes from "/home/silence/devel/erlang/cb_tutorial/priv/cb_tutorial.routes" ....

=INFO REPORT==== 14-Mar-2013::16:32:25 ===
Loading routes from "/home/silence/devel/erlang/cb_tutorial/priv/cb_tutorial.routes" ....

=INFO REPORT==== 14-Mar-2013::16:32:32 ===
Loading routes from "/home/silence/devel/erlang/cb_tutorial/priv/cb_tutorial.routes" ....

=INFO REPORT==== 14-Mar-2013::16:32:32 ===
Loading routes from "/home/silence/devel/erlang/cb_tutorial/priv/cb_tutorial.routes" ....

=INFO REPORT==== 14-Mar-2013::16:32:32 ===
GET /greeting/live [cb_tutorial] 200 142ms

=INFO REPORT==== 14-Mar-2013::16:32:32 ===
Loading routes from "/home/silence/devel/erlang/cb_tutorial/priv/cb_tutorial.routes" ....

=INFO REPORT==== 14-Mar-2013::16:32:32 ===
Loading routes from "/home/silence/devel/erlang/cb_tutorial/priv/cb_tutorial.routes" ....

=INFO REPORT==== 14-Mar-2013::16:32:33 ===
Loading routes from "/home/silence/devel/erlang/cb_tutorial/priv/cb_tutorial.routes" ....

=INFO REPORT==== 14-Mar-2013::16:36:47 ===
Loading routes from "/home/silence/devel/erlang/cb_tutorial/priv/cb_tutorial.routes" ....

=INFO REPORT==== 14-Mar-2013::16:36:47 ===
GET /greeting/live [cb_tutorial] 200 111ms

=INFO REPORT==== 14-Mar-2013::16:36:48 ===
Loading routes from "/home/silence/devel/erlang/cb_tutorial/priv/cb_tutorial.routes" ....

=INFO REPORT==== 14-Mar-2013::16:36:48 ===
Loading routes from "/home/silence/devel/erlang/cb_tutorial/priv/cb_tutorial.routes" ....

=INFO REPORT==== 14-Mar-2013::16:36:48 ===
Loading routes from "/home/silence/devel/erlang/cb_tutorial/priv/cb_tutorial.routes" ....

=INFO REPORT==== 14-Mar-2013::16:36:48 ===
Loading routes from "/home/silence/devel/erlang/cb_tutorial/priv/cb_tutorial.routes" ....

=INFO REPORT==== 14-Mar-2013::16:40:05 ===
Loading routes from "/home/silence/devel/erlang/cb_tutorial/priv/cb_tutorial.routes" ....

=INFO REPORT==== 14-Mar-2013::16:40:05 ===
GET /greeting/live [cb_tutorial] 200 144ms

=INFO REPORT==== 14-Mar-2013::16:40:05 ===
Loading routes from "/home/silence/devel/erlang/cb_tutorial/priv/cb_tutorial.routes" ....

=INFO REPORT==== 14-Mar-2013::16:40:06 ===
Loading routes from "/home/silence/devel/erlang/cb_tutorial/priv/cb_tutorial.routes" ....

=INFO REPORT==== 14-Mar-2013::16:41:28 ===
Loading routes from "/home/silence/devel/erlang/cb_tutorial/priv/cb_tutorial.routes" ....

=INFO REPORT==== 14-Mar-2013::16:41:28 ===
Loading routes from "/home/silence/devel/erlang/cb_tutorial/priv/cb_tutorial.routes" ....

=INFO REPORT==== 14-Mar-2013::16:41:28 ===
GET /greeting/live [cb_tutorial] 200 150ms

=INFO REPORT==== 14-Mar-2013::16:41:28 ===
Loading routes from "/home/silence/devel/erlang/cb_tutorial/priv/cb_tutorial.routes" ....

=INFO REPORT==== 14-Mar-2013::16:41:33 ===
Loading routes from "/home/silence/devel/erlang/cb_tutorial/priv/cb_tutorial.routes" ....

=INFO REPORT==== 14-Mar-2013::16:41:33 ===
GET /greeting/live [cb_tutorial] 200 99ms

=INFO REPORT==== 14-Mar-2013::16:41:33 ===
Loading routes from "/home/silence/devel/erlang/cb_tutorial/priv/cb_tutorial.routes" ....

=INFO REPORT==== 14-Mar-2013::16:41:33 ===
Loading routes from "/home/silence/devel/erlang/cb_tutorial/priv/cb_tutorial.routes" ....

=INFO REPORT==== 14-Mar-2013::16:41:33 ===
Loading routes from "/home/silence/devel/erlang/cb_tutorial/priv/cb_tutorial.routes" ....

=INFO REPORT==== 14-Mar-2013::16:41:34 ===
Loading routes from "/home/silence/devel/erlang/cb_tutorial/priv/cb_tutorial.routes" ....

=INFO REPORT==== 14-Mar-2013::16:41:34 ===
Loading routes from "/home/silence/devel/erlang/cb_tutorial/priv/cb_tutorial.routes" ....

=INFO REPORT==== 14-Mar-2013::16:41:34 ===
Loading routes from "/home/silence/devel/erlang/cb_tutorial/priv/cb_tutorial.routes" ....

=INFO REPORT==== 14-Mar-2013::16:41:35 ===
Loading routes from "/home/silence/devel/erlang/cb_tutorial/priv/cb_tutorial.routes" ....

=INFO REPORT==== 14-Mar-2013::16:41:35 ===
Loading routes from "/home/silence/devel/erlang/cb_tutorial/priv/cb_tutorial.routes" ....

=INFO REPORT==== 14-Mar-2013::16:41:36 ===
Loading routes from "/home/silence/devel/erlang/cb_tutorial/priv/cb_tutorial.routes" ....

=INFO REPORT==== 14-Mar-2013::16:42:26 ===
Loading routes from "/home/silence/devel/erlang/cb_tutorial/priv/cb_tutorial.routes" ....

=INFO REPORT==== 14-Mar-2013::16:42:27 ===
GET /greeting/live [cb_tutorial] 200 146ms

=INFO REPORT==== 14-Mar-2013::16:42:27 ===
Loading routes from "/home/silence/devel/erlang/cb_tutorial/priv/cb_tutorial.routes" ....

=INFO REPORT==== 14-Mar-2013::16:42:34 ===
Loading routes from "/home/silence/devel/erlang/cb_tutorial/priv/cb_tutorial.routes" ....

=INFO REPORT==== 14-Mar-2013::16:42:34 ===
GET /greeting/live [cb_tutorial] 200 142ms

=INFO REPORT==== 14-Mar-2013::16:42:34 ===
Loading routes from "/home/silence/devel/erlang/cb_tutorial/priv/cb_tutorial.routes" ....

=INFO REPORT==== 14-Mar-2013::16:42:35 ===
Loading routes from "/home/silence/devel/erlang/cb_tutorial/priv/cb_tutorial.routes" ....

=INFO REPORT==== 14-Mar-2013::16:42:40 ===
Loading routes from "/home/silence/devel/erlang/cb_tutorial/priv/cb_tutorial.routes" ....

=INFO REPORT==== 14-Mar-2013::16:42:40 ===
Loading routes from "/home/silence/devel/erlang/cb_tutorial/priv/cb_tutorial.routes" ....

=INFO REPORT==== 14-Mar-2013::16:42:40 ===
GET /greeting/live [cb_tutorial] 200 139ms

=INFO REPORT==== 14-Mar-2013::16:42:40 ===
Loading routes from "/home/silence/devel/erlang/cb_tutorial/priv/cb_tutorial.routes" ....

=INFO REPORT==== 14-Mar-2013::16:42:40 ===
Loading routes from "/home/silence/devel/erlang/cb_tutorial/priv/cb_tutorial.routes" ....

=INFO REPORT==== 14-Mar-2013::16:42:41 ===
Loading routes from "/home/silence/devel/erlang/cb_tutorial/priv/cb_tutorial.routes" ....

=INFO REPORT==== 14-Mar-2013::16:42:45 ===
Loading routes from "/home/silence/devel/erlang/cb_tutorial/priv/cb_tutorial.routes" ....

=INFO REPORT==== 14-Mar-2013::16:42:45 ===
GET /greeting/live [cb_tutorial] 200 136ms

=INFO REPORT==== 14-Mar-2013::16:42:45 ===
Loading routes from "/home/silence/devel/erlang/cb_tutorial/priv/cb_tutorial.routes" ....

=INFO REPORT==== 14-Mar-2013::16:42:46 ===
Loading routes from "/home/silence/devel/erlang/cb_tutorial/priv/cb_tutorial.routes" ....

=INFO REPORT==== 14-Mar-2013::16:42:46 ===
Loading routes from "/home/silence/devel/erlang/cb_tutorial/priv/cb_tutorial.routes" ....

=INFO REPORT==== 14-Mar-2013::16:42:46 ===
Loading routes from "/home/silence/devel/erlang/cb_tutorial/priv/cb_tutorial.routes" ....

=INFO REPORT==== 14-Mar-2013::16:43:05 ===
Loading routes from "/home/silence/devel/erlang/cb_tutorial/priv/cb_tutorial.routes" ....

=INFO REPORT==== 14-Mar-2013::16:43:05 ===
GET /greeting/live [cb_tutorial] 200 133ms

=INFO REPORT==== 14-Mar-2013::16:43:05 ===
Loading routes from "/home/silence/devel/erlang/cb_tutorial/priv/cb_tutorial.routes" ....

=INFO REPORT==== 14-Mar-2013::16:43:05 ===
Loading routes from "/home/silence/devel/erlang/cb_tutorial/priv/cb_tutorial.routes" ....

=INFO REPORT==== 14-Mar-2013::16:43:12 ===
Loading routes from "/home/silence/devel/erlang/cb_tutorial/priv/cb_tutorial.routes" ....

=INFO REPORT==== 14-Mar-2013::16:43:12 ===
Loading routes from "/home/silence/devel/erlang/cb_tutorial/priv/cb_tutorial.routes" ....

=INFO REPORT==== 14-Mar-2013::16:43:12 ===
GET /greeting/live [cb_tutorial] 200 139ms

=INFO REPORT==== 14-Mar-2013::16:43:13 ===
Loading routes from "/home/silence/devel/erlang/cb_tutorial/priv/cb_tutorial.routes" ....

=INFO REPORT==== 14-Mar-2013::16:43:21 ===
Loading routes from "/home/silence/devel/erlang/cb_tutorial/priv/cb_tutorial.routes" ....

=INFO REPORT==== 14-Mar-2013::16:43:22 ===
Loading routes from "/home/silence/devel/erlang/cb_tutorial/priv/cb_tutorial.routes" ....

=INFO REPORT==== 14-Mar-2013::16:43:22 ===
GET /greeting/live [cb_tutorial] 200 312ms

=INFO REPORT==== 14-Mar-2013::16:43:22 ===
Loading routes from "/home/silence/devel/erlang/cb_tutorial/priv/cb_tutorial.routes" ....

=INFO REPORT==== 14-Mar-2013::16:43:22 ===
Loading routes from "/home/silence/devel/erlang/cb_tutorial/priv/cb_tutorial.routes" ....

=INFO REPORT==== 14-Mar-2013::16:43:23 ===
Loading routes from "/home/silence/devel/erlang/cb_tutorial/priv/cb_tutorial.routes" ....

=INFO REPORT==== 14-Mar-2013::16:44:05 ===
Loading routes from "/home/silence/devel/erlang/cb_tutorial/priv/cb_tutorial.routes" ....

=INFO REPORT==== 14-Mar-2013::16:44:05 ===
Loading routes from "/home/silence/devel/erlang/cb_tutorial/priv/cb_tutorial.routes" ....

=INFO REPORT==== 14-Mar-2013::16:44:05 ===
Loading routes from "/home/silence/devel/erlang/cb_tutorial/priv/cb_tutorial.routes" ....

=INFO REPORT==== 14-Mar-2013::16:44:05 ===
GET /greeting/live [cb_tutorial] 200 188ms

=INFO REPORT==== 14-Mar-2013::16:44:06 ===
Loading routes from "/home/silence/devel/erlang/cb_tutorial/priv/cb_tutorial.routes" ....

=INFO REPORT==== 14-Mar-2013::16:44:06 ===
Loading routes from "/home/silence/devel/erlang/cb_tutorial/priv/cb_tutorial.routes" ....

=INFO REPORT==== 14-Mar-2013::16:44:07 ===
Loading routes from "/home/silence/devel/erlang/cb_tutorial/priv/cb_tutorial.routes" ....

=INFO REPORT==== 14-Mar-2013::16:45:23 ===
Loading routes from "/home/silence/devel/erlang/cb_tutorial/priv/cb_tutorial.routes" ....

=INFO REPORT==== 14-Mar-2013::16:45:23 ===
GET /greeting/live [cb_tutorial] 200 175ms

=INFO REPORT==== 14-Mar-2013::16:45:23 ===
Loading routes from "/home/silence/devel/erlang/cb_tutorial/priv/cb_tutorial.routes" ....

=INFO REPORT==== 14-Mar-2013::16:45:23 ===
Loading routes from "/home/silence/devel/erlang/cb_tutorial/priv/cb_tutorial.routes" ....

=INFO REPORT==== 14-Mar-2013::16:45:23 ===
Loading routes from "/home/silence/devel/erlang/cb_tutorial/priv/cb_tutorial.routes" ....

=INFO REPORT==== 14-Mar-2013::16:45:24 ===
Loading routes from "/home/silence/devel/erlang/cb_tutorial/priv/cb_tutorial.routes" ....

=INFO REPORT==== 14-Mar-2013::16:45:33 ===
Loading routes from "/home/silence/devel/erlang/cb_tutorial/priv/cb_tutorial.routes" ....

=INFO REPORT==== 14-Mar-2013::16:45:33 ===
GET /member/logout/cbac04bb6a210433e207beed00762a68 [cb_tutorial] 302 86ms

=INFO REPORT==== 14-Mar-2013::16:45:33 ===
Loading routes from "/home/silence/devel/erlang/cb_tutorial/priv/cb_tutorial.routes" ....

=INFO REPORT==== 14-Mar-2013::16:45:33 ===
GET /greeting/live [cb_tutorial] 302 94ms

=INFO REPORT==== 14-Mar-2013::16:45:33 ===
Loading routes from "/home/silence/devel/erlang/cb_tutorial/priv/cb_tutorial.routes" ....

=INFO REPORT==== 14-Mar-2013::16:45:33 ===
Loading routes from "/home/silence/devel/erlang/cb_tutorial/priv/cb_tutorial.routes" ....

=INFO REPORT==== 14-Mar-2013::16:45:34 ===
GET /member/login [cb_tutorial] 200 864ms

=INFO REPORT==== 14-Mar-2013::16:45:37 ===
Loading routes from "/home/silence/devel/erlang/cb_tutorial/priv/cb_tutorial.routes" ....

=INFO REPORT==== 14-Mar-2013::16:45:37 ===
POST /member/login [cb_tutorial] 302 108ms

=INFO REPORT==== 14-Mar-2013::16:45:37 ===
Loading routes from "/home/silence/devel/erlang/cb_tutorial/priv/cb_tutorial.routes" ....

=INFO REPORT==== 14-Mar-2013::16:45:37 ===
GET /greeting/live [cb_tutorial] 200 167ms

=INFO REPORT==== 14-Mar-2013::16:45:37 ===
Loading routes from "/home/silence/devel/erlang/cb_tutorial/priv/cb_tutorial.routes" ....

=INFO REPORT==== 14-Mar-2013::16:45:37 ===
Loading routes from "/home/silence/devel/erlang/cb_tutorial/priv/cb_tutorial.routes" ....

=INFO REPORT==== 14-Mar-2013::16:46:43 ===
Loading routes from "/home/silence/devel/erlang/cb_tutorial/priv/cb_tutorial.routes" ....

=INFO REPORT==== 14-Mar-2013::16:46:43 ===
GET /greeting/live [cb_tutorial] 200 89ms

=INFO REPORT==== 14-Mar-2013::16:46:44 ===
Loading routes from "/home/silence/devel/erlang/cb_tutorial/priv/cb_tutorial.routes" ....

=INFO REPORT==== 14-Mar-2013::16:46:44 ===
Loading routes from "/home/silence/devel/erlang/cb_tutorial/priv/cb_tutorial.routes" ....

=INFO REPORT==== 14-Mar-2013::16:48:00 ===
Loading routes from "/home/silence/devel/erlang/cb_tutorial/priv/cb_tutorial.routes" ....

=INFO REPORT==== 14-Mar-2013::16:48:00 ===
Loading routes from "/home/silence/devel/erlang/cb_tutorial/priv/cb_tutorial.routes" ....

=INFO REPORT==== 14-Mar-2013::16:48:00 ===
GET /greeting/live [cb_tutorial] 200 145ms

=INFO REPORT==== 14-Mar-2013::16:48:00 ===
Loading routes from "/home/silence/devel/erlang/cb_tutorial/priv/cb_tutorial.routes" ....

=INFO REPORT==== 14-Mar-2013::16:48:00 ===
Loading routes from "/home/silence/devel/erlang/cb_tutorial/priv/cb_tutorial.routes" ....

=INFO REPORT==== 14-Mar-2013::16:48:01 ===
Loading routes from "/home/silence/devel/erlang/cb_tutorial/priv/cb_tutorial.routes" ....

=INFO REPORT==== 14-Mar-2013::16:48:07 ===
Loading routes from "/home/silence/devel/erlang/cb_tutorial/priv/cb_tutorial.routes" ....

=INFO REPORT==== 14-Mar-2013::16:48:07 ===
POST /greeting/push [cb_tutorial] 200 94ms

=INFO REPORT==== 14-Mar-2013::16:48:07 ===
GET /greeting/pull/1363265280149452 [cb_tutorial] 200 6246ms

=INFO REPORT==== 14-Mar-2013::16:48:07 ===
GET /greeting/pull/1363265203690523 [cb_tutorial] 200 6091ms

=INFO REPORT==== 14-Mar-2013::16:48:07 ===
Loading routes from "/home/silence/devel/erlang/cb_tutorial/priv/cb_tutorial.routes" ....

=INFO REPORT==== 14-Mar-2013::16:48:57 ===
Loading routes from "/home/silence/devel/erlang/cb_tutorial/priv/cb_tutorial.routes" ....

=INFO REPORT==== 14-Mar-2013::16:48:57 ===
GET /greeting/live [cb_tutorial] 200 124ms

=INFO REPORT==== 14-Mar-2013::16:48:57 ===
Loading routes from "/home/silence/devel/erlang/cb_tutorial/priv/cb_tutorial.routes" ....

=INFO REPORT==== 14-Mar-2013::16:48:57 ===
Loading routes from "/home/silence/devel/erlang/cb_tutorial/priv/cb_tutorial.routes" ....

=INFO REPORT==== 14-Mar-2013::16:48:59 ===
Loading routes from "/home/silence/devel/erlang/cb_tutorial/priv/cb_tutorial.routes" ....

=INFO REPORT==== 14-Mar-2013::16:48:59 ===
Loading routes from "/home/silence/devel/erlang/cb_tutorial/priv/cb_tutorial.routes" ....

=INFO REPORT==== 14-Mar-2013::16:48:59 ===
GET /greeting/live [cb_tutorial] 200 117ms

=INFO REPORT==== 14-Mar-2013::16:48:59 ===
Loading routes from "/home/silence/devel/erlang/cb_tutorial/priv/cb_tutorial.routes" ....

=INFO REPORT==== 14-Mar-2013::16:48:59 ===
Loading routes from "/home/silence/devel/erlang/cb_tutorial/priv/cb_tutorial.routes" ....

=INFO REPORT==== 14-Mar-2013::16:49:00 ===
Loading routes from "/home/silence/devel/erlang/cb_tutorial/priv/cb_tutorial.routes" ....

=INFO REPORT==== 14-Mar-2013::16:49:00 ===
Loading routes from "/home/silence/devel/erlang/cb_tutorial/priv/cb_tutorial.routes" ....

=INFO REPORT==== 14-Mar-2013::16:49:01 ===
GET /greeting/live [cb_tutorial] 200 1051ms

=INFO REPORT==== 14-Mar-2013::16:49:01 ===
Loading routes from "/home/silence/devel/erlang/cb_tutorial/priv/cb_tutorial.routes" ....

=INFO REPORT==== 14-Mar-2013::16:49:47 ===
Loading routes from "/home/silence/devel/erlang/cb_tutorial/priv/cb_tutorial.routes" ....

=INFO REPORT==== 14-Mar-2013::16:49:47 ===
Loading routes from "/home/silence/devel/erlang/cb_tutorial/priv/cb_tutorial.routes" ....

=INFO REPORT==== 14-Mar-2013::16:49:47 ===
Loading routes from "/home/silence/devel/erlang/cb_tutorial/priv/cb_tutorial.routes" ....

=INFO REPORT==== 14-Mar-2013::16:49:47 ===
GET /greeting/live [cb_tutorial] 200 253ms

=INFO REPORT==== 14-Mar-2013::16:49:47 ===
Loading routes from "/home/silence/devel/erlang/cb_tutorial/priv/cb_tutorial.routes" ....

=INFO REPORT==== 14-Mar-2013::16:49:47 ===
Loading routes from "/home/silence/devel/erlang/cb_tutorial/priv/cb_tutorial.routes" ....

=INFO REPORT==== 14-Mar-2013::16:49:48 ===
Loading routes from "/home/silence/devel/erlang/cb_tutorial/priv/cb_tutorial.routes" ....

=INFO REPORT==== 14-Mar-2013::16:49:49 ===
Loading routes from "/home/silence/devel/erlang/cb_tutorial/priv/cb_tutorial.routes" ....

=INFO REPORT==== 14-Mar-2013::16:49:49 ===
Loading routes from "/home/silence/devel/erlang/cb_tutorial/priv/cb_tutorial.routes" ....

=INFO REPORT==== 14-Mar-2013::16:49:50 ===
Loading routes from "/home/silence/devel/erlang/cb_tutorial/priv/cb_tutorial.routes" ....

=INFO REPORT==== 14-Mar-2013::16:49:50 ===
Loading routes from "/home/silence/devel/erlang/cb_tutorial/priv/cb_tutorial.routes" ....

=INFO REPORT==== 14-Mar-2013::16:49:50 ===
Loading routes from "/home/silence/devel/erlang/cb_tutorial/priv/cb_tutorial.routes" ....

=INFO REPORT==== 14-Mar-2013::16:49:50 ===
Loading routes from "/home/silence/devel/erlang/cb_tutorial/priv/cb_tutorial.routes" ....

=INFO REPORT==== 14-Mar-2013::16:50:11 ===
Loading routes from "/home/silence/devel/erlang/cb_tutorial/priv/cb_tutorial.routes" ....

=INFO REPORT==== 14-Mar-2013::16:50:11 ===
GET /greeting/live [cb_tutorial] 200 119ms

=INFO REPORT==== 14-Mar-2013::16:50:11 ===
Loading routes from "/home/silence/devel/erlang/cb_tutorial/priv/cb_tutorial.routes" ....

=INFO REPORT==== 14-Mar-2013::16:50:48 ===
Loading routes from "/home/silence/devel/erlang/cb_tutorial/priv/cb_tutorial.routes" ....

=INFO REPORT==== 14-Mar-2013::16:50:48 ===
GET /greeting/live [cb_tutorial] 200 117ms

=INFO REPORT==== 14-Mar-2013::16:50:48 ===
Loading routes from "/home/silence/devel/erlang/cb_tutorial/priv/cb_tutorial.routes" ....

=INFO REPORT==== 14-Mar-2013::16:50:48 ===
Loading routes from "/home/silence/devel/erlang/cb_tutorial/priv/cb_tutorial.routes" ....

=INFO REPORT==== 14-Mar-2013::16:51:01 ===
Loading routes from "/home/silence/devel/erlang/cb_tutorial/priv/cb_tutorial.routes" ....

=INFO REPORT==== 14-Mar-2013::16:51:01 ===
Loading routes from "/home/silence/devel/erlang/cb_tutorial/priv/cb_tutorial.routes" ....

=INFO REPORT==== 14-Mar-2013::16:51:01 ===
GET /greeting/live [cb_tutorial] 200 189ms

=INFO REPORT==== 14-Mar-2013::16:51:01 ===
Loading routes from "/home/silence/devel/erlang/cb_tutorial/priv/cb_tutorial.routes" ....

=INFO REPORT==== 14-Mar-2013::16:51:01 ===
Loading routes from "/home/silence/devel/erlang/cb_tutorial/priv/cb_tutorial.routes" ....

=INFO REPORT==== 14-Mar-2013::16:51:02 ===
Loading routes from "/home/silence/devel/erlang/cb_tutorial/priv/cb_tutorial.routes" ....

=INFO REPORT==== 14-Mar-2013::16:52:09 ===
Loading routes from "/home/silence/devel/erlang/cb_tutorial/priv/cb_tutorial.routes" ....

=INFO REPORT==== 14-Mar-2013::16:52:09 ===
Loading routes from "/home/silence/devel/erlang/cb_tutorial/priv/cb_tutorial.routes" ....

=INFO REPORT==== 14-Mar-2013::16:52:09 ===
Loading routes from "/home/silence/devel/erlang/cb_tutorial/priv/cb_tutorial.routes" ....

=INFO REPORT==== 14-Mar-2013::16:52:09 ===
GET /greeting/live [cb_tutorial] 200 170ms

=INFO REPORT==== 14-Mar-2013::16:52:09 ===
Loading routes from "/home/silence/devel/erlang/cb_tutorial/priv/cb_tutorial.routes" ....

=INFO REPORT==== 14-Mar-2013::16:52:09 ===
Loading routes from "/home/silence/devel/erlang/cb_tutorial/priv/cb_tutorial.routes" ....

=INFO REPORT==== 14-Mar-2013::16:52:10 ===
Loading routes from "/home/silence/devel/erlang/cb_tutorial/priv/cb_tutorial.routes" ....

=INFO REPORT==== 14-Mar-2013::16:52:26 ===
Loading routes from "/home/silence/devel/erlang/cb_tutorial/priv/cb_tutorial.routes" ....

=INFO REPORT==== 14-Mar-2013::16:52:26 ===
GET /greeting/live [cb_tutorial] 200 104ms

=INFO REPORT==== 14-Mar-2013::16:52:26 ===
Loading routes from "/home/silence/devel/erlang/cb_tutorial/priv/cb_tutorial.routes" ....

=INFO REPORT==== 14-Mar-2013::16:52:26 ===
Loading routes from "/home/silence/devel/erlang/cb_tutorial/priv/cb_tutorial.routes" ....

=INFO REPORT==== 14-Mar-2013::16:52:26 ===
Loading routes from "/home/silence/devel/erlang/cb_tutorial/priv/cb_tutorial.routes" ....

=INFO REPORT==== 14-Mar-2013::16:52:26 ===
Loading routes from "/home/silence/devel/erlang/cb_tutorial/priv/cb_tutorial.routes" ....

=INFO REPORT==== 14-Mar-2013::16:54:17 ===
Loading routes from "/home/silence/devel/erlang/cb_tutorial/priv/cb_tutorial.routes" ....

=INFO REPORT==== 14-Mar-2013::16:54:17 ===
GET /greeting/live [cb_tutorial] 200 83ms

=INFO REPORT==== 14-Mar-2013::16:54:17 ===
Loading routes from "/home/silence/devel/erlang/cb_tutorial/priv/cb_tutorial.routes" ....

=INFO REPORT==== 14-Mar-2013::16:54:17 ===
Loading routes from "/home/silence/devel/erlang/cb_tutorial/priv/cb_tutorial.routes" ....

=INFO REPORT==== 14-Mar-2013::16:54:17 ===
Loading routes from "/home/silence/devel/erlang/cb_tutorial/priv/cb_tutorial.routes" ....

=INFO REPORT==== 14-Mar-2013::16:54:17 ===
Loading routes from "/home/silence/devel/erlang/cb_tutorial/priv/cb_tutorial.routes" ....

=INFO REPORT==== 14-Mar-2013::16:54:36 ===
Loading routes from "/home/silence/devel/erlang/cb_tutorial/priv/cb_tutorial.routes" ....

=INFO REPORT==== 14-Mar-2013::16:54:36 ===
GET /greeting/live [cb_tutorial] 200 83ms

=INFO REPORT==== 14-Mar-2013::16:54:37 ===
Loading routes from "/home/silence/devel/erlang/cb_tutorial/priv/cb_tutorial.routes" ....

=INFO REPORT==== 14-Mar-2013::16:54:37 ===
Loading routes from "/home/silence/devel/erlang/cb_tutorial/priv/cb_tutorial.routes" ....

=INFO REPORT==== 14-Mar-2013::16:54:37 ===
Loading routes from "/home/silence/devel/erlang/cb_tutorial/priv/cb_tutorial.routes" ....

=INFO REPORT==== 14-Mar-2013::16:54:37 ===
Loading routes from "/home/silence/devel/erlang/cb_tutorial/priv/cb_tutorial.routes" ....

=INFO REPORT==== 14-Mar-2013::16:55:00 ===
Loading routes from "/home/silence/devel/erlang/cb_tutorial/priv/cb_tutorial.routes" ....

=INFO REPORT==== 14-Mar-2013::16:55:00 ===
GET /greeting/live [cb_tutorial] 200 138ms

=INFO REPORT==== 14-Mar-2013::16:55:00 ===
Loading routes from "/home/silence/devel/erlang/cb_tutorial/priv/cb_tutorial.routes" ....

=INFO REPORT==== 14-Mar-2013::16:55:00 ===
Loading routes from "/home/silence/devel/erlang/cb_tutorial/priv/cb_tutorial.routes" ....

=INFO REPORT==== 14-Mar-2013::16:55:00 ===
Loading routes from "/home/silence/devel/erlang/cb_tutorial/priv/cb_tutorial.routes" ....

=INFO REPORT==== 14-Mar-2013::16:55:00 ===
Loading routes from "/home/silence/devel/erlang/cb_tutorial/priv/cb_tutorial.routes" ....

=INFO REPORT==== 14-Mar-2013::16:55:57 ===
Loading routes from "/home/silence/devel/erlang/cb_tutorial/priv/cb_tutorial.routes" ....

=INFO REPORT==== 14-Mar-2013::16:55:57 ===
GET /greeting/live [cb_tutorial] 200 106ms

=INFO REPORT==== 14-Mar-2013::16:55:57 ===
Loading routes from "/home/silence/devel/erlang/cb_tutorial/priv/cb_tutorial.routes" ....

=INFO REPORT==== 14-Mar-2013::16:55:57 ===
Loading routes from "/home/silence/devel/erlang/cb_tutorial/priv/cb_tutorial.routes" ....

=INFO REPORT==== 14-Mar-2013::16:56:17 ===
Loading routes from "/home/silence/devel/erlang/cb_tutorial/priv/cb_tutorial.routes" ....

=INFO REPORT==== 14-Mar-2013::16:56:18 ===
Loading routes from "/home/silence/devel/erlang/cb_tutorial/priv/cb_tutorial.routes" ....

=INFO REPORT==== 14-Mar-2013::16:56:18 ===
GET /greeting/live [cb_tutorial] 200 254ms

=INFO REPORT==== 14-Mar-2013::16:56:18 ===
Loading routes from "/home/silence/devel/erlang/cb_tutorial/priv/cb_tutorial.routes" ....

=INFO REPORT==== 14-Mar-2013::17:02:44 ===
Loading routes from "/home/silence/devel/erlang/cb_tutorial/priv/cb_tutorial.routes" ....

=INFO REPORT==== 14-Mar-2013::17:02:44 ===
GET /greeting/live [cb_tutorial] 200 132ms

=INFO REPORT==== 14-Mar-2013::17:02:44 ===
Loading routes from "/home/silence/devel/erlang/cb_tutorial/priv/cb_tutorial.routes" ....

=INFO REPORT==== 14-Mar-2013::17:02:45 ===
Loading routes from "/home/silence/devel/erlang/cb_tutorial/priv/cb_tutorial.routes" ....

=INFO REPORT==== 14-Mar-2013::17:02:45 ===
Loading routes from "/home/silence/devel/erlang/cb_tutorial/priv/cb_tutorial.routes" ....

=INFO REPORT==== 14-Mar-2013::17:02:54 ===
Loading routes from "/home/silence/devel/erlang/cb_tutorial/priv/cb_tutorial.routes" ....

=INFO REPORT==== 14-Mar-2013::17:02:54 ===
GET /greeting/live [cb_tutorial] 200 84ms

=INFO REPORT==== 14-Mar-2013::17:02:54 ===
Loading routes from "/home/silence/devel/erlang/cb_tutorial/priv/cb_tutorial.routes" ....

=INFO REPORT==== 14-Mar-2013::17:02:54 ===
Loading routes from "/home/silence/devel/erlang/cb_tutorial/priv/cb_tutorial.routes" ....

=INFO REPORT==== 14-Mar-2013::17:02:59 ===
Loading routes from "/home/silence/devel/erlang/cb_tutorial/priv/cb_tutorial.routes" ....

=INFO REPORT==== 14-Mar-2013::17:02:59 ===
GET /greeting/live [cb_tutorial] 200 86ms

=INFO REPORT==== 14-Mar-2013::17:02:59 ===
Loading routes from "/home/silence/devel/erlang/cb_tutorial/priv/cb_tutorial.routes" ....

=INFO REPORT==== 14-Mar-2013::17:02:59 ===
Loading routes from "/home/silence/devel/erlang/cb_tutorial/priv/cb_tutorial.routes" ....

=INFO REPORT==== 14-Mar-2013::17:02:59 ===
Loading routes from "/home/silence/devel/erlang/cb_tutorial/priv/cb_tutorial.routes" ....

=INFO REPORT==== 14-Mar-2013::17:02:59 ===
Loading routes from "/home/silence/devel/erlang/cb_tutorial/priv/cb_tutorial.routes" ....

=INFO REPORT==== 14-Mar-2013::17:03:07 ===
Loading routes from "/home/silence/devel/erlang/cb_tutorial/priv/cb_tutorial.routes" ....

=INFO REPORT==== 14-Mar-2013::17:03:07 ===
GET /greeting/live [cb_tutorial] 200 91ms

=INFO REPORT==== 14-Mar-2013::17:03:07 ===
Loading routes from "/home/silence/devel/erlang/cb_tutorial/priv/cb_tutorial.routes" ....

=INFO REPORT==== 14-Mar-2013::17:03:07 ===
Loading routes from "/home/silence/devel/erlang/cb_tutorial/priv/cb_tutorial.routes" ....

=INFO REPORT==== 14-Mar-2013::17:03:08 ===
Loading routes from "/home/silence/devel/erlang/cb_tutorial/priv/cb_tutorial.routes" ....

=INFO REPORT==== 14-Mar-2013::17:03:08 ===
Loading routes from "/home/silence/devel/erlang/cb_tutorial/priv/cb_tutorial.routes" ....

=INFO REPORT==== 14-Mar-2013::17:03:08 ===
Loading routes from "/home/silence/devel/erlang/cb_tutorial/priv/cb_tutorial.routes" ....

=INFO REPORT==== 14-Mar-2013::17:03:09 ===
Loading routes from "/home/silence/devel/erlang/cb_tutorial/priv/cb_tutorial.routes" ....

=INFO REPORT==== 14-Mar-2013::17:03:11 ===
Loading routes from "/home/silence/devel/erlang/cb_tutorial/priv/cb_tutorial.routes" ....

=INFO REPORT==== 14-Mar-2013::17:03:11 ===
POST /greeting/push [cb_tutorial] 200 88ms

=INFO REPORT==== 14-Mar-2013::17:03:11 ===
GET /greeting/pull/1363266187706568 [cb_tutorial] 200 1832ms

=INFO REPORT==== 14-Mar-2013::17:03:11 ===
Loading routes from "/home/silence/devel/erlang/cb_tutorial/priv/cb_tutorial.routes" ....

=INFO REPORT==== 14-Mar-2013::17:03:11 ===
Loading routes from "/home/silence/devel/erlang/cb_tutorial/priv/cb_tutorial.routes" ....

=INFO REPORT==== 14-Mar-2013::17:03:11 ===
Loading routes from "/home/silence/devel/erlang/cb_tutorial/priv/cb_tutorial.routes" ....

=INFO REPORT==== 14-Mar-2013::17:03:11 ===
GET /greeting/pull/1363266179144908 [cb_tutorial] 200 439ms

=INFO REPORT==== 14-Mar-2013::17:03:11 ===
GET /greeting/pull/1363266174317103 [cb_tutorial] 200 555ms

=INFO REPORT==== 14-Mar-2013::17:03:12 ===
Loading routes from "/home/silence/devel/erlang/cb_tutorial/priv/cb_tutorial.routes" ....

=INFO REPORT==== 14-Mar-2013::17:03:12 ===
POST /greeting/push [cb_tutorial] 200 87ms

=INFO REPORT==== 14-Mar-2013::17:03:12 ===
GET /greeting/pull/1363266191091905 [cb_tutorial] 200 1220ms

=INFO REPORT==== 14-Mar-2013::17:03:12 ===
Loading routes from "/home/silence/devel/erlang/cb_tutorial/priv/cb_tutorial.routes" ....

=INFO REPORT==== 14-Mar-2013::17:03:13 ===
Loading routes from "/home/silence/devel/erlang/cb_tutorial/priv/cb_tutorial.routes" ....

=INFO REPORT==== 14-Mar-2013::17:03:13 ===
POST /greeting/push [cb_tutorial] 200 87ms

=INFO REPORT==== 14-Mar-2013::17:03:13 ===
GET /greeting/pull/1363266192665981 [cb_tutorial] 200 890ms

=INFO REPORT==== 14-Mar-2013::17:03:14 ===
Loading routes from "/home/silence/devel/erlang/cb_tutorial/priv/cb_tutorial.routes" ....

=INFO REPORT==== 14-Mar-2013::17:03:14 ===
Loading routes from "/home/silence/devel/erlang/cb_tutorial/priv/cb_tutorial.routes" ....

=INFO REPORT==== 14-Mar-2013::17:03:14 ===
POST /greeting/push [cb_tutorial] 200 87ms

=INFO REPORT==== 14-Mar-2013::17:03:14 ===
GET /greeting/pull/1363266193865207 [cb_tutorial] 200 799ms

=INFO REPORT==== 14-Mar-2013::17:03:15 ===
Loading routes from "/home/silence/devel/erlang/cb_tutorial/priv/cb_tutorial.routes" ....

=INFO REPORT==== 14-Mar-2013::17:03:16 ===
Loading routes from "/home/silence/devel/erlang/cb_tutorial/priv/cb_tutorial.routes" ....

=INFO REPORT==== 14-Mar-2013::17:03:16 ===
POST /greeting/push [cb_tutorial] 200 98ms

=INFO REPORT==== 14-Mar-2013::17:03:16 ===
GET /greeting/pull/1363266194969218 [cb_tutorial] 200 891ms

=INFO REPORT==== 14-Mar-2013::17:03:16 ===
Loading routes from "/home/silence/devel/erlang/cb_tutorial/priv/cb_tutorial.routes" ....

=INFO REPORT==== 14-Mar-2013::17:03:17 ===
Loading routes from "/home/silence/devel/erlang/cb_tutorial/priv/cb_tutorial.routes" ....

=INFO REPORT==== 14-Mar-2013::17:03:17 ===
POST /greeting/push [cb_tutorial] 200 82ms

=INFO REPORT==== 14-Mar-2013::17:03:17 ===
GET /greeting/pull/1363266196161377 [cb_tutorial] 200 800ms

=INFO REPORT==== 14-Mar-2013::17:03:17 ===
Loading routes from "/home/silence/devel/erlang/cb_tutorial/priv/cb_tutorial.routes" ....

=INFO REPORT==== 14-Mar-2013::17:03:18 ===
Loading routes from "/home/silence/devel/erlang/cb_tutorial/priv/cb_tutorial.routes" ....

=INFO REPORT==== 14-Mar-2013::17:03:18 ===
POST /greeting/push [cb_tutorial] 200 101ms

=INFO REPORT==== 14-Mar-2013::17:03:18 ===
GET /greeting/pull/1363266197269098 [cb_tutorial] 200 873ms

=INFO REPORT==== 14-Mar-2013::17:03:18 ===
Loading routes from "/home/silence/devel/erlang/cb_tutorial/priv/cb_tutorial.routes" ....

=INFO REPORT==== 14-Mar-2013::17:03:19 ===
Loading routes from "/home/silence/devel/erlang/cb_tutorial/priv/cb_tutorial.routes" ....

=INFO REPORT==== 14-Mar-2013::17:03:19 ===
POST /greeting/push [cb_tutorial] 200 85ms

=INFO REPORT==== 14-Mar-2013::17:03:19 ===
GET /greeting/pull/1363266198495297 [cb_tutorial] 200 860ms

=INFO REPORT==== 14-Mar-2013::17:03:20 ===
Loading routes from "/home/silence/devel/erlang/cb_tutorial/priv/cb_tutorial.routes" ....

=INFO REPORT==== 14-Mar-2013::17:03:21 ===
Loading routes from "/home/silence/devel/erlang/cb_tutorial/priv/cb_tutorial.routes" ....

=INFO REPORT==== 14-Mar-2013::17:03:21 ===
POST /greeting/push [cb_tutorial] 200 80ms

=INFO REPORT==== 14-Mar-2013::17:03:21 ===
GET /greeting/pull/1363266199719394 [cb_tutorial] 200 1097ms

=INFO REPORT==== 14-Mar-2013::17:03:21 ===
Loading routes from "/home/silence/devel/erlang/cb_tutorial/priv/cb_tutorial.routes" ....

=INFO REPORT==== 14-Mar-2013::17:03:22 ===
Loading routes from "/home/silence/devel/erlang/cb_tutorial/priv/cb_tutorial.routes" ....

=INFO REPORT==== 14-Mar-2013::17:03:22 ===
POST /greeting/push [cb_tutorial] 200 89ms

=INFO REPORT==== 14-Mar-2013::17:03:22 ===
GET /greeting/pull/1363266201137746 [cb_tutorial] 200 1399ms

=INFO REPORT==== 14-Mar-2013::17:03:23 ===
Loading routes from "/home/silence/devel/erlang/cb_tutorial/priv/cb_tutorial.routes" ....

=INFO REPORT==== 14-Mar-2013::17:03:40 ===
Loading routes from "/home/silence/devel/erlang/cb_tutorial/priv/cb_tutorial.routes" ....

=INFO REPORT==== 14-Mar-2013::17:03:40 ===
GET /greeting/live [cb_tutorial] 200 89ms

=INFO REPORT==== 14-Mar-2013::17:03:41 ===
Loading routes from "/home/silence/devel/erlang/cb_tutorial/priv/cb_tutorial.routes" ....

=INFO REPORT==== 14-Mar-2013::17:03:41 ===
Loading routes from "/home/silence/devel/erlang/cb_tutorial/priv/cb_tutorial.routes" ....

=INFO REPORT==== 14-Mar-2013::17:03:56 ===
Loading routes from "/home/silence/devel/erlang/cb_tutorial/priv/cb_tutorial.routes" ....

=INFO REPORT==== 14-Mar-2013::17:03:56 ===
Loading routes from "/home/silence/devel/erlang/cb_tutorial/priv/cb_tutorial.routes" ....

=INFO REPORT==== 14-Mar-2013::17:03:56 ===
GET /greeting/live [cb_tutorial] 200 95ms

=INFO REPORT==== 14-Mar-2013::17:03:56 ===
Loading routes from "/home/silence/devel/erlang/cb_tutorial/priv/cb_tutorial.routes" ....

=INFO REPORT==== 14-Mar-2013::17:03:57 ===
Loading routes from "/home/silence/devel/erlang/cb_tutorial/priv/cb_tutorial.routes" ....

=INFO REPORT==== 14-Mar-2013::17:03:57 ===
Loading routes from "/home/silence/devel/erlang/cb_tutorial/priv/cb_tutorial.routes" ....

=INFO REPORT==== 14-Mar-2013::17:03:57 ===
Loading routes from "/home/silence/devel/erlang/cb_tutorial/priv/cb_tutorial.routes" ....

=INFO REPORT==== 14-Mar-2013::17:03:58 ===
Loading routes from "/home/silence/devel/erlang/cb_tutorial/priv/cb_tutorial.routes" ....

=INFO REPORT==== 14-Mar-2013::17:03:58 ===
Loading routes from "/home/silence/devel/erlang/cb_tutorial/priv/cb_tutorial.routes" ....

=INFO REPORT==== 14-Mar-2013::17:03:59 ===
Loading routes from "/home/silence/devel/erlang/cb_tutorial/priv/cb_tutorial.routes" ....

=INFO REPORT==== 14-Mar-2013::17:03:59 ===
Loading routes from "/home/silence/devel/erlang/cb_tutorial/priv/cb_tutorial.routes" ....

=INFO REPORT==== 14-Mar-2013::17:04:04 ===
Loading routes from "/home/silence/devel/erlang/cb_tutorial/priv/cb_tutorial.routes" ....

=INFO REPORT==== 14-Mar-2013::17:04:04 ===
GET /greeting/live [cb_tutorial] 200 106ms

=INFO REPORT==== 14-Mar-2013::17:04:04 ===
Loading routes from "/home/silence/devel/erlang/cb_tutorial/priv/cb_tutorial.routes" ....

=INFO REPORT==== 14-Mar-2013::17:04:16 ===
Loading routes from "/home/silence/devel/erlang/cb_tutorial/priv/cb_tutorial.routes" ....

=INFO REPORT==== 14-Mar-2013::17:04:16 ===
GET /greeting/live [cb_tutorial] 200 100ms

=INFO REPORT==== 14-Mar-2013::17:04:17 ===
Loading routes from "/home/silence/devel/erlang/cb_tutorial/priv/cb_tutorial.routes" ....

=INFO REPORT==== 14-Mar-2013::17:04:17 ===
Loading routes from "/home/silence/devel/erlang/cb_tutorial/priv/cb_tutorial.routes" ....

=INFO REPORT==== 14-Mar-2013::17:10:20 ===
Loading routes from "/home/silence/devel/erlang/cb_tutorial/priv/cb_tutorial.routes" ....

=INFO REPORT==== 14-Mar-2013::17:10:20 ===
GET /greeting/live [cb_tutorial] 200 120ms

=INFO REPORT==== 14-Mar-2013::17:10:20 ===
Loading routes from "/home/silence/devel/erlang/cb_tutorial/priv/cb_tutorial.routes" ....

=INFO REPORT==== 14-Mar-2013::17:10:20 ===
Loading routes from "/home/silence/devel/erlang/cb_tutorial/priv/cb_tutorial.routes" ....

=INFO REPORT==== 14-Mar-2013::17:10:20 ===
Loading routes from "/home/silence/devel/erlang/cb_tutorial/priv/cb_tutorial.routes" ....

=INFO REPORT==== 14-Mar-2013::17:10:27 ===
Loading routes from "/home/silence/devel/erlang/cb_tutorial/priv/cb_tutorial.routes" ....

=INFO REPORT==== 14-Mar-2013::17:10:27 ===
POST /greeting/push [cb_tutorial] 200 103ms

=INFO REPORT==== 14-Mar-2013::17:10:27 ===
GET /greeting/pull/1363266620168389 [cb_tutorial] 200 6568ms

=INFO REPORT==== 14-Mar-2013::17:10:27 ===
Loading routes from "/home/silence/devel/erlang/cb_tutorial/priv/cb_tutorial.routes" ....

=INFO REPORT==== 14-Mar-2013::17:10:27 ===
GET /greeting/pull/1363266244411735 [cb_tutorial] 200 193ms

=INFO REPORT==== 14-Mar-2013::17:10:27 ===
Loading routes from "/home/silence/devel/erlang/cb_tutorial/priv/cb_tutorial.routes" ....

=INFO REPORT==== 14-Mar-2013::17:10:29 ===
Loading routes from "/home/silence/devel/erlang/cb_tutorial/priv/cb_tutorial.routes" ....

=INFO REPORT==== 14-Mar-2013::17:10:29 ===
POST /greeting/push [cb_tutorial] 200 86ms

=INFO REPORT==== 14-Mar-2013::17:10:29 ===
GET /greeting/pull/1363266627387708 [cb_tutorial] 200 2133ms

=INFO REPORT==== 14-Mar-2013::17:10:30 ===
Loading routes from "/home/silence/devel/erlang/cb_tutorial/priv/cb_tutorial.routes" ....

=INFO REPORT==== 14-Mar-2013::17:10:32 ===
Loading routes from "/home/silence/devel/erlang/cb_tutorial/priv/cb_tutorial.routes" ....

=INFO REPORT==== 14-Mar-2013::17:10:32 ===
POST /greeting/push [cb_tutorial] 200 88ms

=INFO REPORT==== 14-Mar-2013::17:10:32 ===
GET /greeting/pull/1363266629855058 [cb_tutorial] 200 2178ms

=INFO REPORT==== 14-Mar-2013::17:10:32 ===
Loading routes from "/home/silence/devel/erlang/cb_tutorial/priv/cb_tutorial.routes" ....

=INFO REPORT==== 14-Mar-2013::17:10:34 ===
Loading routes from "/home/silence/devel/erlang/cb_tutorial/priv/cb_tutorial.routes" ....

=INFO REPORT==== 14-Mar-2013::17:10:34 ===
POST /greeting/push [cb_tutorial] 200 86ms

=INFO REPORT==== 14-Mar-2013::17:10:34 ===
GET /greeting/pull/1363266632362968 [cb_tutorial] 200 2011ms

=INFO REPORT==== 14-Mar-2013::17:10:35 ===
Loading routes from "/home/silence/devel/erlang/cb_tutorial/priv/cb_tutorial.routes" ....

=INFO REPORT==== 14-Mar-2013::17:13:42 ===
Loading routes from "/home/silence/devel/erlang/cb_tutorial/priv/cb_tutorial.routes" ....

=INFO REPORT==== 14-Mar-2013::17:13:42 ===
GET /greeting/live [cb_tutorial] 200 116ms

=INFO REPORT==== 14-Mar-2013::17:13:42 ===
Loading routes from "/home/silence/devel/erlang/cb_tutorial/priv/cb_tutorial.routes" ....

=INFO REPORT==== 14-Mar-2013::17:13:42 ===
Loading routes from "/home/silence/devel/erlang/cb_tutorial/priv/cb_tutorial.routes" ....

=INFO REPORT==== 14-Mar-2013::17:13:45 ===
Loading routes from "/home/silence/devel/erlang/cb_tutorial/priv/cb_tutorial.routes" ....

=INFO REPORT==== 14-Mar-2013::17:13:45 ===
GET /greeting/live [cb_tutorial] 200 86ms

=INFO REPORT==== 14-Mar-2013::17:13:45 ===
Loading routes from "/home/silence/devel/erlang/cb_tutorial/priv/cb_tutorial.routes" ....

=INFO REPORT==== 14-Mar-2013::17:13:45 ===
Loading routes from "/home/silence/devel/erlang/cb_tutorial/priv/cb_tutorial.routes" ....

=INFO REPORT==== 14-Mar-2013::17:13:45 ===
Loading routes from "/home/silence/devel/erlang/cb_tutorial/priv/cb_tutorial.routes" ....

=INFO REPORT==== 14-Mar-2013::17:13:46 ===
Loading routes from "/home/silence/devel/erlang/cb_tutorial/priv/cb_tutorial.routes" ....

=INFO REPORT==== 14-Mar-2013::17:14:27 ===
Loading routes from "/home/silence/devel/erlang/cb_tutorial/priv/cb_tutorial.routes" ....

=INFO REPORT==== 14-Mar-2013::17:14:27 ===
Loading routes from "/home/silence/devel/erlang/cb_tutorial/priv/cb_tutorial.routes" ....

=INFO REPORT==== 14-Mar-2013::17:14:27 ===
GET /greeting/live [cb_tutorial] 200 132ms

=INFO REPORT==== 14-Mar-2013::17:14:27 ===
Loading routes from "/home/silence/devel/erlang/cb_tutorial/priv/cb_tutorial.routes" ....

=INFO REPORT==== 14-Mar-2013::17:14:27 ===
Loading routes from "/home/silence/devel/erlang/cb_tutorial/priv/cb_tutorial.routes" ....

=INFO REPORT==== 14-Mar-2013::17:14:28 ===
Loading routes from "/home/silence/devel/erlang/cb_tutorial/priv/cb_tutorial.routes" ....

=INFO REPORT==== 14-Mar-2013::17:14:38 ===
Loading routes from "/home/silence/devel/erlang/cb_tutorial/priv/cb_tutorial.routes" ....

=INFO REPORT==== 14-Mar-2013::17:14:38 ===
Loading routes from "/home/silence/devel/erlang/cb_tutorial/priv/cb_tutorial.routes" ....

=INFO REPORT==== 14-Mar-2013::17:14:38 ===
GET /greeting/live [cb_tutorial] 200 141ms

=INFO REPORT==== 14-Mar-2013::17:14:39 ===
Loading routes from "/home/silence/devel/erlang/cb_tutorial/priv/cb_tutorial.routes" ....

=INFO REPORT==== 14-Mar-2013::17:14:39 ===
Loading routes from "/home/silence/devel/erlang/cb_tutorial/priv/cb_tutorial.routes" ....

=INFO REPORT==== 14-Mar-2013::17:14:39 ===
Loading routes from "/home/silence/devel/erlang/cb_tutorial/priv/cb_tutorial.routes" ....

=INFO REPORT==== 14-Mar-2013::17:14:46 ===
Loading routes from "/home/silence/devel/erlang/cb_tutorial/priv/cb_tutorial.routes" ....

=INFO REPORT==== 14-Mar-2013::17:14:46 ===
GET /greeting/live [cb_tutorial] 200 116ms

=INFO REPORT==== 14-Mar-2013::17:14:47 ===
Loading routes from "/home/silence/devel/erlang/cb_tutorial/priv/cb_tutorial.routes" ....

=INFO REPORT==== 14-Mar-2013::17:14:47 ===
Loading routes from "/home/silence/devel/erlang/cb_tutorial/priv/cb_tutorial.routes" ....

=INFO REPORT==== 14-Mar-2013::17:14:47 ===
Loading routes from "/home/silence/devel/erlang/cb_tutorial/priv/cb_tutorial.routes" ....

=INFO REPORT==== 14-Mar-2013::17:14:47 ===
Loading routes from "/home/silence/devel/erlang/cb_tutorial/priv/cb_tutorial.routes" ....

=INFO REPORT==== 14-Mar-2013::17:14:56 ===
Loading routes from "/home/silence/devel/erlang/cb_tutorial/priv/cb_tutorial.routes" ....

=INFO REPORT==== 14-Mar-2013::17:14:56 ===
GET /greeting/live [cb_tutorial] 200 123ms

=INFO REPORT==== 14-Mar-2013::17:14:56 ===
Loading routes from "/home/silence/devel/erlang/cb_tutorial/priv/cb_tutorial.routes" ....

=INFO REPORT==== 14-Mar-2013::17:14:56 ===
Loading routes from "/home/silence/devel/erlang/cb_tutorial/priv/cb_tutorial.routes" ....

=INFO REPORT==== 14-Mar-2013::17:14:56 ===
Loading routes from "/home/silence/devel/erlang/cb_tutorial/priv/cb_tutorial.routes" ....

=INFO REPORT==== 14-Mar-2013::17:14:56 ===
Loading routes from "/home/silence/devel/erlang/cb_tutorial/priv/cb_tutorial.routes" ....

=INFO REPORT==== 14-Mar-2013::17:14:58 ===
Loading routes from "/home/silence/devel/erlang/cb_tutorial/priv/cb_tutorial.routes" ....

=INFO REPORT==== 14-Mar-2013::17:14:58 ===
GET /greeting/live [cb_tutorial] 200 320ms

=INFO REPORT==== 14-Mar-2013::17:14:58 ===
Loading routes from "/home/silence/devel/erlang/cb_tutorial/priv/cb_tutorial.routes" ....

=INFO REPORT==== 14-Mar-2013::17:14:58 ===
Loading routes from "/home/silence/devel/erlang/cb_tutorial/priv/cb_tutorial.routes" ....

=INFO REPORT==== 14-Mar-2013::17:15:04 ===
Loading routes from "/home/silence/devel/erlang/cb_tutorial/priv/cb_tutorial.routes" ....

=INFO REPORT==== 14-Mar-2013::17:15:04 ===
POST /greeting/push [cb_tutorial] 200 99ms

=INFO REPORT==== 14-Mar-2013::17:15:04 ===
GET /greeting/pull/1363266896606102 [cb_tutorial] 200 5850ms

=INFO REPORT==== 14-Mar-2013::17:15:04 ===
Loading routes from "/home/silence/devel/erlang/cb_tutorial/priv/cb_tutorial.routes" ....

=INFO REPORT==== 14-Mar-2013::17:15:04 ===
GET /greeting/pull/1363266898385766 [cb_tutorial] 200 170ms

=INFO REPORT==== 14-Mar-2013::17:15:05 ===
Loading routes from "/home/silence/devel/erlang/cb_tutorial/priv/cb_tutorial.routes" ....

=INFO REPORT==== 14-Mar-2013::17:15:07 ===
Loading routes from "/home/silence/devel/erlang/cb_tutorial/priv/cb_tutorial.routes" ....

=INFO REPORT==== 14-Mar-2013::17:15:07 ===
POST /greeting/push [cb_tutorial] 200 102ms

=INFO REPORT==== 14-Mar-2013::17:15:07 ===
GET /greeting/pull/1363266904872578 [cb_tutorial] 200 2064ms

=INFO REPORT==== 14-Mar-2013::17:15:07 ===
Loading routes from "/home/silence/devel/erlang/cb_tutorial/priv/cb_tutorial.routes" ....

=INFO REPORT==== 14-Mar-2013::17:15:12 ===
Loading routes from "/home/silence/devel/erlang/cb_tutorial/priv/cb_tutorial.routes" ....

=INFO REPORT==== 14-Mar-2013::17:15:12 ===
GET /greeting/live [cb_tutorial] 200 97ms

=INFO REPORT==== 14-Mar-2013::17:15:12 ===
Loading routes from "/home/silence/devel/erlang/cb_tutorial/priv/cb_tutorial.routes" ....

=INFO REPORT==== 14-Mar-2013::17:15:13 ===
Loading routes from "/home/silence/devel/erlang/cb_tutorial/priv/cb_tutorial.routes" ....

=INFO REPORT==== 14-Mar-2013::17:15:14 ===
Loading routes from "/home/silence/devel/erlang/cb_tutorial/priv/cb_tutorial.routes" ....

=INFO REPORT==== 14-Mar-2013::17:15:14 ===
GET /greeting/live [cb_tutorial] 200 101ms

=INFO REPORT==== 14-Mar-2013::17:15:14 ===
Loading routes from "/home/silence/devel/erlang/cb_tutorial/priv/cb_tutorial.routes" ....

=INFO REPORT==== 14-Mar-2013::17:15:14 ===
Loading routes from "/home/silence/devel/erlang/cb_tutorial/priv/cb_tutorial.routes" ....

=INFO REPORT==== 14-Mar-2013::17:15:14 ===
Loading routes from "/home/silence/devel/erlang/cb_tutorial/priv/cb_tutorial.routes" ....

=INFO REPORT==== 14-Mar-2013::17:15:15 ===
Loading routes from "/home/silence/devel/erlang/cb_tutorial/priv/cb_tutorial.routes" ....

=INFO REPORT==== 14-Mar-2013::17:15:15 ===
GET /greeting/live [cb_tutorial] 200 119ms

=INFO REPORT==== 14-Mar-2013::17:15:15 ===
Loading routes from "/home/silence/devel/erlang/cb_tutorial/priv/cb_tutorial.routes" ....

=INFO REPORT==== 14-Mar-2013::17:15:16 ===
Loading routes from "/home/silence/devel/erlang/cb_tutorial/priv/cb_tutorial.routes" ....

=INFO REPORT==== 14-Mar-2013::17:15:31 ===
Loading routes from "/home/silence/devel/erlang/cb_tutorial/priv/cb_tutorial.routes" ....

=INFO REPORT==== 14-Mar-2013::17:15:31 ===
GET /greeting/live [cb_tutorial] 302 97ms

=INFO REPORT==== 14-Mar-2013::17:15:31 ===
Loading routes from "/home/silence/devel/erlang/cb_tutorial/priv/cb_tutorial.routes" ....

=INFO REPORT==== 14-Mar-2013::17:15:31 ===
Loading routes from "/home/silence/devel/erlang/cb_tutorial/priv/cb_tutorial.routes" ....

=INFO REPORT==== 14-Mar-2013::17:15:32 ===
GET /member/login [cb_tutorial] 200 460ms

=INFO REPORT==== 14-Mar-2013::17:15:39 ===
Loading routes from "/home/silence/devel/erlang/cb_tutorial/priv/cb_tutorial.routes" ....

=INFO REPORT==== 14-Mar-2013::17:15:39 ===
GET /greeting/live [cb_tutorial] 200 94ms

=INFO REPORT==== 14-Mar-2013::17:15:39 ===
Loading routes from "/home/silence/devel/erlang/cb_tutorial/priv/cb_tutorial.routes" ....

=INFO REPORT==== 14-Mar-2013::17:15:42 ===
Loading routes from "/home/silence/devel/erlang/cb_tutorial/priv/cb_tutorial.routes" ....

=INFO REPORT==== 14-Mar-2013::17:15:42 ===
GET /member/logout/cbac04bb6a210433e207beed00762a68 [cb_tutorial] 302 90ms

=INFO REPORT==== 14-Mar-2013::17:15:42 ===
Loading routes from "/home/silence/devel/erlang/cb_tutorial/priv/cb_tutorial.routes" ....

=INFO REPORT==== 14-Mar-2013::17:15:42 ===
GET /greeting/live [cb_tutorial] 302 79ms

=INFO REPORT==== 14-Mar-2013::17:15:42 ===
Loading routes from "/home/silence/devel/erlang/cb_tutorial/priv/cb_tutorial.routes" ....

=INFO REPORT==== 14-Mar-2013::17:15:42 ===
Loading routes from "/home/silence/devel/erlang/cb_tutorial/priv/cb_tutorial.routes" ....

=INFO REPORT==== 14-Mar-2013::17:15:43 ===
GET /member/login [cb_tutorial] 200 567ms

=INFO REPORT==== 14-Mar-2013::17:15:47 ===
Loading routes from "/home/silence/devel/erlang/cb_tutorial/priv/cb_tutorial.routes" ....

=INFO REPORT==== 14-Mar-2013::17:15:47 ===
GET /member/login [cb_tutorial] 200 117ms

=INFO REPORT==== 14-Mar-2013::17:15:53 ===
Loading routes from "/home/silence/devel/erlang/cb_tutorial/priv/cb_tutorial.routes" ....

=INFO REPORT==== 14-Mar-2013::17:15:53 ===
POST /member/login [cb_tutorial] 302 91ms

=INFO REPORT==== 14-Mar-2013::17:15:53 ===
Loading routes from "/home/silence/devel/erlang/cb_tutorial/priv/cb_tutorial.routes" ....

=INFO REPORT==== 14-Mar-2013::17:15:53 ===
GET /greeting/live [cb_tutorial] 200 86ms

=INFO REPORT==== 14-Mar-2013::17:15:53 ===
Loading routes from "/home/silence/devel/erlang/cb_tutorial/priv/cb_tutorial.routes" ....

=INFO REPORT==== 14-Mar-2013::17:15:55 ===
Loading routes from "/home/silence/devel/erlang/cb_tutorial/priv/cb_tutorial.routes" ....

=INFO REPORT==== 14-Mar-2013::17:15:55 ===
GET /member/logout/cbac04bb6a210433e207beed00762a68 [cb_tutorial] 302 103ms

=INFO REPORT==== 14-Mar-2013::17:15:55 ===
Loading routes from "/home/silence/devel/erlang/cb_tutorial/priv/cb_tutorial.routes" ....

=INFO REPORT==== 14-Mar-2013::17:15:55 ===
Loading routes from "/home/silence/devel/erlang/cb_tutorial/priv/cb_tutorial.routes" ....

=INFO REPORT==== 14-Mar-2013::17:15:55 ===
GET /greeting/live [cb_tutorial] 302 204ms

=INFO REPORT==== 14-Mar-2013::17:15:55 ===
Loading routes from "/home/silence/devel/erlang/cb_tutorial/priv/cb_tutorial.routes" ....

=INFO REPORT==== 14-Mar-2013::17:15:56 ===
GET /member/login [cb_tutorial] 200 672ms

=INFO REPORT==== 14-Mar-2013::17:16:00 ===
Loading routes from "/home/silence/devel/erlang/cb_tutorial/priv/cb_tutorial.routes" ....

=INFO REPORT==== 14-Mar-2013::17:16:01 ===
GET /member/register [cb_tutorial] 200 86ms

=INFO REPORT==== 14-Mar-2013::17:21:18 ===
Loading routes from "/home/silence/devel/erlang/cb_tutorial/priv/cb_tutorial.routes" ....

=INFO REPORT==== 14-Mar-2013::17:21:18 ===
GET /member/register [cb_tutorial] 200 111ms

=INFO REPORT==== 14-Mar-2013::17:21:18 ===
Loading routes from "/home/silence/devel/erlang/cb_tutorial/priv/cb_tutorial.routes" ....

=INFO REPORT==== 14-Mar-2013::17:21:29 ===
Loading routes from "/home/silence/devel/erlang/cb_tutorial/priv/cb_tutorial.routes" ....

=INFO REPORT==== 14-Mar-2013::17:21:29 ===
POST /member/register [cb_tutorial] 200 87ms

=INFO REPORT==== 14-Mar-2013::17:21:32 ===
Loading routes from "/home/silence/devel/erlang/cb_tutorial/priv/cb_tutorial.routes" ....

=INFO REPORT==== 14-Mar-2013::17:21:32 ===
POST /member/register [cb_tutorial] 200 123ms

=INFO REPORT==== 14-Mar-2013::17:21:43 ===
Loading routes from "/home/silence/devel/erlang/cb_tutorial/priv/cb_tutorial.routes" ....

=INFO REPORT==== 14-Mar-2013::17:21:43 ===
POST /member/register [cb_tutorial] 200 104ms

=INFO REPORT==== 14-Mar-2013::17:21:46 ===
Loading routes from "/home/silence/devel/erlang/cb_tutorial/priv/cb_tutorial.routes" ....

=INFO REPORT==== 14-Mar-2013::17:21:46 ===
POST /member/register [cb_tutorial] 302 85ms

=INFO REPORT==== 14-Mar-2013::17:21:46 ===
Loading routes from "/home/silence/devel/erlang/cb_tutorial/priv/cb_tutorial.routes" ....

=INFO REPORT==== 14-Mar-2013::17:21:46 ===
GET /greeting/live [cb_tutorial] 200 89ms

=INFO REPORT==== 14-Mar-2013::17:21:46 ===
Loading routes from "/home/silence/devel/erlang/cb_tutorial/priv/cb_tutorial.routes" ....

=INFO REPORT==== 14-Mar-2013::17:21:50 ===
Loading routes from "/home/silence/devel/erlang/cb_tutorial/priv/cb_tutorial.routes" ....

=INFO REPORT==== 14-Mar-2013::17:21:50 ===
POST /greeting/push [cb_tutorial] 200 95ms

=INFO REPORT==== 14-Mar-2013::17:21:50 ===
GET /greeting/pull/1363267306325005 [cb_tutorial] 200 3723ms

=INFO REPORT==== 14-Mar-2013::17:21:50 ===
Loading routes from "/home/silence/devel/erlang/cb_tutorial/priv/cb_tutorial.routes" ....

=INFO REPORT==== 14-Mar-2013::17:21:57 ===
Loading routes from "/home/silence/devel/erlang/cb_tutorial/priv/cb_tutorial.routes" ....

=INFO REPORT==== 14-Mar-2013::17:21:57 ===
GET /member/logout/b99dc7f498deb12edc20dbec8c74dbae [cb_tutorial] 302 81ms

=INFO REPORT==== 14-Mar-2013::17:21:57 ===
Loading routes from "/home/silence/devel/erlang/cb_tutorial/priv/cb_tutorial.routes" ....

=INFO REPORT==== 14-Mar-2013::17:21:57 ===
GET /greeting/live [cb_tutorial] 302 84ms

=INFO REPORT==== 14-Mar-2013::17:21:57 ===
Loading routes from "/home/silence/devel/erlang/cb_tutorial/priv/cb_tutorial.routes" ....

=INFO REPORT==== 14-Mar-2013::17:21:57 ===
Loading routes from "/home/silence/devel/erlang/cb_tutorial/priv/cb_tutorial.routes" ....

=INFO REPORT==== 14-Mar-2013::17:21:58 ===
GET /member/login [cb_tutorial] 200 595ms

=INFO REPORT==== 14-Mar-2013::17:22:00 ===
Loading routes from "/home/silence/devel/erlang/cb_tutorial/priv/cb_tutorial.routes" ....

=INFO REPORT==== 14-Mar-2013::17:22:00 ===
GET /member/register [cb_tutorial] 200 85ms

=INFO REPORT==== 14-Mar-2013::17:22:18 ===
Loading routes from "/home/silence/devel/erlang/cb_tutorial/priv/cb_tutorial.routes" ....

=INFO REPORT==== 14-Mar-2013::17:22:18 ===
GET /member/register [cb_tutorial] 200 104ms

=INFO REPORT==== 14-Mar-2013::17:22:30 ===
Loading routes from "/home/silence/devel/erlang/cb_tutorial/priv/cb_tutorial.routes" ....

=INFO REPORT==== 14-Mar-2013::17:22:30 ===
GET /greeting/live [cb_tutorial] 302 76ms

=INFO REPORT==== 14-Mar-2013::17:22:32 ===
Loading routes from "/home/silence/devel/erlang/cb_tutorial/priv/cb_tutorial.routes" ....

=INFO REPORT==== 14-Mar-2013::17:22:32 ===
GET /member/register [cb_tutorial] 200 82ms

=INFO REPORT==== 14-Mar-2013::17:22:43 ===
Loading routes from "/home/silence/devel/erlang/cb_tutorial/priv/cb_tutorial.routes" ....

=INFO REPORT==== 14-Mar-2013::17:22:43 ===
POST /member/register [cb_tutorial] 200 86ms

=INFO REPORT==== 14-Mar-2013::17:22:49 ===
Loading routes from "/home/silence/devel/erlang/cb_tutorial/priv/cb_tutorial.routes" ....

=INFO REPORT==== 14-Mar-2013::17:22:49 ===
GET /greeting/live [cb_tutorial] 302 80ms

=INFO REPORT==== 14-Mar-2013::17:22:50 ===
Loading routes from "/home/silence/devel/erlang/cb_tutorial/priv/cb_tutorial.routes" ....

=INFO REPORT==== 14-Mar-2013::17:22:50 ===
GET /member/login [cb_tutorial] 200 85ms

=INFO REPORT==== 14-Mar-2013::17:22:52 ===
Loading routes from "/home/silence/devel/erlang/cb_tutorial/priv/cb_tutorial.routes" ....

=INFO REPORT==== 14-Mar-2013::17:22:52 ===
POST /member/login [cb_tutorial] 302 93ms

=INFO REPORT==== 14-Mar-2013::17:22:52 ===
Loading routes from "/home/silence/devel/erlang/cb_tutorial/priv/cb_tutorial.routes" ....

=INFO REPORT==== 14-Mar-2013::17:22:52 ===
GET /greeting/live [cb_tutorial] 200 81ms

=INFO REPORT==== 14-Mar-2013::17:22:52 ===
Loading routes from "/home/silence/devel/erlang/cb_tutorial/priv/cb_tutorial.routes" ....

=INFO REPORT==== 14-Mar-2013::17:23:08 ===
Loading routes from "/home/silence/devel/erlang/cb_tutorial/priv/cb_tutorial.routes" ....

=INFO REPORT==== 14-Mar-2013::17:23:08 ===
GET /greeting/live [cb_tutorial] 200 98ms

=INFO REPORT==== 14-Mar-2013::17:23:08 ===
Loading routes from "/home/silence/devel/erlang/cb_tutorial/priv/cb_tutorial.routes" ....

=INFO REPORT==== 14-Mar-2013::17:23:08 ===
Loading routes from "/home/silence/devel/erlang/cb_tutorial/priv/cb_tutorial.routes" ....

=INFO REPORT==== 14-Mar-2013::17:23:10 ===
Loading routes from "/home/silence/devel/erlang/cb_tutorial/priv/cb_tutorial.routes" ....

=INFO REPORT==== 14-Mar-2013::17:23:10 ===
GET /member/logout/cbac04bb6a210433e207beed00762a68 [cb_tutorial] 302 110ms

=INFO REPORT==== 14-Mar-2013::17:23:10 ===
Loading routes from "/home/silence/devel/erlang/cb_tutorial/priv/cb_tutorial.routes" ....

=INFO REPORT==== 14-Mar-2013::17:23:10 ===
Loading routes from "/home/silence/devel/erlang/cb_tutorial/priv/cb_tutorial.routes" ....

=INFO REPORT==== 14-Mar-2013::17:23:10 ===
GET /greeting/live [cb_tutorial] 302 517ms

=INFO REPORT==== 14-Mar-2013::17:23:10 ===
Loading routes from "/home/silence/devel/erlang/cb_tutorial/priv/cb_tutorial.routes" ....

=INFO REPORT==== 14-Mar-2013::17:23:11 ===
GET /member/login [cb_tutorial] 200 364ms

=INFO REPORT==== 14-Mar-2013::17:23:12 ===
Loading routes from "/home/silence/devel/erlang/cb_tutorial/priv/cb_tutorial.routes" ....

=INFO REPORT==== 14-Mar-2013::17:23:12 ===
POST /member/login [cb_tutorial] 302 86ms

=INFO REPORT==== 14-Mar-2013::17:23:12 ===
Loading routes from "/home/silence/devel/erlang/cb_tutorial/priv/cb_tutorial.routes" ....

=INFO REPORT==== 14-Mar-2013::17:23:12 ===
GET /greeting/live [cb_tutorial] 200 92ms

=INFO REPORT==== 14-Mar-2013::17:23:12 ===
Loading routes from "/home/silence/devel/erlang/cb_tutorial/priv/cb_tutorial.routes" ....
