
=INFO REPORT==== 13-Mar-2013::11:31:31 ===
Starting Boss in development mode....

=INFO REPORT==== 13-Mar-2013::11:31:31 ===
Starting master services on cb_tutorial@asskovalev

=INFO REPORT==== 13-Mar-2013::11:31:31 ===
SSL:[]

=INFO REPORT==== 13-Mar-2013::11:31:32 ===
Loading routes from "/home/silence/devel/erlang/cb_tutorial/priv/cb_tutorial.routes" ....

=INFO REPORT==== 13-Mar-2013::11:33:11 ===
GET /doc/greeting [cb_tutorial] 200 83ms

=INFO REPORT==== 13-Mar-2013::11:33:13 ===
Loading routes from "/home/silence/devel/erlang/cb_tutorial/priv/cb_tutorial.routes" ....

=ERROR REPORT==== 13-Mar-2013::11:33:13 ===
GET / [cb_tutorial] 404 0ms

=INFO REPORT==== 13-Mar-2013::11:33:50 ===
Loading routes from "/home/silence/devel/erlang/cb_tutorial/priv/cb_tutorial.routes" ....

=ERROR REPORT==== 13-Mar-2013::11:33:50 ===
GET /%20doc/greeting [cb_tutorial] 404 0ms

=INFO REPORT==== 13-Mar-2013::11:33:56 ===
GET /doc/greeting [cb_tutorial] 200 19ms

=ERROR REPORT==== 13-Mar-2013::11:33:56 ===
GET /doc/stylesheet.css [cb_tutorial] 404 0ms

=ERROR REPORT==== 13-Mar-2013::11:33:56 ===
GET /doc/erlang.png [cb_tutorial] 404 0ms

=INFO REPORT==== 13-Mar-2013::12:26:12 ===
Loading routes from "/home/silence/devel/erlang/cb_tutorial/priv/cb_tutorial.routes" ....

=INFO REPORT==== 13-Mar-2013::12:26:12 ===
GET /greeting/list [cb_tutorial] 200 45ms

=INFO REPORT==== 13-Mar-2013::12:28:01 ===
Loading routes from "/home/silence/devel/erlang/cb_tutorial/priv/cb_tutorial.routes" ....

=INFO REPORT==== 13-Mar-2013::12:28:01 ===
GET /greeting/list [cb_tutorial] 200 39ms

=INFO REPORT==== 13-Mar-2013::12:28:04 ===
Loading routes from "/home/silence/devel/erlang/cb_tutorial/priv/cb_tutorial.routes" ....

=INFO REPORT==== 13-Mar-2013::12:28:04 ===
GET /greeting/list [cb_tutorial] 200 33ms

=INFO REPORT==== 13-Mar-2013::12:37:32 ===
Loading routes from "/home/silence/devel/erlang/cb_tutorial/priv/cb_tutorial.routes" ....

=INFO REPORT==== 13-Mar-2013::12:37:32 ===
GET /greeting/list [cb_tutorial] 200 20ms

=INFO REPORT==== 13-Mar-2013::12:38:16 ===
Loading routes from "/home/silence/devel/erlang/cb_tutorial/priv/cb_tutorial.routes" ....

=INFO REPORT==== 13-Mar-2013::12:38:16 ===
GET /greeting/list [cb_tutorial] 200 47ms

=INFO REPORT==== 13-Mar-2013::12:38:18 ===
Loading routes from "/home/silence/devel/erlang/cb_tutorial/priv/cb_tutorial.routes" ....

=INFO REPORT==== 13-Mar-2013::12:38:18 ===
GET /greeting/create [cb_tutorial] 200 75ms

=INFO REPORT==== 13-Mar-2013::12:38:26 ===
Loading routes from "/home/silence/devel/erlang/cb_tutorial/priv/cb_tutorial.routes" ....

=INFO REPORT==== 13-Mar-2013::12:38:27 ===
POST /greeting/create [cb_tutorial] 302 37ms

=INFO REPORT==== 13-Mar-2013::12:38:27 ===
Loading routes from "/home/silence/devel/erlang/cb_tutorial/priv/cb_tutorial.routes" ....

=INFO REPORT==== 13-Mar-2013::12:38:27 ===
GET /greeting/list [cb_tutorial] 200 41ms
