
=INFO REPORT==== 13-Mar-2013::14:24:54 ===
Starting Boss in development mode....

=INFO REPORT==== 13-Mar-2013::14:24:54 ===
Starting master services on cb_tutorial@asskovalev

=INFO REPORT==== 13-Mar-2013::14:24:54 ===
SSL:[]

=INFO REPORT==== 13-Mar-2013::14:24:54 ===
Loading routes from "/home/silence/devel/erlang/cb_tutorial/priv/cb_tutorial.routes" ....

=INFO REPORT==== 13-Mar-2013::14:25:00 ===
Loading routes from "/home/silence/devel/erlang/cb_tutorial/priv/cb_tutorial.routes" ....

=INFO REPORT==== 13-Mar-2013::14:25:00 ===
GET /greeting/live [cb_tutorial] 200 42ms

=INFO REPORT==== 13-Mar-2013::14:25:02 ===
Loading routes from "/home/silence/devel/erlang/cb_tutorial/priv/cb_tutorial.routes" ....

=INFO REPORT==== 13-Mar-2013::14:25:02 ===
GET /greeting/create [cb_tutorial] 200 49ms

=INFO REPORT==== 13-Mar-2013::14:25:07 ===
Loading routes from "/home/silence/devel/erlang/cb_tutorial/priv/cb_tutorial.routes" ....

=INFO REPORT==== 13-Mar-2013::14:25:07 ===
POST /greeting/create [cb_tutorial] 302 42ms

=INFO REPORT==== 13-Mar-2013::14:25:07 ===
Loading routes from "/home/silence/devel/erlang/cb_tutorial/priv/cb_tutorial.routes" ....

=INFO REPORT==== 13-Mar-2013::14:25:07 ===
GET /greeting/list [cb_tutorial] 200 45ms

=INFO REPORT==== 13-Mar-2013::14:26:27 ===
Loading routes from "/home/silence/devel/erlang/cb_tutorial/priv/cb_tutorial.routes" ....

=INFO REPORT==== 13-Mar-2013::14:26:27 ===
GET /greeting/live [cb_tutorial] 200 51ms

=INFO REPORT==== 13-Mar-2013::14:26:48 ===
Loading routes from "/home/silence/devel/erlang/cb_tutorial/priv/cb_tutorial.routes" ....

=INFO REPORT==== 13-Mar-2013::14:26:48 ===
GET /greeting/live [cb_tutorial] 200 66ms

=INFO REPORT==== 13-Mar-2013::14:26:48 ===
Loading routes from "/home/silence/devel/erlang/cb_tutorial/priv/cb_tutorial.routes" ....

=INFO REPORT==== 13-Mar-2013::14:26:57 ===
Loading routes from "/home/silence/devel/erlang/cb_tutorial/priv/cb_tutorial.routes" ....

=INFO REPORT==== 13-Mar-2013::14:26:57 ===
GET /greeting/create [cb_tutorial] 200 40ms

=INFO REPORT==== 13-Mar-2013::14:26:59 ===
Loading routes from "/home/silence/devel/erlang/cb_tutorial/priv/cb_tutorial.routes" ....

=INFO REPORT==== 13-Mar-2013::14:26:59 ===
POST /greeting/create [cb_tutorial] 302 59ms

=INFO REPORT==== 13-Mar-2013::14:26:59 ===
Loading routes from "/home/silence/devel/erlang/cb_tutorial/priv/cb_tutorial.routes" ....

=INFO REPORT==== 13-Mar-2013::14:26:59 ===
Loading routes from "/home/silence/devel/erlang/cb_tutorial/priv/cb_tutorial.routes" ....

=INFO REPORT==== 13-Mar-2013::14:26:59 ===
GET /greeting/list [cb_tutorial] 200 84ms

=INFO REPORT==== 13-Mar-2013::14:26:59 ===
GET /greeting/pull/1363170408403747 [cb_tutorial] 200 83ms

=INFO REPORT==== 13-Mar-2013::14:26:59 ===
Loading routes from "/home/silence/devel/erlang/cb_tutorial/priv/cb_tutorial.routes" ....

=INFO REPORT==== 13-Mar-2013::14:27:03 ===
Loading routes from "/home/silence/devel/erlang/cb_tutorial/priv/cb_tutorial.routes" ....

=INFO REPORT==== 13-Mar-2013::14:27:03 ===
GET /greeting/create [cb_tutorial] 200 50ms

=INFO REPORT==== 13-Mar-2013::14:27:05 ===
Loading routes from "/home/silence/devel/erlang/cb_tutorial/priv/cb_tutorial.routes" ....

=INFO REPORT==== 13-Mar-2013::14:27:05 ===
POST /greeting/create [cb_tutorial] 302 39ms

=INFO REPORT==== 13-Mar-2013::14:27:05 ===
Loading routes from "/home/silence/devel/erlang/cb_tutorial/priv/cb_tutorial.routes" ....

=INFO REPORT==== 13-Mar-2013::14:27:05 ===
Loading routes from "/home/silence/devel/erlang/cb_tutorial/priv/cb_tutorial.routes" ....

=INFO REPORT==== 13-Mar-2013::14:27:05 ===
GET /greeting/list [cb_tutorial] 200 58ms

=INFO REPORT==== 13-Mar-2013::14:27:05 ===
GET /greeting/pull/1363170419276584 [cb_tutorial] 200 41ms

=INFO REPORT==== 13-Mar-2013::14:27:05 ===
Loading routes from "/home/silence/devel/erlang/cb_tutorial/priv/cb_tutorial.routes" ....

=INFO REPORT==== 13-Mar-2013::14:27:37 ===
Loading routes from "/home/silence/devel/erlang/cb_tutorial/priv/cb_tutorial.routes" ....

=INFO REPORT==== 13-Mar-2013::14:27:37 ===
GET /greeting/live [cb_tutorial] 200 71ms

=INFO REPORT==== 13-Mar-2013::14:27:37 ===
Loading routes from "/home/silence/devel/erlang/cb_tutorial/priv/cb_tutorial.routes" ....

=INFO REPORT==== 13-Mar-2013::14:27:37 ===
Loading routes from "/home/silence/devel/erlang/cb_tutorial/priv/cb_tutorial.routes" ....

=INFO REPORT==== 13-Mar-2013::14:27:39 ===
Loading routes from "/home/silence/devel/erlang/cb_tutorial/priv/cb_tutorial.routes" ....

=INFO REPORT==== 13-Mar-2013::14:27:40 ===
GET /greeting/create [cb_tutorial] 200 79ms

=INFO REPORT==== 13-Mar-2013::14:27:40 ===
Loading routes from "/home/silence/devel/erlang/cb_tutorial/priv/cb_tutorial.routes" ....

=INFO REPORT==== 13-Mar-2013::14:27:42 ===
Loading routes from "/home/silence/devel/erlang/cb_tutorial/priv/cb_tutorial.routes" ....

=INFO REPORT==== 13-Mar-2013::14:27:42 ===
GET /greeting/pull/1363170457340191 [cb_tutorial] 200 1959ms

=INFO REPORT==== 13-Mar-2013::14:27:42 ===
POST /greeting/create [cb_tutorial] 302 51ms

=INFO REPORT==== 13-Mar-2013::14:27:42 ===
Loading routes from "/home/silence/devel/erlang/cb_tutorial/priv/cb_tutorial.routes" ....

=INFO REPORT==== 13-Mar-2013::14:27:42 ===
GET /greeting/list [cb_tutorial] 200 44ms

=INFO REPORT==== 13-Mar-2013::14:27:42 ===
Loading routes from "/home/silence/devel/erlang/cb_tutorial/priv/cb_tutorial.routes" ....

=INFO REPORT==== 13-Mar-2013::14:27:51 ===
Loading routes from "/home/silence/devel/erlang/cb_tutorial/priv/cb_tutorial.routes" ....

=INFO REPORT==== 13-Mar-2013::14:27:51 ===
GET /greeting/create [cb_tutorial] 200 41ms

=INFO REPORT==== 13-Mar-2013::14:27:53 ===
Loading routes from "/home/silence/devel/erlang/cb_tutorial/priv/cb_tutorial.routes" ....

=INFO REPORT==== 13-Mar-2013::14:27:53 ===
POST /greeting/create [cb_tutorial] 302 38ms

=INFO REPORT==== 13-Mar-2013::14:27:53 ===
Loading routes from "/home/silence/devel/erlang/cb_tutorial/priv/cb_tutorial.routes" ....

=INFO REPORT==== 13-Mar-2013::14:27:53 ===
Loading routes from "/home/silence/devel/erlang/cb_tutorial/priv/cb_tutorial.routes" ....

=INFO REPORT==== 13-Mar-2013::14:27:53 ===
GET /greeting/list [cb_tutorial] 200 53ms

=INFO REPORT==== 13-Mar-2013::14:27:53 ===
GET /greeting/pull/1363170462116209 [cb_tutorial] 200 46ms

=INFO REPORT==== 13-Mar-2013::14:27:54 ===
Loading routes from "/home/silence/devel/erlang/cb_tutorial/priv/cb_tutorial.routes" ....

=INFO REPORT==== 13-Mar-2013::14:27:56 ===
Loading routes from "/home/silence/devel/erlang/cb_tutorial/priv/cb_tutorial.routes" ....

=INFO REPORT==== 13-Mar-2013::14:27:56 ===
GET /greeting/create [cb_tutorial] 200 41ms

=INFO REPORT==== 13-Mar-2013::14:27:58 ===
Loading routes from "/home/silence/devel/erlang/cb_tutorial/priv/cb_tutorial.routes" ....

=INFO REPORT==== 13-Mar-2013::14:27:58 ===
POST /greeting/create [cb_tutorial] 302 40ms

=INFO REPORT==== 13-Mar-2013::14:27:58 ===
Loading routes from "/home/silence/devel/erlang/cb_tutorial/priv/cb_tutorial.routes" ....

=INFO REPORT==== 13-Mar-2013::14:27:58 ===
Loading routes from "/home/silence/devel/erlang/cb_tutorial/priv/cb_tutorial.routes" ....

=INFO REPORT==== 13-Mar-2013::14:27:58 ===
GET /greeting/list [cb_tutorial] 200 74ms

=INFO REPORT==== 13-Mar-2013::14:27:59 ===
GET /greeting/pull/1363170473918266 [cb_tutorial] 200 69ms

=INFO REPORT==== 13-Mar-2013::14:27:59 ===
Loading routes from "/home/silence/devel/erlang/cb_tutorial/priv/cb_tutorial.routes" ....

=INFO REPORT==== 13-Mar-2013::14:33:41 ===
Loading routes from "/home/silence/devel/erlang/cb_tutorial/priv/cb_tutorial.routes" ....

=INFO REPORT==== 13-Mar-2013::14:33:41 ===
GET /greeting/create [cb_tutorial] 200 46ms

=INFO REPORT==== 13-Mar-2013::14:33:46 ===
Loading routes from "/home/silence/devel/erlang/cb_tutorial/priv/cb_tutorial.routes" ....

=INFO REPORT==== 13-Mar-2013::14:33:46 ===
haha!

=INFO REPORT==== 13-Mar-2013::14:33:46 ===
POST /greeting/create [cb_tutorial] 302 44ms

=INFO REPORT==== 13-Mar-2013::14:33:46 ===
Loading routes from "/home/silence/devel/erlang/cb_tutorial/priv/cb_tutorial.routes" ....

=INFO REPORT==== 13-Mar-2013::14:33:46 ===
Loading routes from "/home/silence/devel/erlang/cb_tutorial/priv/cb_tutorial.routes" ....

=INFO REPORT==== 13-Mar-2013::14:33:46 ===
GET /greeting/list [cb_tutorial] 200 71ms

=INFO REPORT==== 13-Mar-2013::14:33:46 ===
GET /greeting/pull/1363170479013997 [cb_tutorial] 200 64ms

=INFO REPORT==== 13-Mar-2013::14:33:46 ===
Loading routes from "/home/silence/devel/erlang/cb_tutorial/priv/cb_tutorial.routes" ....

=INFO REPORT==== 13-Mar-2013::14:34:52 ===
Loading routes from "/home/silence/devel/erlang/cb_tutorial/priv/cb_tutorial.routes" ....

=INFO REPORT==== 13-Mar-2013::14:34:52 ===
GET /greeting/create [cb_tutorial] 200 40ms

=INFO REPORT==== 13-Mar-2013::14:34:55 ===
Loading routes from "/home/silence/devel/erlang/cb_tutorial/priv/cb_tutorial.routes" ....

=INFO REPORT==== 13-Mar-2013::14:34:55 ===
POST /greeting/create [cb_tutorial] 302 34ms

=INFO REPORT==== 13-Mar-2013::14:34:55 ===
Loading routes from "/home/silence/devel/erlang/cb_tutorial/priv/cb_tutorial.routes" ....

=INFO REPORT==== 13-Mar-2013::14:34:55 ===
GET /greeting/list [cb_tutorial] 200 38ms

=INFO REPORT==== 13-Mar-2013::14:34:55 ===
Loading routes from "/home/silence/devel/erlang/cb_tutorial/priv/cb_tutorial.routes" ....

=INFO REPORT==== 13-Mar-2013::14:34:55 ===
GET /greeting/pull/1363170826522655 [cb_tutorial] 200 32ms

=INFO REPORT==== 13-Mar-2013::14:34:55 ===
Loading routes from "/home/silence/devel/erlang/cb_tutorial/priv/cb_tutorial.routes" ....

=INFO REPORT==== 13-Mar-2013::14:37:20 ===
Loading routes from "/home/silence/devel/erlang/cb_tutorial/priv/cb_tutorial.routes" ....

=INFO REPORT==== 13-Mar-2013::14:37:21 ===
GET /greeting/create [cb_tutorial] 200 42ms

=INFO REPORT==== 13-Mar-2013::14:37:25 ===
Loading routes from "/home/silence/devel/erlang/cb_tutorial/priv/cb_tutorial.routes" ....

=INFO REPORT==== 13-Mar-2013::14:37:25 ===
Wow! {greeting,"greeting-9","3535 ieui euiue i\r\neu ieuieuieui"} was created

=INFO REPORT==== 13-Mar-2013::14:37:25 ===
POST /greeting/create [cb_tutorial] 302 39ms

=INFO REPORT==== 13-Mar-2013::14:37:25 ===
Loading routes from "/home/silence/devel/erlang/cb_tutorial/priv/cb_tutorial.routes" ....

=INFO REPORT==== 13-Mar-2013::14:37:25 ===
Loading routes from "/home/silence/devel/erlang/cb_tutorial/priv/cb_tutorial.routes" ....

=INFO REPORT==== 13-Mar-2013::14:37:25 ===
GET /greeting/list [cb_tutorial] 200 53ms

=INFO REPORT==== 13-Mar-2013::14:37:25 ===
GET /greeting/pull/1363170895256851 [cb_tutorial] 200 45ms

=INFO REPORT==== 13-Mar-2013::14:37:26 ===
Loading routes from "/home/silence/devel/erlang/cb_tutorial/priv/cb_tutorial.routes" ....

=INFO REPORT==== 13-Mar-2013::14:38:13 ===
Loading routes from "/home/silence/devel/erlang/cb_tutorial/priv/cb_tutorial.routes" ....

=INFO REPORT==== 13-Mar-2013::14:38:13 ===
Wow! {greeting,"greeting-1","oeuoeueou"} was deleted

=INFO REPORT==== 13-Mar-2013::14:38:13 ===
POST /greeting/delete [cb_tutorial] 302 38ms

=INFO REPORT==== 13-Mar-2013::14:38:13 ===
Loading routes from "/home/silence/devel/erlang/cb_tutorial/priv/cb_tutorial.routes" ....

=INFO REPORT==== 13-Mar-2013::14:38:14 ===
GET /greeting/list [cb_tutorial] 200 47ms

=INFO REPORT==== 13-Mar-2013::14:38:14 ===
Loading routes from "/home/silence/devel/erlang/cb_tutorial/priv/cb_tutorial.routes" ....

=INFO REPORT==== 13-Mar-2013::14:51:46 ===
Loading routes from "/home/silence/devel/erlang/cb_tutorial/priv/cb_tutorial.routes" ....

=INFO REPORT==== 13-Mar-2013::14:51:47 ===
GET /greeting/list [cb_tutorial] 200 41ms

=INFO REPORT==== 13-Mar-2013::14:51:49 ===
Loading routes from "/home/silence/devel/erlang/cb_tutorial/priv/cb_tutorial.routes" ....

=INFO REPORT==== 13-Mar-2013::14:51:49 ===
GET /greeting/create [cb_tutorial] 200 44ms

=INFO REPORT==== 13-Mar-2013::14:51:53 ===
Loading routes from "/home/silence/devel/erlang/cb_tutorial/priv/cb_tutorial.routes" ....

=INFO REPORT==== 13-Mar-2013::14:51:53 ===
POST /greeting/create [cb_tutorial] 302 46ms

=INFO REPORT==== 13-Mar-2013::14:51:53 ===
Loading routes from "/home/silence/devel/erlang/cb_tutorial/priv/cb_tutorial.routes" ....

=INFO REPORT==== 13-Mar-2013::14:51:53 ===
GET /greeting/list [cb_tutorial] 200 46ms

=INFO REPORT==== 13-Mar-2013::14:52:09 ===
Loading routes from "/home/silence/devel/erlang/cb_tutorial/priv/cb_tutorial.routes" ....

=INFO REPORT==== 13-Mar-2013::14:52:09 ===
GET /greeting/live [cb_tutorial] 200 56ms

=INFO REPORT==== 13-Mar-2013::14:52:13 ===
Loading routes from "/home/silence/devel/erlang/cb_tutorial/priv/cb_tutorial.routes" ....

=INFO REPORT==== 13-Mar-2013::14:52:13 ===
GET /greeting/create [cb_tutorial] 200 47ms

=INFO REPORT==== 13-Mar-2013::14:52:16 ===
Loading routes from "/home/silence/devel/erlang/cb_tutorial/priv/cb_tutorial.routes" ....

=INFO REPORT==== 13-Mar-2013::14:52:16 ===
POST /greeting/create [cb_tutorial] 302 40ms

=INFO REPORT==== 13-Mar-2013::14:52:16 ===
Loading routes from "/home/silence/devel/erlang/cb_tutorial/priv/cb_tutorial.routes" ....

=INFO REPORT==== 13-Mar-2013::14:52:16 ===
GET /greeting/list [cb_tutorial] 200 43ms
