
=INFO REPORT==== 13-Mar-2013::13:05:35 ===
Starting Boss in development mode....

=INFO REPORT==== 13-Mar-2013::13:05:35 ===
Starting master services on cb_tutorial@asskovalev

=INFO REPORT==== 13-Mar-2013::13:05:36 ===
SSL:[]

=INFO REPORT==== 13-Mar-2013::13:05:36 ===
Loading routes from "/home/silence/devel/erlang/cb_tutorial/priv/cb_tutorial.routes" ....

=INFO REPORT==== 13-Mar-2013::13:05:49 ===
Loading routes from "/home/silence/devel/erlang/cb_tutorial/priv/cb_tutorial.routes" ....

=INFO REPORT==== 13-Mar-2013::13:05:49 ===
GET /greeting/list [cb_tutorial] 200 32ms

=INFO REPORT==== 13-Mar-2013::13:06:53 ===
Loading routes from "/home/silence/devel/erlang/cb_tutorial/priv/cb_tutorial.routes" ....

=INFO REPORT==== 13-Mar-2013::13:06:53 ===
GET /greeting/create [cb_tutorial] 200 36ms

=INFO REPORT==== 13-Mar-2013::13:07:00 ===
Loading routes from "/home/silence/devel/erlang/cb_tutorial/priv/cb_tutorial.routes" ....

=INFO REPORT==== 13-Mar-2013::13:07:00 ===
POST /greeting/create [cb_tutorial] 302 33ms

=INFO REPORT==== 13-Mar-2013::13:07:00 ===
Loading routes from "/home/silence/devel/erlang/cb_tutorial/priv/cb_tutorial.routes" ....

=INFO REPORT==== 13-Mar-2013::13:07:00 ===
GET /greeting/list [cb_tutorial] 200 37ms

=INFO REPORT==== 13-Mar-2013::13:07:02 ===
Loading routes from "/home/silence/devel/erlang/cb_tutorial/priv/cb_tutorial.routes" ....

=INFO REPORT==== 13-Mar-2013::13:07:02 ===
GET /greeting/create [cb_tutorial] 200 39ms

=INFO REPORT==== 13-Mar-2013::13:07:18 ===
Loading routes from "/home/silence/devel/erlang/cb_tutorial/priv/cb_tutorial.routes" ....

=INFO REPORT==== 13-Mar-2013::13:07:18 ===
POST /greeting/create [cb_tutorial] 302 34ms

=INFO REPORT==== 13-Mar-2013::13:07:18 ===
Loading routes from "/home/silence/devel/erlang/cb_tutorial/priv/cb_tutorial.routes" ....

=INFO REPORT==== 13-Mar-2013::13:07:18 ===
GET /greeting/list [cb_tutorial] 200 36ms

=INFO REPORT==== 13-Mar-2013::13:07:21 ===
Loading routes from "/home/silence/devel/erlang/cb_tutorial/priv/cb_tutorial.routes" ....

=INFO REPORT==== 13-Mar-2013::13:07:21 ===
POST /greeting/delete [cb_tutorial] 302 35ms

=INFO REPORT==== 13-Mar-2013::13:07:22 ===
Loading routes from "/home/silence/devel/erlang/cb_tutorial/priv/cb_tutorial.routes" ....

=INFO REPORT==== 13-Mar-2013::13:07:22 ===
GET /greeting/list [cb_tutorial] 200 42ms

=INFO REPORT==== 13-Mar-2013::13:07:34 ===
Loading routes from "/home/silence/devel/erlang/cb_tutorial/priv/cb_tutorial.routes" ....

=INFO REPORT==== 13-Mar-2013::13:07:34 ===
GET /greeting/list [cb_tutorial] 200 47ms

=INFO REPORT==== 13-Mar-2013::13:08:41 ===
Loading routes from "/home/silence/devel/erlang/cb_tutorial/priv/cb_tutorial.routes" ....

=INFO REPORT==== 13-Mar-2013::13:08:41 ===
GET /greeting/list [cb_tutorial] 200 52ms

=INFO REPORT==== 13-Mar-2013::13:09:46 ===
Loading routes from "/home/silence/devel/erlang/cb_tutorial/priv/cb_tutorial.routes" ....

=INFO REPORT==== 13-Mar-2013::13:09:46 ===
GET /greeting/list [cb_tutorial] 200 32ms

=INFO REPORT==== 13-Mar-2013::13:09:47 ===
Loading routes from "/home/silence/devel/erlang/cb_tutorial/priv/cb_tutorial.routes" ....

=INFO REPORT==== 13-Mar-2013::13:09:47 ===
GET /greeting/list [cb_tutorial] 200 33ms

=INFO REPORT==== 13-Mar-2013::13:09:54 ===
Loading routes from "/home/silence/devel/erlang/cb_tutorial/priv/cb_tutorial.routes" ....

=ERROR REPORT==== 13-Mar-2013::13:09:54 ===
GET /greeting/ass [cb_tutorial] 404 49ms

=INFO REPORT==== 13-Mar-2013::13:12:42 ===
Loading routes from "/home/silence/devel/erlang/cb_tutorial/priv/cb_tutorial.routes" ....

=INFO REPORT==== 13-Mar-2013::13:12:42 ===
GET /greeting/list [cb_tutorial] 200 37ms

=INFO REPORT==== 13-Mar-2013::13:12:43 ===
Loading routes from "/home/silence/devel/erlang/cb_tutorial/priv/cb_tutorial.routes" ....

=INFO REPORT==== 13-Mar-2013::13:12:43 ===
GET /greeting/create [cb_tutorial] 200 39ms

=INFO REPORT==== 13-Mar-2013::13:12:45 ===
Loading routes from "/home/silence/devel/erlang/cb_tutorial/priv/cb_tutorial.routes" ....

=ERROR REPORT==== 13-Mar-2013::13:12:45 ===
{{badmatch,{error,["Message must be non-empty"]}},
 [{cb_tutorial_greeting_controller,create,3,
      [{file,
           "/home/silence/devel/erlang/cb_tutorial/src/controller/cb_tutorial_greeting_controller.erl"},
       {line,12}]},
  {boss_web_controller,execute_action,5,
      [{file,"src/boss/boss_web_controller.erl"},{line,791}]},
  {boss_web_controller,process_dynamic_request,5,
      [{file,"src/boss/boss_web_controller.erl"},{line,534}]},
  {boss_web_controller,process_request,5,
      [{file,"src/boss/boss_web_controller.erl"},{line,523}]},
  {timer,tc,3,[{file,"timer.erl"},{line,194}]},
  {boss_web_controller,build_dynamic_response,4,
      [{file,"src/boss/boss_web_controller.erl"},{line,457}]},
  {mochiweb_http,headers,5,[{file,"src/mochiweb_http.erl"},{line,94}]},
  {proc_lib,init_p_do_apply,3,[{file,"proc_lib.erl"},{line,227}]}]}

=ERROR REPORT==== 13-Mar-2013::13:12:45 ===
POST /greeting/create [cb_tutorial] 500 28ms

=INFO REPORT==== 13-Mar-2013::13:12:58 ===
Loading routes from "/home/silence/devel/erlang/cb_tutorial/priv/cb_tutorial.routes" ....

=ERROR REPORT==== 13-Mar-2013::13:12:58 ===
{{badmatch,{error,["Message must be non-empty"]}},
 [{cb_tutorial_greeting_controller,create,3,
      [{file,
           "/home/silence/devel/erlang/cb_tutorial/src/controller/cb_tutorial_greeting_controller.erl"},
       {line,12}]},
  {boss_web_controller,execute_action,5,
      [{file,"src/boss/boss_web_controller.erl"},{line,791}]},
  {boss_web_controller,process_dynamic_request,5,
      [{file,"src/boss/boss_web_controller.erl"},{line,534}]},
  {boss_web_controller,process_request,5,
      [{file,"src/boss/boss_web_controller.erl"},{line,523}]},
  {timer,tc,3,[{file,"timer.erl"},{line,194}]},
  {boss_web_controller,build_dynamic_response,4,
      [{file,"src/boss/boss_web_controller.erl"},{line,457}]},
  {mochiweb_http,headers,5,[{file,"src/mochiweb_http.erl"},{line,94}]},
  {proc_lib,init_p_do_apply,3,[{file,"proc_lib.erl"},{line,227}]}]}

=ERROR REPORT==== 13-Mar-2013::13:12:58 ===
POST /greeting/create [cb_tutorial] 500 33ms

=INFO REPORT==== 13-Mar-2013::13:29:36 ===
Loading routes from "/home/silence/devel/erlang/cb_tutorial/priv/cb_tutorial.routes" ....

=INFO REPORT==== 13-Mar-2013::13:29:36 ===
GET /greeting/list [cb_tutorial] 200 50ms

=INFO REPORT==== 13-Mar-2013::13:29:39 ===
Loading routes from "/home/silence/devel/erlang/cb_tutorial/priv/cb_tutorial.routes" ....

=INFO REPORT==== 13-Mar-2013::13:29:39 ===
GET /greeting/create [cb_tutorial] 200 54ms

=INFO REPORT==== 13-Mar-2013::13:29:40 ===
Loading routes from "/home/silence/devel/erlang/cb_tutorial/priv/cb_tutorial.routes" ....

=INFO REPORT==== 13-Mar-2013::13:29:40 ===
POST /greeting/create [cb_tutorial] 302 37ms

=INFO REPORT==== 13-Mar-2013::13:29:40 ===
Loading routes from "/home/silence/devel/erlang/cb_tutorial/priv/cb_tutorial.routes" ....

=INFO REPORT==== 13-Mar-2013::13:29:40 ===
GET /greeting/list [cb_tutorial] 200 43ms
