
=INFO REPORT==== 13-Mar-2013::11:17:54 ===
Starting Boss in development mode....

=INFO REPORT==== 13-Mar-2013::11:17:54 ===
Starting master services on cb_tutorial@asskovalev

=INFO REPORT==== 13-Mar-2013::11:17:54 ===
SSL:[]

=INFO REPORT==== 13-Mar-2013::11:17:54 ===
Loading routes from "/home/silence/devel/erlang/cb_tutorial/priv/cb_tutorial.routes" ....

=INFO REPORT==== 13-Mar-2013::11:18:00 ===
Loading routes from "/home/silence/devel/erlang/cb_tutorial/priv/cb_tutorial.routes" ....

=INFO REPORT==== 13-Mar-2013::11:18:00 ===
GET /greeting/hello [cb_tutorial] 200 24ms

=INFO REPORT==== 13-Mar-2013::11:18:03 ===
Loading routes from "/home/silence/devel/erlang/cb_tutorial/priv/cb_tutorial.routes" ....

=INFO REPORT==== 13-Mar-2013::11:18:03 ===
GET /greeting/hello [cb_tutorial] 200 24ms

=INFO REPORT==== 13-Mar-2013::11:19:13 ===
Loading routes from "/home/silence/devel/erlang/cb_tutorial/priv/cb_tutorial.routes" ....

=INFO REPORT==== 13-Mar-2013::11:19:13 ===
GET /greeting/ass [cb_tutorial] 200 21ms

=INFO REPORT==== 13-Mar-2013::11:20:30 ===
Loading routes from "/home/silence/devel/erlang/cb_tutorial/priv/cb_tutorial.routes" ....

=ERROR REPORT==== 13-Mar-2013::11:20:30 ===
{function_clause,
    [{boss_json,json_data1,
         [[["Ass","Boobs"]],[],[{hello,<<"Hello">>}]],
         [{file,"src/boss/boss_json.erl"},{line,23}]},
     {boss_json,encode,2,[{file,"src/boss/boss_json.erl"},{line,9}]},
     {boss_web_controller,process_action_result,5,
         [{file,"src/boss/boss_web_controller.erl"},{line,871}]},
     {boss_web_controller,execute_action,5,
         [{file,"src/boss/boss_web_controller.erl"},{line,802}]},
     {boss_web_controller,process_dynamic_request,5,
         [{file,"src/boss/boss_web_controller.erl"},{line,534}]},
     {boss_web_controller,process_request,5,
         [{file,"src/boss/boss_web_controller.erl"},{line,523}]},
     {timer,tc,3,[{file,"timer.erl"},{line,194}]},
     {boss_web_controller,build_dynamic_response,4,
         [{file,"src/boss/boss_web_controller.erl"},{line,457}]}]}

=ERROR REPORT==== 13-Mar-2013::11:20:30 ===
GET /greeting/ass [cb_tutorial] 500 11ms

=INFO REPORT==== 13-Mar-2013::11:20:59 ===
Loading routes from "/home/silence/devel/erlang/cb_tutorial/priv/cb_tutorial.routes" ....

=ERROR REPORT==== 13-Mar-2013::11:20:59 ===
{function_clause,
    [{boss_json,json_data1,
         ["Ass",[],[]],
         [{file,"src/boss/boss_json.erl"},{line,23}]},
     {lists,map,2,[{file,"lists.erl"},{line,1173}]},
     {boss_json,json_data1,3,[{file,"src/boss/boss_json.erl"},{line,35}]},
     {boss_json,encode,2,[{file,"src/boss/boss_json.erl"},{line,9}]},
     {boss_web_controller,process_action_result,5,
         [{file,"src/boss/boss_web_controller.erl"},{line,871}]},
     {boss_web_controller,execute_action,5,
         [{file,"src/boss/boss_web_controller.erl"},{line,802}]},
     {boss_web_controller,process_dynamic_request,5,
         [{file,"src/boss/boss_web_controller.erl"},{line,534}]},
     {boss_web_controller,process_request,5,
         [{file,"src/boss/boss_web_controller.erl"},{line,523}]}]}

=ERROR REPORT==== 13-Mar-2013::11:20:59 ===
GET /greeting/ass [cb_tutorial] 500 13ms

=INFO REPORT==== 13-Mar-2013::11:21:21 ===
Loading routes from "/home/silence/devel/erlang/cb_tutorial/priv/cb_tutorial.routes" ....

=INFO REPORT==== 13-Mar-2013::11:21:21 ===
GET /greeting/ass [cb_tutorial] 200 11ms

=INFO REPORT==== 13-Mar-2013::11:28:16 ===
Loading routes from "/home/silence/devel/erlang/cb_tutorial/priv/cb_tutorial.routes" ....

=INFO REPORT==== 13-Mar-2013::11:28:16 ===
GET /greeting/ass [cb_tutorial] 200 13ms
