
=INFO REPORT==== 14-Mar-2013::19:20:14 ===
Starting Boss in development mode....

=INFO REPORT==== 14-Mar-2013::19:20:14 ===
Starting master services on cb_tutorial@asskovalev

=INFO REPORT==== 14-Mar-2013::19:20:14 ===
SSL:[]

=INFO REPORT==== 14-Mar-2013::19:20:14 ===
Loading routes from "/home/silence/devel/erlang/cb_tutorial/priv/cb_tutorial.routes" ....

=INFO REPORT==== 14-Mar-2013::19:21:02 ===
Loading routes from "/home/silence/devel/erlang/cb_tutorial/priv/cb_tutorial.routes" ....

=INFO REPORT==== 14-Mar-2013::19:21:02 ===
GET /greeting/live [cb_tutorial] 302 69ms

=INFO REPORT==== 14-Mar-2013::19:21:02 ===
Loading routes from "/home/silence/devel/erlang/cb_tutorial/priv/cb_tutorial.routes" ....

=INFO REPORT==== 14-Mar-2013::19:21:03 ===
GET /member/login [cb_tutorial] 200 83ms

=INFO REPORT==== 14-Mar-2013::19:22:22 ===
Loading routes from "/home/silence/devel/erlang/cb_tutorial/priv/cb_tutorial.routes" ....

=INFO REPORT==== 14-Mar-2013::19:22:22 ===
GET /member/register [cb_tutorial] 200 87ms

=INFO REPORT==== 14-Mar-2013::19:22:36 ===
Loading routes from "/home/silence/devel/erlang/cb_tutorial/priv/cb_tutorial.routes" ....

=INFO REPORT==== 14-Mar-2013::19:22:36 ===
GET /member/login [cb_tutorial] 200 84ms

=INFO REPORT==== 14-Mar-2013::19:22:47 ===
Loading routes from "/home/silence/devel/erlang/cb_tutorial/priv/cb_tutorial.routes" ....

=INFO REPORT==== 14-Mar-2013::19:22:47 ===
GET /member/register [cb_tutorial] 200 84ms

=INFO REPORT==== 14-Mar-2013::19:22:57 ===
Loading routes from "/home/silence/devel/erlang/cb_tutorial/priv/cb_tutorial.routes" ....

=INFO REPORT==== 14-Mar-2013::19:22:57 ===
Loading routes from "/home/silence/devel/erlang/cb_tutorial/priv/cb_tutorial.routes" ....

=INFO REPORT==== 14-Mar-2013::19:22:57 ===
POST /member/register [cb_tutorial] 302 238ms

=INFO REPORT==== 14-Mar-2013::19:22:57 ===
Loading routes from "/home/silence/devel/erlang/cb_tutorial/priv/cb_tutorial.routes" ....

=INFO REPORT==== 14-Mar-2013::19:22:57 ===
POST /member/register [cb_tutorial] 200 287ms

=INFO REPORT==== 14-Mar-2013::19:22:57 ===
GET /greeting/live [cb_tutorial] 200 376ms

=INFO REPORT==== 14-Mar-2013::19:22:58 ===
Loading routes from "/home/silence/devel/erlang/cb_tutorial/priv/cb_tutorial.routes" ....

=INFO REPORT==== 14-Mar-2013::19:23:03 ===
Loading routes from "/home/silence/devel/erlang/cb_tutorial/priv/cb_tutorial.routes" ....

=INFO REPORT==== 14-Mar-2013::19:23:03 ===
POST /member/register [cb_tutorial] 302 76ms

=INFO REPORT==== 14-Mar-2013::19:23:03 ===
Loading routes from "/home/silence/devel/erlang/cb_tutorial/priv/cb_tutorial.routes" ....

=INFO REPORT==== 14-Mar-2013::19:23:03 ===
GET /greeting/live [cb_tutorial] 200 84ms

=INFO REPORT==== 14-Mar-2013::19:23:03 ===
Loading routes from "/home/silence/devel/erlang/cb_tutorial/priv/cb_tutorial.routes" ....

=INFO REPORT==== 14-Mar-2013::19:23:04 ===
Loading routes from "/home/silence/devel/erlang/cb_tutorial/priv/cb_tutorial.routes" ....

=INFO REPORT==== 14-Mar-2013::19:23:07 ===
Loading routes from "/home/silence/devel/erlang/cb_tutorial/priv/cb_tutorial.routes" ....

=INFO REPORT==== 14-Mar-2013::19:23:07 ===
POST /greeting/push [cb_tutorial] 200 91ms

=INFO REPORT==== 14-Mar-2013::19:23:07 ===
GET /greeting/pull/1363274583658679 [cb_tutorial] 200 3401ms

=INFO REPORT==== 14-Mar-2013::19:23:07 ===
Loading routes from "/home/silence/devel/erlang/cb_tutorial/priv/cb_tutorial.routes" ....

=INFO REPORT==== 14-Mar-2013::19:23:07 ===
GET /greeting/pull/1363274577736176 [cb_tutorial] 200 85ms

=INFO REPORT==== 14-Mar-2013::19:23:07 ===
Loading routes from "/home/silence/devel/erlang/cb_tutorial/priv/cb_tutorial.routes" ....

=INFO REPORT==== 14-Mar-2013::19:23:08 ===
Loading routes from "/home/silence/devel/erlang/cb_tutorial/priv/cb_tutorial.routes" ....

=INFO REPORT==== 14-Mar-2013::19:23:11 ===
Loading routes from "/home/silence/devel/erlang/cb_tutorial/priv/cb_tutorial.routes" ....

=INFO REPORT==== 14-Mar-2013::19:23:11 ===
POST /greeting/push [cb_tutorial] 200 77ms

=INFO REPORT==== 14-Mar-2013::19:23:11 ===
GET /greeting/pull/1363274587682924 [cb_tutorial] 200 3509ms

=INFO REPORT==== 14-Mar-2013::19:23:11 ===
Loading routes from "/home/silence/devel/erlang/cb_tutorial/priv/cb_tutorial.routes" ....

=INFO REPORT==== 14-Mar-2013::19:23:11 ===
GET /greeting/pull/1363274587544506 [cb_tutorial] 200 71ms

=INFO REPORT==== 14-Mar-2013::19:23:11 ===
Loading routes from "/home/silence/devel/erlang/cb_tutorial/priv/cb_tutorial.routes" ....

=INFO REPORT==== 14-Mar-2013::19:23:11 ===
Loading routes from "/home/silence/devel/erlang/cb_tutorial/priv/cb_tutorial.routes" ....

=INFO REPORT==== 14-Mar-2013::19:23:13 ===
Loading routes from "/home/silence/devel/erlang/cb_tutorial/priv/cb_tutorial.routes" ....

=INFO REPORT==== 14-Mar-2013::19:23:13 ===
POST /greeting/push [cb_tutorial] 200 72ms

=INFO REPORT==== 14-Mar-2013::19:23:13 ===
GET /greeting/pull/1363274591595094 [cb_tutorial] 200 2061ms

=INFO REPORT==== 14-Mar-2013::19:23:13 ===
Loading routes from "/home/silence/devel/erlang/cb_tutorial/priv/cb_tutorial.routes" ....

=INFO REPORT==== 14-Mar-2013::19:23:14 ===
GET /greeting/pull/1363274591519064 [cb_tutorial] 200 70ms

=INFO REPORT==== 14-Mar-2013::19:23:14 ===
Loading routes from "/home/silence/devel/erlang/cb_tutorial/priv/cb_tutorial.routes" ....

=INFO REPORT==== 14-Mar-2013::19:23:14 ===
Loading routes from "/home/silence/devel/erlang/cb_tutorial/priv/cb_tutorial.routes" ....

=INFO REPORT==== 14-Mar-2013::19:23:21 ===
Loading routes from "/home/silence/devel/erlang/cb_tutorial/priv/cb_tutorial.routes" ....

=INFO REPORT==== 14-Mar-2013::19:23:21 ===
POST /greeting/push [cb_tutorial] 200 99ms

=INFO REPORT==== 14-Mar-2013::19:23:21 ===
GET /greeting/pull/1363274594043987 [cb_tutorial] 200 7491ms

=INFO REPORT==== 14-Mar-2013::19:23:21 ===
Loading routes from "/home/silence/devel/erlang/cb_tutorial/priv/cb_tutorial.routes" ....

=INFO REPORT==== 14-Mar-2013::19:23:21 ===
GET /greeting/pull/1363274593963194 [cb_tutorial] 200 81ms

=INFO REPORT==== 14-Mar-2013::19:23:22 ===
Loading routes from "/home/silence/devel/erlang/cb_tutorial/priv/cb_tutorial.routes" ....

=INFO REPORT==== 14-Mar-2013::19:23:22 ===
Loading routes from "/home/silence/devel/erlang/cb_tutorial/priv/cb_tutorial.routes" ....

=INFO REPORT==== 14-Mar-2013::19:29:08 ===
Loading routes from "/home/silence/devel/erlang/cb_tutorial/priv/cb_tutorial.routes" ....

=INFO REPORT==== 14-Mar-2013::19:29:08 ===
GET /member/logout/cbac04bb6a210433e207beed00762a68 [cb_tutorial] 302 78ms

=INFO REPORT==== 14-Mar-2013::19:29:08 ===
Loading routes from "/home/silence/devel/erlang/cb_tutorial/priv/cb_tutorial.routes" ....

=INFO REPORT==== 14-Mar-2013::19:29:08 ===
GET /greeting/live [cb_tutorial] 302 90ms

=INFO REPORT==== 14-Mar-2013::19:29:08 ===
Loading routes from "/home/silence/devel/erlang/cb_tutorial/priv/cb_tutorial.routes" ....

=INFO REPORT==== 14-Mar-2013::19:29:08 ===
Loading routes from "/home/silence/devel/erlang/cb_tutorial/priv/cb_tutorial.routes" ....

=INFO REPORT==== 14-Mar-2013::19:29:09 ===
GET /member/login [cb_tutorial] 200 576ms

=INFO REPORT==== 14-Mar-2013::19:29:16 ===
Loading routes from "/home/silence/devel/erlang/cb_tutorial/priv/cb_tutorial.routes" ....

=INFO REPORT==== 14-Mar-2013::19:29:16 ===
POST /member/login [cb_tutorial] 302 93ms

=INFO REPORT==== 14-Mar-2013::19:29:16 ===
Loading routes from "/home/silence/devel/erlang/cb_tutorial/priv/cb_tutorial.routes" ....

=INFO REPORT==== 14-Mar-2013::19:29:16 ===
GET /greeting/live [cb_tutorial] 200 96ms

=INFO REPORT==== 14-Mar-2013::19:29:16 ===
Loading routes from "/home/silence/devel/erlang/cb_tutorial/priv/cb_tutorial.routes" ....
