
=INFO REPORT==== 14-Mar-2013::10:24:42 ===
Starting Boss in development mode....

=INFO REPORT==== 14-Mar-2013::10:24:42 ===
Starting master services on cb_tutorial@asskovalev

=INFO REPORT==== 14-Mar-2013::10:24:42 ===
SSL:[]

=INFO REPORT==== 14-Mar-2013::10:24:43 ===
Loading routes from "/home/silence/devel/erlang/cb_tutorial/priv/cb_tutorial.routes" ....

=INFO REPORT==== 14-Mar-2013::10:25:16 ===
Loading routes from "/home/silence/devel/erlang/cb_tutorial/priv/cb_tutorial.routes" ....

=INFO REPORT==== 14-Mar-2013::10:25:16 ===
GET /member/login [cb_tutorial] 200 64ms

=INFO REPORT==== 14-Mar-2013::10:25:27 ===
Loading routes from "/home/silence/devel/erlang/cb_tutorial/priv/cb_tutorial.routes" ....

=INFO REPORT==== 14-Mar-2013::10:25:27 ===
POST /member/login [cb_tutorial] 302 97ms

=INFO REPORT==== 14-Mar-2013::10:25:27 ===
Loading routes from "/home/silence/devel/erlang/cb_tutorial/priv/cb_tutorial.routes" ....

=INFO REPORT==== 14-Mar-2013::10:25:27 ===
GET /greeting/live [cb_tutorial] 200 93ms

=INFO REPORT==== 14-Mar-2013::10:25:28 ===
Loading routes from "/home/silence/devel/erlang/cb_tutorial/priv/cb_tutorial.routes" ....

=INFO REPORT==== 14-Mar-2013::10:26:11 ===
Loading routes from "/home/silence/devel/erlang/cb_tutorial/priv/cb_tutorial.routes" ....

=INFO REPORT==== 14-Mar-2013::10:26:11 ===
GET /member/login [cb_tutorial] 200 73ms

=INFO REPORT==== 14-Mar-2013::10:26:13 ===
Loading routes from "/home/silence/devel/erlang/cb_tutorial/priv/cb_tutorial.routes" ....

=INFO REPORT==== 14-Mar-2013::10:26:13 ===
POST /member/login [cb_tutorial] 200 75ms

=INFO REPORT==== 14-Mar-2013::10:26:13 ===
Loading routes from "/home/silence/devel/erlang/cb_tutorial/priv/cb_tutorial.routes" ....

=INFO REPORT==== 14-Mar-2013::10:26:16 ===
Loading routes from "/home/silence/devel/erlang/cb_tutorial/priv/cb_tutorial.routes" ....

=INFO REPORT==== 14-Mar-2013::10:26:16 ===
POST /member/login [cb_tutorial] 302 67ms

=INFO REPORT==== 14-Mar-2013::10:26:16 ===
Loading routes from "/home/silence/devel/erlang/cb_tutorial/priv/cb_tutorial.routes" ....

=INFO REPORT==== 14-Mar-2013::10:26:16 ===
GET /greeting/live [cb_tutorial] 200 75ms

=INFO REPORT==== 14-Mar-2013::10:26:17 ===
Loading routes from "/home/silence/devel/erlang/cb_tutorial/priv/cb_tutorial.routes" ....

=INFO REPORT==== 14-Mar-2013::10:32:05 ===
Loading routes from "/home/silence/devel/erlang/cb_tutorial/priv/cb_tutorial.routes" ....

=INFO REPORT==== 14-Mar-2013::10:32:05 ===
GET /greeting/live [cb_tutorial] 200 88ms

=INFO REPORT==== 14-Mar-2013::10:32:06 ===
Loading routes from "/home/silence/devel/erlang/cb_tutorial/priv/cb_tutorial.routes" ....

=INFO REPORT==== 14-Mar-2013::10:32:06 ===
Loading routes from "/home/silence/devel/erlang/cb_tutorial/priv/cb_tutorial.routes" ....

=INFO REPORT==== 14-Mar-2013::10:32:07 ===
Loading routes from "/home/silence/devel/erlang/cb_tutorial/priv/cb_tutorial.routes" ....

=INFO REPORT==== 14-Mar-2013::10:32:07 ===
GET /member/login [cb_tutorial] 200 66ms

=INFO REPORT==== 14-Mar-2013::10:32:07 ===
Loading routes from "/home/silence/devel/erlang/cb_tutorial/priv/cb_tutorial.routes" ....

=INFO REPORT==== 14-Mar-2013::10:32:24 ===
Loading routes from "/home/silence/devel/erlang/cb_tutorial/priv/cb_tutorial.routes" ....

=INFO REPORT==== 14-Mar-2013::10:32:24 ===
GET /greeting/live [cb_tutorial] 200 79ms

=INFO REPORT==== 14-Mar-2013::10:32:25 ===
Loading routes from "/home/silence/devel/erlang/cb_tutorial/priv/cb_tutorial.routes" ....

=INFO REPORT==== 14-Mar-2013::10:32:26 ===
Loading routes from "/home/silence/devel/erlang/cb_tutorial/priv/cb_tutorial.routes" ....

=INFO REPORT==== 14-Mar-2013::10:32:26 ===
GET /member/login [cb_tutorial] 200 72ms

=INFO REPORT==== 14-Mar-2013::10:32:28 ===
Loading routes from "/home/silence/devel/erlang/cb_tutorial/priv/cb_tutorial.routes" ....

=INFO REPORT==== 14-Mar-2013::10:32:28 ===
Loading routes from "/home/silence/devel/erlang/cb_tutorial/priv/cb_tutorial.routes" ....

=INFO REPORT==== 14-Mar-2013::10:41:48 ===
Loading routes from "/home/silence/devel/erlang/cb_tutorial/priv/cb_tutorial.routes" ....

=INFO REPORT==== 14-Mar-2013::10:41:48 ===
GET /greeting/pull/1363242744379399 [cb_tutorial] 200 26ms

=INFO REPORT==== 14-Mar-2013::10:42:01 ===
Loading routes from "/home/silence/devel/erlang/cb_tutorial/priv/cb_tutorial.routes" ....

=INFO REPORT==== 14-Mar-2013::10:42:01 ===
GET /greeting/live [cb_tutorial] 200 18ms

=INFO REPORT==== 14-Mar-2013::10:42:24 ===
Loading routes from "/home/silence/devel/erlang/cb_tutorial/priv/cb_tutorial.routes" ....

=ERROR REPORT==== 14-Mar-2013::10:42:24 ===
{undef,[{member,session_id,
                [{member,"member-2","ass.kovalev@gmail.com","Me",
                         "a44173a9f114e7a1274abf0c9d21dd8d"}],
                []},
        {user_lib,require_login,1,
                  [{file,"/home/silence/devel/erlang/cb_tutorial/src/lib/user_lib.erl"},
                   {line,34}]},
        {boss_web_controller,execute_action,5,
                             [{file,"src/boss/boss_web_controller.erl"},
                              {line,775}]},
        {boss_web_controller,process_dynamic_request,5,
                             [{file,"src/boss/boss_web_controller.erl"},
                              {line,534}]},
        {boss_web_controller,process_request,5,
                             [{file,"src/boss/boss_web_controller.erl"},
                              {line,523}]},
        {timer,tc,3,[{file,"timer.erl"},{line,194}]},
        {boss_web_controller,build_dynamic_response,4,
                             [{file,"src/boss/boss_web_controller.erl"},
                              {line,457}]},
        {mochiweb_http,headers,5,[{file,"src/mochiweb_http.erl"},{line,94}]}]}

=ERROR REPORT==== 14-Mar-2013::10:42:24 ===
GET /greeting/live [cb_tutorial] 500 62ms

=INFO REPORT==== 14-Mar-2013::10:42:52 ===
Loading routes from "/home/silence/devel/erlang/cb_tutorial/priv/cb_tutorial.routes" ....

=INFO REPORT==== 14-Mar-2013::10:42:52 ===
GET /greeting/live [cb_tutorial] 302 63ms

=INFO REPORT==== 14-Mar-2013::10:42:52 ===
Loading routes from "/home/silence/devel/erlang/cb_tutorial/priv/cb_tutorial.routes" ....

=INFO REPORT==== 14-Mar-2013::10:42:52 ===
GET /member/login [cb_tutorial] 200 67ms

=INFO REPORT==== 14-Mar-2013::10:43:20 ===
Loading routes from "/home/silence/devel/erlang/cb_tutorial/priv/cb_tutorial.routes" ....

=INFO REPORT==== 14-Mar-2013::10:43:20 ===
POST /member/login [cb_tutorial] 302 69ms

=INFO REPORT==== 14-Mar-2013::10:43:20 ===
Loading routes from "/home/silence/devel/erlang/cb_tutorial/priv/cb_tutorial.routes" ....

=ERROR REPORT==== 14-Mar-2013::10:43:20 ===
{undef,[{member,session_id,
                [{member,"member-2","ass.kovalev@gmail.com","Me",
                         "a44173a9f114e7a1274abf0c9d21dd8d"}],
                []},
        {user_lib,require_login,1,
                  [{file,"/home/silence/devel/erlang/cb_tutorial/src/lib/user_lib.erl"},
                   {line,34}]},
        {boss_web_controller,execute_action,5,
                             [{file,"src/boss/boss_web_controller.erl"},
                              {line,775}]},
        {boss_web_controller,process_dynamic_request,5,
                             [{file,"src/boss/boss_web_controller.erl"},
                              {line,534}]},
        {boss_web_controller,process_request,5,
                             [{file,"src/boss/boss_web_controller.erl"},
                              {line,523}]},
        {timer,tc,3,[{file,"timer.erl"},{line,194}]},
        {boss_web_controller,build_dynamic_response,4,
                             [{file,"src/boss/boss_web_controller.erl"},
                              {line,457}]},
        {mochiweb_http,headers,5,[{file,"src/mochiweb_http.erl"},{line,94}]}]}

=ERROR REPORT==== 14-Mar-2013::10:43:20 ===
GET /greeting/live [cb_tutorial] 500 64ms

=INFO REPORT==== 14-Mar-2013::10:44:53 ===
Loading routes from "/home/silence/devel/erlang/cb_tutorial/priv/cb_tutorial.routes" ....

=INFO REPORT==== 14-Mar-2013::10:44:53 ===
GET /greeting/live [cb_tutorial] 200 73ms

=INFO REPORT==== 14-Mar-2013::10:44:53 ===
Loading routes from "/home/silence/devel/erlang/cb_tutorial/priv/cb_tutorial.routes" ....

=INFO REPORT==== 14-Mar-2013::10:45:01 ===
Loading routes from "/home/silence/devel/erlang/cb_tutorial/priv/cb_tutorial.routes" ....

=INFO REPORT==== 14-Mar-2013::10:45:01 ===
GET /member/login [cb_tutorial] 200 91ms

=INFO REPORT==== 14-Mar-2013::10:45:03 ===
Loading routes from "/home/silence/devel/erlang/cb_tutorial/priv/cb_tutorial.routes" ....

=INFO REPORT==== 14-Mar-2013::10:45:03 ===
Loading routes from "/home/silence/devel/erlang/cb_tutorial/priv/cb_tutorial.routes" ....

=INFO REPORT==== 14-Mar-2013::10:45:13 ===
Loading routes from "/home/silence/devel/erlang/cb_tutorial/priv/cb_tutorial.routes" ....

=INFO REPORT==== 14-Mar-2013::10:45:13 ===
GET /greeting/live [cb_tutorial] 302 71ms

=INFO REPORT==== 14-Mar-2013::10:45:13 ===
Loading routes from "/home/silence/devel/erlang/cb_tutorial/priv/cb_tutorial.routes" ....

=INFO REPORT==== 14-Mar-2013::10:45:13 ===
Loading routes from "/home/silence/devel/erlang/cb_tutorial/priv/cb_tutorial.routes" ....

=INFO REPORT==== 14-Mar-2013::10:45:13 ===
GET /member/login [cb_tutorial] 200 276ms

=INFO REPORT==== 14-Mar-2013::10:45:24 ===
Loading routes from "/home/silence/devel/erlang/cb_tutorial/priv/cb_tutorial.routes" ....

=INFO REPORT==== 14-Mar-2013::10:45:24 ===
POST /member/login [cb_tutorial] 200 74ms

=INFO REPORT==== 14-Mar-2013::10:45:35 ===
Loading routes from "/home/silence/devel/erlang/cb_tutorial/priv/cb_tutorial.routes" ....

=INFO REPORT==== 14-Mar-2013::10:45:35 ===
POST /member/login [cb_tutorial] 302 68ms

=INFO REPORT==== 14-Mar-2013::10:45:35 ===
Loading routes from "/home/silence/devel/erlang/cb_tutorial/priv/cb_tutorial.routes" ....

=INFO REPORT==== 14-Mar-2013::10:45:35 ===
GET /greeting/live [cb_tutorial] 200 73ms

=INFO REPORT==== 14-Mar-2013::10:45:35 ===
Loading routes from "/home/silence/devel/erlang/cb_tutorial/priv/cb_tutorial.routes" ....

=INFO REPORT==== 14-Mar-2013::10:52:44 ===
Loading routes from "/home/silence/devel/erlang/cb_tutorial/priv/cb_tutorial.routes" ....

=INFO REPORT==== 14-Mar-2013::10:52:44 ===
GET /greeting/live [cb_tutorial] 302 80ms

=INFO REPORT==== 14-Mar-2013::10:52:44 ===
Loading routes from "/home/silence/devel/erlang/cb_tutorial/priv/cb_tutorial.routes" ....

=INFO REPORT==== 14-Mar-2013::10:52:44 ===
GET /member/login [cb_tutorial] 200 79ms

=INFO REPORT==== 14-Mar-2013::10:52:44 ===
Loading routes from "/home/silence/devel/erlang/cb_tutorial/priv/cb_tutorial.routes" ....

=INFO REPORT==== 14-Mar-2013::10:53:01 ===
Loading routes from "/home/silence/devel/erlang/cb_tutorial/priv/cb_tutorial.routes" ....

=INFO REPORT==== 14-Mar-2013::10:53:01 ===
POST /member/login [cb_tutorial] 302 73ms

=INFO REPORT==== 14-Mar-2013::10:53:01 ===
Loading routes from "/home/silence/devel/erlang/cb_tutorial/priv/cb_tutorial.routes" ....

=INFO REPORT==== 14-Mar-2013::10:53:02 ===
GET /greeting/live [cb_tutorial] 200 107ms

=INFO REPORT==== 14-Mar-2013::10:53:02 ===
Loading routes from "/home/silence/devel/erlang/cb_tutorial/priv/cb_tutorial.routes" ....

=INFO REPORT==== 14-Mar-2013::10:54:13 ===
Loading routes from "/home/silence/devel/erlang/cb_tutorial/priv/cb_tutorial.routes" ....

=INFO REPORT==== 14-Mar-2013::10:54:13 ===
GET /greeting/live [cb_tutorial] 200 117ms

=INFO REPORT==== 14-Mar-2013::10:54:13 ===
Loading routes from "/home/silence/devel/erlang/cb_tutorial/priv/cb_tutorial.routes" ....

=INFO REPORT==== 14-Mar-2013::10:54:14 ===
Loading routes from "/home/silence/devel/erlang/cb_tutorial/priv/cb_tutorial.routes" ....

=INFO REPORT==== 14-Mar-2013::10:54:34 ===
Loading routes from "/home/silence/devel/erlang/cb_tutorial/priv/cb_tutorial.routes" ....

=INFO REPORT==== 14-Mar-2013::10:54:34 ===
GET /greeting/live [cb_tutorial] 200 86ms

=INFO REPORT==== 14-Mar-2013::10:54:34 ===
Loading routes from "/home/silence/devel/erlang/cb_tutorial/priv/cb_tutorial.routes" ....

=INFO REPORT==== 14-Mar-2013::10:54:34 ===
Loading routes from "/home/silence/devel/erlang/cb_tutorial/priv/cb_tutorial.routes" ....

=INFO REPORT==== 14-Mar-2013::10:54:36 ===
Loading routes from "/home/silence/devel/erlang/cb_tutorial/priv/cb_tutorial.routes" ....

=INFO REPORT==== 14-Mar-2013::10:54:36 ===
GET /greeting/live [cb_tutorial] 200 66ms

=INFO REPORT==== 14-Mar-2013::10:54:37 ===
Loading routes from "/home/silence/devel/erlang/cb_tutorial/priv/cb_tutorial.routes" ....

=INFO REPORT==== 14-Mar-2013::10:54:37 ===
Loading routes from "/home/silence/devel/erlang/cb_tutorial/priv/cb_tutorial.routes" ....

=INFO REPORT==== 14-Mar-2013::10:55:04 ===
Loading routes from "/home/silence/devel/erlang/cb_tutorial/priv/cb_tutorial.routes" ....

=INFO REPORT==== 14-Mar-2013::10:55:04 ===
GET /greeting/live [cb_tutorial] 200 93ms

=INFO REPORT==== 14-Mar-2013::10:55:04 ===
Loading routes from "/home/silence/devel/erlang/cb_tutorial/priv/cb_tutorial.routes" ....

=INFO REPORT==== 14-Mar-2013::10:55:05 ===
Loading routes from "/home/silence/devel/erlang/cb_tutorial/priv/cb_tutorial.routes" ....

=INFO REPORT==== 14-Mar-2013::10:55:08 ===
Loading routes from "/home/silence/devel/erlang/cb_tutorial/priv/cb_tutorial.routes" ....

=INFO REPORT==== 14-Mar-2013::10:55:08 ===
GET /greeting/live [cb_tutorial] 200 81ms

=INFO REPORT==== 14-Mar-2013::10:55:08 ===
Loading routes from "/home/silence/devel/erlang/cb_tutorial/priv/cb_tutorial.routes" ....

=INFO REPORT==== 14-Mar-2013::10:55:08 ===
Loading routes from "/home/silence/devel/erlang/cb_tutorial/priv/cb_tutorial.routes" ....

=INFO REPORT==== 14-Mar-2013::11:00:14 ===
GET /doc/greeting [cb_tutorial] 200 99ms

=ERROR REPORT==== 14-Mar-2013::11:00:14 ===
GET /doc/stylesheet.css [cb_tutorial] 404 0ms

=ERROR REPORT==== 14-Mar-2013::11:00:14 ===
GET /doc/erlang.png [cb_tutorial] 404 0ms

=INFO REPORT==== 14-Mar-2013::11:05:30 ===
Loading routes from "/home/silence/devel/erlang/cb_tutorial/priv/cb_tutorial.routes" ....

=INFO REPORT==== 14-Mar-2013::11:05:47 ===
Loading routes from "/home/silence/devel/erlang/cb_tutorial/priv/cb_tutorial.routes" ....

=INFO REPORT==== 14-Mar-2013::11:05:47 ===
GET /greeting/live [cb_tutorial] 200 69ms

=INFO REPORT==== 14-Mar-2013::11:05:48 ===
Loading routes from "/home/silence/devel/erlang/cb_tutorial/priv/cb_tutorial.routes" ....

=INFO REPORT==== 14-Mar-2013::11:19:58 ===
Loading routes from "/home/silence/devel/erlang/cb_tutorial/priv/cb_tutorial.routes" ....

=INFO REPORT==== 14-Mar-2013::11:19:58 ===
GET /greeting/live [cb_tutorial] 200 91ms

=INFO REPORT==== 14-Mar-2013::11:19:59 ===
Loading routes from "/home/silence/devel/erlang/cb_tutorial/priv/cb_tutorial.routes" ....

=INFO REPORT==== 14-Mar-2013::11:19:59 ===
Loading routes from "/home/silence/devel/erlang/cb_tutorial/priv/cb_tutorial.routes" ....

=INFO REPORT==== 14-Mar-2013::11:20:04 ===
Loading routes from "/home/silence/devel/erlang/cb_tutorial/priv/cb_tutorial.routes" ....

=INFO REPORT==== 14-Mar-2013::11:20:04 ===
POST /greeting/push [cb_tutorial] 200 84ms

=INFO REPORT==== 14-Mar-2013::11:20:04 ===
GET /greeting/pull/1363244747691733 [cb_tutorial] 200 4788ms

=INFO REPORT==== 14-Mar-2013::11:20:04 ===
Loading routes from "/home/silence/devel/erlang/cb_tutorial/priv/cb_tutorial.routes" ....

=INFO REPORT==== 14-Mar-2013::11:20:04 ===
GET /greeting/pull/1363245598959254 [cb_tutorial] 200 75ms

=INFO REPORT==== 14-Mar-2013::11:20:04 ===
Loading routes from "/home/silence/devel/erlang/cb_tutorial/priv/cb_tutorial.routes" ....

=INFO REPORT==== 14-Mar-2013::11:20:09 ===
Loading routes from "/home/silence/devel/erlang/cb_tutorial/priv/cb_tutorial.routes" ....

=INFO REPORT==== 14-Mar-2013::11:20:09 ===
POST /greeting/push [cb_tutorial] 200 81ms

=INFO REPORT==== 14-Mar-2013::11:20:09 ===
GET /greeting/pull/1363245604232841 [cb_tutorial] 200 4619ms

=INFO REPORT==== 14-Mar-2013::11:20:09 ===
Loading routes from "/home/silence/devel/erlang/cb_tutorial/priv/cb_tutorial.routes" ....

=INFO REPORT==== 14-Mar-2013::11:20:16 ===
Loading routes from "/home/silence/devel/erlang/cb_tutorial/priv/cb_tutorial.routes" ....

=INFO REPORT==== 14-Mar-2013::11:20:16 ===
POST /greeting/push [cb_tutorial] 200 72ms

=INFO REPORT==== 14-Mar-2013::11:20:16 ===
GET /greeting/pull/1363245609174887 [cb_tutorial] 200 6944ms

=INFO REPORT==== 14-Mar-2013::11:20:16 ===
Loading routes from "/home/silence/devel/erlang/cb_tutorial/priv/cb_tutorial.routes" ....

=INFO REPORT==== 14-Mar-2013::11:20:26 ===
Loading routes from "/home/silence/devel/erlang/cb_tutorial/priv/cb_tutorial.routes" ....

=ERROR REPORT==== 14-Mar-2013::11:20:26 ===
GET /member/logout [cb_tutorial] 404 91ms

=INFO REPORT==== 14-Mar-2013::11:20:28 ===
Loading routes from "/home/silence/devel/erlang/cb_tutorial/priv/cb_tutorial.routes" ....

=INFO REPORT==== 14-Mar-2013::11:20:28 ===
GET /greeting/pull/1363245604232841 [cb_tutorial] 200 96ms

=INFO REPORT==== 14-Mar-2013::11:20:28 ===
Loading routes from "/home/silence/devel/erlang/cb_tutorial/priv/cb_tutorial.routes" ....

=INFO REPORT==== 14-Mar-2013::11:20:29 ===
Loading routes from "/home/silence/devel/erlang/cb_tutorial/priv/cb_tutorial.routes" ....

=INFO REPORT==== 14-Mar-2013::11:20:35 ===
Loading routes from "/home/silence/devel/erlang/cb_tutorial/priv/cb_tutorial.routes" ....

=INFO REPORT==== 14-Mar-2013::11:20:35 ===
GET /greeting/pull/1363245604232841 [cb_tutorial] 200 70ms

=INFO REPORT==== 14-Mar-2013::11:20:36 ===
Loading routes from "/home/silence/devel/erlang/cb_tutorial/priv/cb_tutorial.routes" ....

=INFO REPORT==== 14-Mar-2013::11:20:36 ===
Loading routes from "/home/silence/devel/erlang/cb_tutorial/priv/cb_tutorial.routes" ....

=INFO REPORT==== 14-Mar-2013::11:20:40 ===
Loading routes from "/home/silence/devel/erlang/cb_tutorial/priv/cb_tutorial.routes" ....

=INFO REPORT==== 14-Mar-2013::11:20:40 ===
GET /greeting/live [cb_tutorial] 200 86ms

=INFO REPORT==== 14-Mar-2013::11:20:40 ===
Loading routes from "/home/silence/devel/erlang/cb_tutorial/priv/cb_tutorial.routes" ....

=INFO REPORT==== 14-Mar-2013::11:20:40 ===
Loading routes from "/home/silence/devel/erlang/cb_tutorial/priv/cb_tutorial.routes" ....

=INFO REPORT==== 14-Mar-2013::11:20:42 ===
Loading routes from "/home/silence/devel/erlang/cb_tutorial/priv/cb_tutorial.routes" ....

=INFO REPORT==== 14-Mar-2013::11:20:42 ===
GET /greeting/live [cb_tutorial] 200 87ms

=INFO REPORT==== 14-Mar-2013::11:20:42 ===
Loading routes from "/home/silence/devel/erlang/cb_tutorial/priv/cb_tutorial.routes" ....

=INFO REPORT==== 14-Mar-2013::11:20:42 ===
Loading routes from "/home/silence/devel/erlang/cb_tutorial/priv/cb_tutorial.routes" ....

=INFO REPORT==== 14-Mar-2013::11:20:43 ===
Loading routes from "/home/silence/devel/erlang/cb_tutorial/priv/cb_tutorial.routes" ....

=INFO REPORT==== 14-Mar-2013::11:20:43 ===
GET /greeting/live [cb_tutorial] 200 83ms

=INFO REPORT==== 14-Mar-2013::11:20:43 ===
Loading routes from "/home/silence/devel/erlang/cb_tutorial/priv/cb_tutorial.routes" ....

=INFO REPORT==== 14-Mar-2013::11:20:43 ===
Loading routes from "/home/silence/devel/erlang/cb_tutorial/priv/cb_tutorial.routes" ....

=INFO REPORT==== 14-Mar-2013::11:20:45 ===
Loading routes from "/home/silence/devel/erlang/cb_tutorial/priv/cb_tutorial.routes" ....

=INFO REPORT==== 14-Mar-2013::11:20:45 ===
POST /greeting/push [cb_tutorial] 200 76ms

=INFO REPORT==== 14-Mar-2013::11:20:45 ===
GET /greeting/pull/1363245643532612 [cb_tutorial] 200 1589ms

=INFO REPORT==== 14-Mar-2013::11:20:45 ===
Loading routes from "/home/silence/devel/erlang/cb_tutorial/priv/cb_tutorial.routes" ....

=INFO REPORT==== 14-Mar-2013::11:20:48 ===
Loading routes from "/home/silence/devel/erlang/cb_tutorial/priv/cb_tutorial.routes" ....

=INFO REPORT==== 14-Mar-2013::11:20:48 ===
POST /greeting/push [cb_tutorial] 200 68ms

=INFO REPORT==== 14-Mar-2013::11:20:48 ===
GET /greeting/pull/1363245645335418 [cb_tutorial] 200 2862ms

=INFO REPORT==== 14-Mar-2013::11:20:48 ===
Loading routes from "/home/silence/devel/erlang/cb_tutorial/priv/cb_tutorial.routes" ....

=INFO REPORT==== 14-Mar-2013::11:20:49 ===
Loading routes from "/home/silence/devel/erlang/cb_tutorial/priv/cb_tutorial.routes" ....

=INFO REPORT==== 14-Mar-2013::11:20:50 ===
GET /greeting/live [cb_tutorial] 200 70ms

=INFO REPORT==== 14-Mar-2013::11:20:50 ===
Loading routes from "/home/silence/devel/erlang/cb_tutorial/priv/cb_tutorial.routes" ....

=INFO REPORT==== 14-Mar-2013::11:20:50 ===
Loading routes from "/home/silence/devel/erlang/cb_tutorial/priv/cb_tutorial.routes" ....

=INFO REPORT==== 14-Mar-2013::11:20:51 ===
Loading routes from "/home/silence/devel/erlang/cb_tutorial/priv/cb_tutorial.routes" ....

=INFO REPORT==== 14-Mar-2013::11:20:51 ===
GET /greeting/live [cb_tutorial] 200 77ms

=INFO REPORT==== 14-Mar-2013::11:20:51 ===
Loading routes from "/home/silence/devel/erlang/cb_tutorial/priv/cb_tutorial.routes" ....

=INFO REPORT==== 14-Mar-2013::11:20:51 ===
Loading routes from "/home/silence/devel/erlang/cb_tutorial/priv/cb_tutorial.routes" ....

=INFO REPORT==== 14-Mar-2013::11:21:48 ===
Loading routes from "/home/silence/devel/erlang/cb_tutorial/priv/cb_tutorial.routes" ....

=INFO REPORT==== 14-Mar-2013::11:21:48 ===
GET /greeting/live [cb_tutorial] 200 95ms

=INFO REPORT==== 14-Mar-2013::11:21:48 ===
Loading routes from "/home/silence/devel/erlang/cb_tutorial/priv/cb_tutorial.routes" ....

=INFO REPORT==== 14-Mar-2013::11:21:48 ===
Loading routes from "/home/silence/devel/erlang/cb_tutorial/priv/cb_tutorial.routes" ....
